Log file open, 04/29/22 19:07:21
LogWindows: Failed to load 'aqProf.dll' (GetLastError=126)
LogWindows: File 'aqProf.dll' does not exist
LogWindows: Failed to load 'VtuneApi.dll' (GetLastError=126)
LogWindows: File 'VtuneApi.dll' does not exist
LogWindows: Failed to load 'VtuneApi32e.dll' (GetLastError=126)
LogWindows: File 'VtuneApi32e.dll' does not exist
LogConsoleResponse: Display: Failed to find resolution value strings in scalability ini. Falling back to default.
LogConsoleResponse: Display: Failed to find resolution value strings in scalability ini. Falling back to default.
LogInit: Display: Running engine for game: MyProject6
LogPlatformFile: Not using cached read wrapper
LogTaskGraph: Started task graph with 5 named threads and 23 total threads with 3 sets of task threads.
LogStats: Stats thread started at 0.237254
LogICUInternationalization: ICU TimeZone Detection - Raw Offset: +1:00, Platform Override: ''
LogInit: Display: Loading text-based GConfig....
LogPluginManager: Mounting plugin MeshPainting
LogPluginManager: Mounting plugin XGEController
LogPluginManager: Mounting plugin Paper2D
LogPluginManager: Mounting plugin LiveLink
LogPluginManager: Mounting plugin LightPropagationVolume
LogPluginManager: Mounting plugin EnvironmentQueryEditor
LogPluginManager: Mounting plugin CameraShakePreviewer
LogPluginManager: Mounting plugin AISupport
LogPluginManager: Mounting plugin GameplayCameras
LogPluginManager: Mounting plugin AnimationSharing
LogPluginManager: Mounting plugin CLionSourceCodeAccess
LogPluginManager: Mounting plugin OodleData
LogPluginManager: Mounting plugin OodleNetwork
LogPluginManager: Mounting plugin KDevelopSourceCodeAccess
LogPluginManager: Mounting plugin GitSourceControl
LogPluginManager: Mounting plugin NullSourceCodeAccess
LogPluginManager: Mounting plugin CodeLiteSourceCodeAccess
LogPluginManager: Mounting plugin PlasticSourceControl
LogPluginManager: Mounting plugin PixWinPlugin
LogPluginManager: Mounting plugin PropertyAccessNode
LogPluginManager: Mounting plugin PluginUtils
LogPluginManager: Mounting plugin PerforceSourceControl
LogPluginManager: Mounting plugin RiderSourceCodeAccess
LogPluginManager: Mounting plugin TextureFormatOodle
LogPluginManager: Mounting plugin SubversionSourceControl
LogPluginManager: Mounting plugin VisualStudioCodeSourceCodeAccess
LogPluginManager: Mounting plugin VisualStudioSourceCodeAccess
LogPluginManager: Mounting plugin AlembicImporter
LogPluginManager: Mounting plugin UObjectPlugin
LogPluginManager: Mounting plugin XCodeSourceCodeAccess
LogPluginManager: Mounting plugin AutomationUtils
LogPluginManager: Mounting plugin BackChannel
LogPluginManager: Mounting plugin ChaosCloth
LogPluginManager: Mounting plugin ChaosClothEditor
LogPluginManager: Mounting plugin ChaosNiagara
LogPluginManager: Mounting plugin ChaosEditor
LogPluginManager: Mounting plugin ChaosSolverPlugin
LogPluginManager: Mounting plugin CharacterAI
LogPluginManager: Mounting plugin GeometryCache
LogPluginManager: Mounting plugin GeometryCollectionPlugin
LogPluginManager: Mounting plugin GeometryProcessing
LogPluginManager: Mounting plugin MotoSynth
LogPluginManager: Mounting plugin OpenImageDenoise
LogPluginManager: Mounting plugin PlanarCut
LogPluginManager: Mounting plugin PlatformCrypto
LogPluginManager: Mounting plugin ProxyLODPlugin
LogPluginManager: Mounting plugin PythonScriptPlugin
LogPluginManager: Mounting plugin SkeletalReduction
LogPluginManager: Mounting plugin Niagara
LogPluginManager: Mounting plugin LuminPlatformFeatures
LogPluginManager: Mounting plugin MagicLeap
LogPluginManager: Mounting plugin MagicLeapLightEstimation
LogPluginManager: Mounting plugin MagicLeapPassableWorld
LogPluginManager: Mounting plugin MagicLeapMedia
LogPluginManager: Mounting plugin MLSDK
LogPluginManager: Mounting plugin AsyncLoadingScreen
LogPluginManager: Mounting plugin AssetManagerEditor
LogPluginManager: Mounting plugin CurveEditorTools
LogPluginManager: Mounting plugin DataValidation
LogPluginManager: Mounting plugin CryptoKeys
LogPluginManager: Mounting plugin FacialAnimation
LogPluginManager: Mounting plugin GeometryMode
LogPluginManager: Mounting plugin GameplayTagsEditor
LogPluginManager: Mounting plugin MacGraphicsSwitching
LogPluginManager: Mounting plugin MaterialAnalyzer
LogPluginManager: Mounting plugin MobileLauncherProfileWizard
LogPluginManager: Mounting plugin SpeedTreeImporter
LogPluginManager: Mounting plugin PluginBrowser
LogPluginManager: Mounting plugin DatasmithContent
LogPluginManager: Mounting plugin VariantManagerContent
LogPluginManager: Mounting plugin AndroidMedia
LogPluginManager: Mounting plugin AvfMedia
LogPluginManager: Mounting plugin ImgMedia
LogPluginManager: Mounting plugin MediaCompositing
LogPluginManager: Mounting plugin MediaPlayerEditor
LogPluginManager: Mounting plugin WebMMedia
LogPluginManager: Mounting plugin WmfMedia
LogPluginManager: Mounting plugin TcpMessaging
LogPluginManager: Mounting plugin UdpMessaging
LogPluginManager: Mounting plugin ActorSequence
LogPluginManager: Mounting plugin LevelSequenceEditor
LogPluginManager: Mounting plugin MatineeToLevelSequence
LogPluginManager: Mounting plugin TemplateSequence
LogPluginManager: Mounting plugin LauncherChunkInstaller
LogPluginManager: Mounting plugin OnlineSubsystem
LogPluginManager: Mounting plugin OnlineSubsystemNull
LogPluginManager: Mounting plugin OnlineSubsystemUtils
LogPluginManager: Mounting plugin ActorLayerUtilities
LogPluginManager: Mounting plugin AndroidDeviceProfileSelector
LogPluginManager: Mounting plugin AndroidMoviePlayer
LogPluginManager: Mounting plugin AndroidPermission
LogPluginManager: Mounting plugin AppleImageUtils
LogPluginManager: Mounting plugin AppleMoviePlayer
LogPluginManager: Mounting plugin ArchVisCharacter
LogPluginManager: Mounting plugin AssetTags
LogPluginManager: Mounting plugin AudioCapture
LogPluginManager: Mounting plugin AudioSynesthesia
LogPluginManager: Mounting plugin CableComponent
LogPluginManager: Mounting plugin ChunkDownloader
LogPluginManager: Mounting plugin CustomMeshComponent
LogPluginManager: Mounting plugin ExampleDeviceProfileSelector
LogPluginManager: Mounting plugin EditableMesh
LogPluginManager: Mounting plugin GooglePAD
LogPluginManager: Mounting plugin GoogleCloudMessaging
LogPluginManager: Mounting plugin IOSDeviceProfileSelector
LogPluginManager: Mounting plugin LinuxDeviceProfileSelector
LogPluginManager: Mounting plugin LocationServicesBPLibrary
LogPluginManager: Mounting plugin MobilePatchingUtils
LogPluginManager: Mounting plugin OpenXR
LogPluginManager: Mounting plugin OpenXREyeTracker
LogPluginManager: Mounting plugin OpenXRHandTracking
LogPluginManager: Mounting plugin PhysXVehicles
LogPluginManager: Mounting plugin PostSplashScreen
LogPluginManager: Mounting plugin ProceduralMeshComponent
LogPluginManager: Mounting plugin PropertyAccessEditor
LogPluginManager: Mounting plugin RuntimePhysXCooking
LogPluginManager: Mounting plugin SignificanceManager
LogPluginManager: Mounting plugin SoundFields
LogPluginManager: Mounting plugin Synthesis
LogPluginManager: Mounting plugin WebMMoviePlayer
LogPluginManager: Mounting plugin WindowsMoviePlayer
LogPluginManager: Mounting plugin ScreenshotTools
LogPluginManager: Mounting plugin Takes
LogPluginManager: Mounting plugin ContentBrowserAssetDataSource
LogPluginManager: Mounting plugin ContentBrowserClassDataSource
LogPluginManager: Mounting plugin ContentBrowserFileDataSource
LogPluginManager: Mounting plugin OnlineSubsystemGooglePlay
LogPluginManager: Mounting plugin OnlineSubsystemIOS
LogPluginManager: Mounting plugin OculusVR
LogPluginManager: Mounting plugin SteamVR
PixWinPlugin: PIX capture plugin failed to initialize! Check that the process is launched from PIX.
LogInit: Using libcurl 7.55.1-DEV
LogInit:  - built for x86_64-pc-win32
LogInit:  - supports SSL with OpenSSL/1.1.1
LogInit:  - supports HTTP deflate (compression) using libz 1.2.8
LogInit:  - other features:
LogInit:      CURL_VERSION_SSL
LogInit:      CURL_VERSION_LIBZ
LogInit:      CURL_VERSION_IPV6
LogInit:      CURL_VERSION_ASYNCHDNS
LogInit:      CURL_VERSION_LARGEFILE
LogInit:      CURL_VERSION_IDN
LogInit:  CurlRequestOptions (configurable via config and command line):
LogInit:  - bVerifyPeer = true  - Libcurl will verify peer certificate
LogInit:  - bUseHttpProxy = false  - Libcurl will NOT use HTTP proxy
LogInit:  - bDontReuseConnections = false  - Libcurl will reuse connections
LogInit:  - MaxHostConnections = 16  - Libcurl will limit the number of connections to a host
LogInit:  - LocalHostAddr = Default
LogInit:  - BufferSize = 65536
LogOnline: OSS: Creating online subsystem instance for: NULL
LogInit: WinSock: version 1.1 (2.2), MaxSocks=32767, MaxUdp=65467
LogOnline: OSS: TryLoadSubsystemAndSetDefault: Loaded subsystem for module [NULL]
LogOculusPluginWrapper: OculusPlugin initialized successfully
LogHMD: Failed initializing OVRPlugin 1.59.0
LogInit: Build: ++UE4+Release-4.27-CL-18319896
LogInit: Engine Version: 4.27.2-18319896+++UE4+Release-4.27
LogInit: Compatible Engine Version: 4.27.0-17155196+++UE4+Release-4.27
LogInit: Net CL: 17155196
LogInit: OS: Windows 10 (Release 2009) (), CPU: Intel(R) Core(TM) i7-6700K CPU @ 4.00GHz, GPU: NVIDIA GeForce GTX 1080
LogInit: Compiled (64-bit): Nov 30 2021 07:12:08
LogInit: Compiled with Visual C++: 19.24.28315.00
LogInit: Build Configuration: Development
LogInit: Branch Name: ++UE4+Release-4.27
LogInit: Command Line:  /Game/Maps/Level_MenuPrincipal -game -PIEVIACONSOLE -Multiprocess GameUserSettingsINI=C:/Users/Llorenç/Desktop/wetransfer_pakaro_2022-04-26_1655/MyProject6/Saved/Config/Windows/PIEGameUserSettings0.ini -MultiprocessSaveConfig -forcepassthrough -messaging -SessionName="Play in Standalone Game" -windowed -WinX=0 -WinY=24 SAVEWINPOS=1 -ResX=1910 -ResY=1006
LogInit: Base Directory: D:/PROGRAMES/Unreal/UE_4.27/Engine/Binaries/Win64/
LogInit: Allocator: TBB
LogInit: Installed Engine Build: 1
LogDevObjectVersion: Number of dev versions registered: 29
LogDevObjectVersion:   Dev-Blueprints (B0D832E4-1F89-4F0D-ACCF-7EB736FD4AA2): 10
LogDevObjectVersion:   Dev-Build (E1C64328-A22C-4D53-A36C-8E866417BD8C): 0
LogDevObjectVersion:   Dev-Core (375EC13C-06E4-48FB-B500-84F0262A717E): 4
LogDevObjectVersion:   Dev-Editor (E4B068ED-F494-42E9-A231-DA0B2E46BB41): 40
LogDevObjectVersion:   Dev-Framework (CFFC743F-43B0-4480-9391-14DF171D2073): 37
LogDevObjectVersion:   Dev-Mobile (B02B49B5-BB20-44E9-A304-32B752E40360): 3
LogDevObjectVersion:   Dev-Networking (A4E4105C-59A1-49B5-A7C5-40C4547EDFEE): 0
LogDevObjectVersion:   Dev-Online (39C831C9-5AE6-47DC-9A44-9C173E1C8E7C): 0
LogDevObjectVersion:   Dev-Physics (78F01B33-EBEA-4F98-B9B4-84EACCB95AA2): 14
LogDevObjectVersion:   Dev-Platform (6631380F-2D4D-43E0-8009-CF276956A95A): 0
LogDevObjectVersion:   Dev-Rendering (12F88B9F-8875-4AFC-A67C-D90C383ABD29): 45
LogDevObjectVersion:   Dev-Sequencer (7B5AE74C-D270-4C10-A958-57980B212A5A): 13
LogDevObjectVersion:   Dev-VR (D7296918-1DD6-4BDD-9DE2-64A83CC13884): 3
LogDevObjectVersion:   Dev-LoadTimes (C2A15278-BFE7-4AFE-6C17-90FF531DF755): 1
LogDevObjectVersion:   Private-Geometry (6EACA3D4-40EC-4CC1-B786-8BED09428FC5): 3
LogDevObjectVersion:   Dev-AnimPhys (29E575DD-E0A3-4627-9D10-D276232CDCEA): 17
LogDevObjectVersion:   Dev-Anim (AF43A65D-7FD3-4947-9873-3E8ED9C1BB05): 15
LogDevObjectVersion:   Dev-ReflectionCapture (6B266CEC-1EC7-4B8F-A30B-E4D90942FC07): 1
LogDevObjectVersion:   Dev-Automation (0DF73D61-A23F-47EA-B727-89E90C41499A): 1
LogDevObjectVersion:   FortniteMain (601D1886-AC64-4F84-AA16-D3DE0DEAC7D6): 47
LogDevObjectVersion:   FortniteRelease (E7086368-6B23-4C58-8439-1B7016265E91): 1
LogDevObjectVersion:   Dev-Enterprise (9DFFBCD6-494F-0158-E221-12823C92A888): 10
LogDevObjectVersion:   Dev-Niagara (F2AED0AC-9AFE-416F-8664-AA7FFA26D6FC): 1
LogDevObjectVersion:   Dev-Destruction (174F1F0B-B4C6-45A5-B13F-2EE8D0FB917D): 10
LogDevObjectVersion:   Dev-Physics-Ext (35F94A83-E258-406C-A318-09F59610247C): 41
LogDevObjectVersion:   Dev-PhysicsMaterial-Chaos (B68FC16E-8B1B-42E2-B453-215C058844FE): 1
LogDevObjectVersion:   Dev-CineCamera (B2E18506-4273-CFC2-A54E-F4BB758BBA07): 1
LogDevObjectVersion:   Dev-VirtualProduction (64F58936-FD1B-42BA-BA96-7289D5D0FA4E): 1
LogDevObjectVersion:   Dev-MediaFramework (6F0ED827-A609-4895-9C91-998D90180EA4): 2
LogInit: Presizing for max 25165824 objects, including 0 objects not considered by GC, pre-allocating 0 bytes for permanent pool.
LogConfig: Applying CVar settings from Section [/Script/Engine.StreamingSettings] File [C:/Users/Llorenç/Desktop/wetransfer_pakaro_2022-04-26_1655/MyProject6/Saved/Config/Windows/Engine.ini]
LogConfig: Setting CVar [[s.MinBulkDataSizeForAsyncLoading:131072]]
LogConfig: Setting CVar [[s.AsyncLoadingThreadEnabled:0]]
LogConfig: Setting CVar [[s.EventDrivenLoaderEnabled:1]]
LogConfig: Setting CVar [[s.WarnIfTimeLimitExceeded:0]]
LogConfig: Setting CVar [[s.TimeLimitExceededMultiplier:1.5]]
LogConfig: Setting CVar [[s.TimeLimitExceededMinTime:0.005]]
LogConfig: Setting CVar [[s.UseBackgroundLevelStreaming:1]]
LogConfig: Setting CVar [[s.PriorityAsyncLoadingExtraTime:15.0]]
LogConfig: Setting CVar [[s.LevelStreamingActorsUpdateTimeLimit:5.0]]
LogConfig: Setting CVar [[s.PriorityLevelStreamingActorsUpdateExtraTime:5.0]]
LogConfig: Setting CVar [[s.LevelStreamingComponentsRegistrationGranularity:10]]
LogConfig: Setting CVar [[s.UnregisterComponentsTimeLimit:1.0]]
LogConfig: Setting CVar [[s.LevelStreamingComponentsUnregistrationGranularity:5]]
LogConfig: Setting CVar [[s.FlushStreamingOnExit:1]]
LogInit: Object subsystem initialized
LogConfig: Setting CVar [[con.DebugEarlyDefault:1]]
LogConfig: Setting CVar [[r.setres:1280x720]]
[2022.04.29-17.07.22:229][  0]LogConfig: Setting CVar [[con.DebugEarlyDefault:1]]
[2022.04.29-17.07.22:229][  0]LogConfig: Setting CVar [[r.setres:1280x720]]
[2022.04.29-17.07.22:229][  0]LogConfig: Applying CVar settings from Section [/Script/Engine.RendererSettings] File [C:/Users/Llorenç/Desktop/wetransfer_pakaro_2022-04-26_1655/MyProject6/Saved/Config/Windows/Engine.ini]
[2022.04.29-17.07.22:229][  0]LogConfig: Setting CVar [[r.GPUCrashDebugging:0]]
[2022.04.29-17.07.22:229][  0]LogConfig: Applying CVar settings from Section [/Script/Engine.RendererOverrideSettings] File [C:/Users/Llorenç/Desktop/wetransfer_pakaro_2022-04-26_1655/MyProject6/Saved/Config/Windows/Engine.ini]
[2022.04.29-17.07.22:229][  0]LogConfig: Applying CVar settings from Section [/Script/Engine.StreamingSettings] File [C:/Users/Llorenç/Desktop/wetransfer_pakaro_2022-04-26_1655/MyProject6/Saved/Config/Windows/Engine.ini]
[2022.04.29-17.07.22:229][  0]LogConfig: Setting CVar [[s.MinBulkDataSizeForAsyncLoading:131072]]
[2022.04.29-17.07.22:229][  0]LogConfig: Setting CVar [[s.AsyncLoadingThreadEnabled:0]]
[2022.04.29-17.07.22:229][  0]LogConfig: Setting CVar [[s.EventDrivenLoaderEnabled:1]]
[2022.04.29-17.07.22:229][  0]LogConfig: Setting CVar [[s.WarnIfTimeLimitExceeded:0]]
[2022.04.29-17.07.22:229][  0]LogConfig: Setting CVar [[s.TimeLimitExceededMultiplier:1.5]]
[2022.04.29-17.07.22:229][  0]LogConfig: Setting CVar [[s.TimeLimitExceededMinTime:0.005]]
[2022.04.29-17.07.22:229][  0]LogConfig: Setting CVar [[s.UseBackgroundLevelStreaming:1]]
[2022.04.29-17.07.22:229][  0]LogConfig: Setting CVar [[s.PriorityAsyncLoadingExtraTime:15.0]]
[2022.04.29-17.07.22:229][  0]LogConfig: Setting CVar [[s.LevelStreamingActorsUpdateTimeLimit:5.0]]
[2022.04.29-17.07.22:229][  0]LogConfig: Setting CVar [[s.PriorityLevelStreamingActorsUpdateExtraTime:5.0]]
[2022.04.29-17.07.22:229][  0]LogConfig: Setting CVar [[s.LevelStreamingComponentsRegistrationGranularity:10]]
[2022.04.29-17.07.22:229][  0]LogConfig: Setting CVar [[s.UnregisterComponentsTimeLimit:1.0]]
[2022.04.29-17.07.22:229][  0]LogConfig: Setting CVar [[s.LevelStreamingComponentsUnregistrationGranularity:5]]
[2022.04.29-17.07.22:229][  0]LogConfig: Setting CVar [[s.FlushStreamingOnExit:1]]
[2022.04.29-17.07.22:229][  0]LogConfig: Applying CVar settings from Section [/Script/Engine.GarbageCollectionSettings] File [C:/Users/Llorenç/Desktop/wetransfer_pakaro_2022-04-26_1655/MyProject6/Saved/Config/Windows/Engine.ini]
[2022.04.29-17.07.22:229][  0]LogConfig: Setting CVar [[gc.MaxObjectsNotConsideredByGC:1]]
[2022.04.29-17.07.22:229][  0]LogConfig: Setting CVar [[gc.SizeOfPermanentObjectPool:0]]
[2022.04.29-17.07.22:229][  0]LogConfig: Setting CVar [[gc.FlushStreamingOnGC:0]]
[2022.04.29-17.07.22:229][  0]LogConfig: Setting CVar [[gc.NumRetriesBeforeForcingGC:10]]
[2022.04.29-17.07.22:229][  0]LogConfig: Setting CVar [[gc.AllowParallelGC:1]]
[2022.04.29-17.07.22:229][  0]LogConfig: Setting CVar [[gc.TimeBetweenPurgingPendingKillObjects:61.1]]
[2022.04.29-17.07.22:229][  0]LogConfig: Setting CVar [[gc.MaxObjectsInEditor:25165824]]
[2022.04.29-17.07.22:229][  0]LogConfig: Setting CVar [[gc.IncrementalBeginDestroyEnabled:1]]
[2022.04.29-17.07.22:229][  0]LogConfig: Setting CVar [[gc.CreateGCClusters:1]]
[2022.04.29-17.07.22:229][  0]LogConfig: Setting CVar [[gc.MinGCClusterSize:5]]
[2022.04.29-17.07.22:229][  0]LogConfig: Setting CVar [[gc.ActorClusteringEnabled:0]]
[2022.04.29-17.07.22:229][  0]LogConfig: Setting CVar [[gc.BlueprintClusteringEnabled:0]]
[2022.04.29-17.07.22:229][  0]LogConfig: Setting CVar [[gc.UseDisregardForGCOnDedicatedServers:0]]
[2022.04.29-17.07.22:229][  0]LogConfig: Setting CVar [[gc.MultithreadedDestructionEnabled:1]]
[2022.04.29-17.07.22:229][  0]LogConfig: Applying CVar settings from Section [/Script/Engine.NetworkSettings] File [C:/Users/Llorenç/Desktop/wetransfer_pakaro_2022-04-26_1655/MyProject6/Saved/Config/Windows/Engine.ini]
[2022.04.29-17.07.22:229][  0]LogConfig: Applying CVar settings from Section [/Script/UnrealEd.CookerSettings] File [C:/Users/Llorenç/Desktop/wetransfer_pakaro_2022-04-26_1655/MyProject6/Saved/Config/Windows/Engine.ini]
[2022.04.29-17.07.22:239][  0]LogConfig: Applying CVar settings from Section [ViewDistanceQuality@3] File [C:/Users/Llorenç/Desktop/wetransfer_pakaro_2022-04-26_1655/MyProject6/Saved/Config/Windows/Scalability.ini]
[2022.04.29-17.07.22:239][  0]LogConfig: Setting CVar [[r.SkeletalMeshLODBias:0]]
[2022.04.29-17.07.22:239][  0]LogConfig: Setting CVar [[r.ViewDistanceScale:1.0]]
[2022.04.29-17.07.22:239][  0]LogConfig: Applying CVar settings from Section [AntiAliasingQuality@3] File [C:/Users/Llorenç/Desktop/wetransfer_pakaro_2022-04-26_1655/MyProject6/Saved/Config/Windows/Scalability.ini]
[2022.04.29-17.07.22:239][  0]LogConfig: Setting CVar [[r.PostProcessAAQuality:4]]
[2022.04.29-17.07.22:239][  0]LogConfig: Applying CVar settings from Section [ShadowQuality@3] File [C:/Users/Llorenç/Desktop/wetransfer_pakaro_2022-04-26_1655/MyProject6/Saved/Config/Windows/Scalability.ini]
[2022.04.29-17.07.22:239][  0]LogConfig: Setting CVar [[r.LightFunctionQuality:1]]
[2022.04.29-17.07.22:239][  0]LogConfig: Setting CVar [[r.ShadowQuality:5]]
[2022.04.29-17.07.22:239][  0]LogConfig: Setting CVar [[r.Shadow.CSM.MaxCascades:10]]
[2022.04.29-17.07.22:239][  0]LogConfig: Setting CVar [[r.Shadow.MaxResolution:2048]]
[2022.04.29-17.07.22:239][  0]LogConfig: Setting CVar [[r.Shadow.MaxCSMResolution:2048]]
[2022.04.29-17.07.22:239][  0]LogConfig: Setting CVar [[r.Shadow.RadiusThreshold:0.01]]
[2022.04.29-17.07.22:239][  0]LogConfig: Setting CVar [[r.Shadow.DistanceScale:1.0]]
[2022.04.29-17.07.22:239][  0]LogConfig: Setting CVar [[r.Shadow.CSM.TransitionScale:1.0]]
[2022.04.29-17.07.22:239][  0]LogConfig: Setting CVar [[r.Shadow.PreShadowResolutionFactor:1.0]]
[2022.04.29-17.07.22:239][  0]LogConfig: Setting CVar [[r.DistanceFieldShadowing:1]]
[2022.04.29-17.07.22:239][  0]LogConfig: Setting CVar [[r.DistanceFieldAO:1]]
[2022.04.29-17.07.22:239][  0]LogConfig: Setting CVar [[r.AOQuality:2]]
[2022.04.29-17.07.22:239][  0]LogConfig: Setting CVar [[r.VolumetricFog:1]]
[2022.04.29-17.07.22:239][  0]LogConfig: Setting CVar [[r.VolumetricFog.GridPixelSize:8]]
[2022.04.29-17.07.22:239][  0]LogConfig: Setting CVar [[r.VolumetricFog.GridSizeZ:128]]
[2022.04.29-17.07.22:239][  0]LogConfig: Setting CVar [[r.VolumetricFog.HistoryMissSupersampleCount:4]]
[2022.04.29-17.07.22:239][  0]LogConfig: Setting CVar [[r.LightMaxDrawDistanceScale:1]]
[2022.04.29-17.07.22:239][  0]LogConfig: Setting CVar [[r.CapsuleShadows:1]]
[2022.04.29-17.07.22:239][  0]LogConfig: Applying CVar settings from Section [PostProcessQuality@3] File [C:/Users/Llorenç/Desktop/wetransfer_pakaro_2022-04-26_1655/MyProject6/Saved/Config/Windows/Scalability.ini]
[2022.04.29-17.07.22:239][  0]LogConfig: Setting CVar [[r.MotionBlurQuality:4]]
[2022.04.29-17.07.22:239][  0]LogConfig: Setting CVar [[r.AmbientOcclusionMipLevelFactor:0.4]]
[2022.04.29-17.07.22:240][  0]LogConfig: Setting CVar [[r.AmbientOcclusionMaxQuality:100]]
[2022.04.29-17.07.22:240][  0]LogConfig: Setting CVar [[r.AmbientOcclusionLevels:-1]]
[2022.04.29-17.07.22:240][  0]LogConfig: Setting CVar [[r.AmbientOcclusionRadiusScale:1.0]]
[2022.04.29-17.07.22:240][  0]LogConfig: Setting CVar [[r.DepthOfFieldQuality:2]]
[2022.04.29-17.07.22:240][  0]LogConfig: Setting CVar [[r.RenderTargetPoolMin:400]]
[2022.04.29-17.07.22:240][  0]LogConfig: Setting CVar [[r.LensFlareQuality:2]]
[2022.04.29-17.07.22:240][  0]LogConfig: Setting CVar [[r.SceneColorFringeQuality:1]]
[2022.04.29-17.07.22:240][  0]LogConfig: Setting CVar [[r.EyeAdaptationQuality:2]]
[2022.04.29-17.07.22:240][  0]LogConfig: Setting CVar [[r.BloomQuality:5]]
[2022.04.29-17.07.22:240][  0]LogConfig: Setting CVar [[r.FastBlurThreshold:100]]
[2022.04.29-17.07.22:240][  0]LogConfig: Setting CVar [[r.Upscale.Quality:3]]
[2022.04.29-17.07.22:240][  0]LogConfig: Setting CVar [[r.Tonemapper.GrainQuantization:1]]
[2022.04.29-17.07.22:240][  0]LogConfig: Setting CVar [[r.LightShaftQuality:1]]
[2022.04.29-17.07.22:240][  0]LogConfig: Setting CVar [[r.Filter.SizeScale:1]]
[2022.04.29-17.07.22:240][  0]LogConfig: Setting CVar [[r.Tonemapper.Quality:5]]
[2022.04.29-17.07.22:240][  0]LogConfig: Setting CVar [[r.DOF.Gather.AccumulatorQuality:1        ; higher gathering accumulator quality]]
[2022.04.29-17.07.22:240][  0]LogConfig: Setting CVar [[r.DOF.Gather.PostfilterMethod:1          ; Median3x3 postfilering method]]
[2022.04.29-17.07.22:240][  0]LogConfig: Setting CVar [[r.DOF.Gather.EnableBokehSettings:0       ; no bokeh simulation when gathering]]
[2022.04.29-17.07.22:240][  0]LogConfig: Setting CVar [[r.DOF.Gather.RingCount:4                 ; medium number of samples when gathering]]
[2022.04.29-17.07.22:240][  0]LogConfig: Setting CVar [[r.DOF.Scatter.ForegroundCompositing:1    ; additive foreground scattering]]
[2022.04.29-17.07.22:240][  0]LogConfig: Setting CVar [[r.DOF.Scatter.BackgroundCompositing:2    ; additive background scattering]]
[2022.04.29-17.07.22:240][  0]LogConfig: Setting CVar [[r.DOF.Scatter.EnableBokehSettings:1      ; bokeh simulation when scattering]]
[2022.04.29-17.07.22:240][  0]LogConfig: Setting CVar [[r.DOF.Scatter.MaxSpriteRatio:0.1         ; only a maximum of 10% of scattered bokeh]]
[2022.04.29-17.07.22:240][  0]LogConfig: Setting CVar [[r.DOF.Recombine.Quality:1                ; cheap slight out of focus]]
[2022.04.29-17.07.22:240][  0]LogConfig: Setting CVar [[r.DOF.Recombine.EnableBokehSettings:0    ; no bokeh simulation on slight out of focus]]
[2022.04.29-17.07.22:240][  0]LogConfig: Setting CVar [[r.DOF.TemporalAAQuality:1                ; more stable temporal accumulation]]
[2022.04.29-17.07.22:240][  0]LogConfig: Setting CVar [[r.DOF.Kernel.MaxForegroundRadius:0.025]]
[2022.04.29-17.07.22:240][  0]LogConfig: Setting CVar [[r.DOF.Kernel.MaxBackgroundRadius:0.025]]
[2022.04.29-17.07.22:240][  0]LogConfig: Applying CVar settings from Section [TextureQuality@3] File [C:/Users/Llorenç/Desktop/wetransfer_pakaro_2022-04-26_1655/MyProject6/Saved/Config/Windows/Scalability.ini]
[2022.04.29-17.07.22:240][  0]LogConfig: Setting CVar [[r.Streaming.MipBias:0]]
[2022.04.29-17.07.22:240][  0]LogConfig: Setting CVar [[r.Streaming.AmortizeCPUToGPUCopy:0]]
[2022.04.29-17.07.22:240][  0]LogConfig: Setting CVar [[r.Streaming.MaxNumTexturesToStreamPerFrame:0]]
[2022.04.29-17.07.22:240][  0]LogConfig: Setting CVar [[r.Streaming.Boost:1]]
[2022.04.29-17.07.22:240][  0]LogConfig: Setting CVar [[r.MaxAnisotropy:8]]
[2022.04.29-17.07.22:240][  0]LogConfig: Setting CVar [[r.VT.MaxAnisotropy:8]]
[2022.04.29-17.07.22:240][  0]LogConfig: Setting CVar [[r.Streaming.LimitPoolSizeToVRAM:0]]
[2022.04.29-17.07.22:240][  0]LogConfig: Setting CVar [[r.Streaming.PoolSize:1000]]
[2022.04.29-17.07.22:240][  0]LogConfig: Setting CVar [[r.Streaming.MaxEffectiveScreenSize:0]]
[2022.04.29-17.07.22:240][  0]LogConfig: Applying CVar settings from Section [EffectsQuality@3] File [C:/Users/Llorenç/Desktop/wetransfer_pakaro_2022-04-26_1655/MyProject6/Saved/Config/Windows/Scalability.ini]
[2022.04.29-17.07.22:240][  0]LogConfig: Setting CVar [[r.TranslucencyLightingVolumeDim:64]]
[2022.04.29-17.07.22:240][  0]LogConfig: Setting CVar [[r.RefractionQuality:2]]
[2022.04.29-17.07.22:240][  0]LogConfig: Setting CVar [[r.SSR.Quality:3]]
[2022.04.29-17.07.22:240][  0]LogConfig: Setting CVar [[r.SSR.HalfResSceneColor:0]]
[2022.04.29-17.07.22:240][  0]LogConfig: Setting CVar [[r.SceneColorFormat:4]]
[2022.04.29-17.07.22:240][  0]LogConfig: Setting CVar [[r.DetailMode:2]]
[2022.04.29-17.07.22:240][  0]LogConfig: Setting CVar [[r.TranslucencyVolumeBlur:1]]
[2022.04.29-17.07.22:240][  0]LogConfig: Setting CVar [[r.MaterialQualityLevel:1 ; High quality]]
[2022.04.29-17.07.22:240][  0]LogConfig: Setting CVar [[r.AnisotropicMaterials:1]]
[2022.04.29-17.07.22:240][  0]LogConfig: Setting CVar [[r.SSS.Scale:1]]
[2022.04.29-17.07.22:240][  0]LogConfig: Setting CVar [[r.SSS.SampleSet:2]]
[2022.04.29-17.07.22:240][  0]LogConfig: Setting CVar [[r.SSS.Quality:1]]
[2022.04.29-17.07.22:240][  0]LogConfig: Setting CVar [[r.SSS.HalfRes:0]]
[2022.04.29-17.07.22:240][  0]LogConfig: Setting CVar [[r.SSGI.Quality:3]]
[2022.04.29-17.07.22:240][  0]LogConfig: Setting CVar [[r.EmitterSpawnRateScale:1.0]]
[2022.04.29-17.07.22:240][  0]LogConfig: Setting CVar [[r.ParticleLightQuality:2]]
[2022.04.29-17.07.22:240][  0]LogConfig: Setting CVar [[r.SkyAtmosphere.AerialPerspectiveLUT.FastApplyOnOpaque:1 ; Always have FastSkyLUT 1 in this case to avoid wrong sky]]
[2022.04.29-17.07.22:240][  0]LogConfig: Setting CVar [[r.SkyAtmosphere.AerialPerspectiveLUT.SampleCountMaxPerSlice:4]]
[2022.04.29-17.07.22:240][  0]LogConfig: Setting CVar [[r.SkyAtmosphere.AerialPerspectiveLUT.DepthResolution:16.0]]
[2022.04.29-17.07.22:240][  0]LogConfig: Setting CVar [[r.SkyAtmosphere.FastSkyLUT:1]]
[2022.04.29-17.07.22:240][  0]LogConfig: Setting CVar [[r.SkyAtmosphere.FastSkyLUT.SampleCountMin:4.0]]
[2022.04.29-17.07.22:240][  0]LogConfig: Setting CVar [[r.SkyAtmosphere.FastSkyLUT.SampleCountMax:128.0]]
[2022.04.29-17.07.22:240][  0]LogConfig: Setting CVar [[r.SkyAtmosphere.SampleCountMin:4.0]]
[2022.04.29-17.07.22:240][  0]LogConfig: Setting CVar [[r.SkyAtmosphere.SampleCountMax:128.0]]
[2022.04.29-17.07.22:240][  0]LogConfig: Setting CVar [[r.SkyAtmosphere.TransmittanceLUT.UseSmallFormat:0]]
[2022.04.29-17.07.22:240][  0]LogConfig: Setting CVar [[r.SkyAtmosphere.TransmittanceLUT.SampleCount:10.0]]
[2022.04.29-17.07.22:240][  0]LogConfig: Setting CVar [[r.SkyAtmosphere.MultiScatteringLUT.SampleCount:15.0]]
[2022.04.29-17.07.22:240][  0]LogConfig: Setting CVar [[r.SkyLight.RealTimeReflectionCapture:1]]
[2022.04.29-17.07.22:240][  0]LogConfig: Applying CVar settings from Section [FoliageQuality@3] File [C:/Users/Llorenç/Desktop/wetransfer_pakaro_2022-04-26_1655/MyProject6/Saved/Config/Windows/Scalability.ini]
[2022.04.29-17.07.22:240][  0]LogConfig: Setting CVar [[foliage.DensityScale:1.0]]
[2022.04.29-17.07.22:240][  0]LogConfig: Setting CVar [[grass.DensityScale:1.0]]
[2022.04.29-17.07.22:240][  0]LogConfig: Applying CVar settings from Section [ShadingQuality@3] File [C:/Users/Llorenç/Desktop/wetransfer_pakaro_2022-04-26_1655/MyProject6/Saved/Config/Windows/Scalability.ini]
[2022.04.29-17.07.22:240][  0]LogConfig: Setting CVar [[r.HairStrands.SkyLighting.IntegrationType:2]]
[2022.04.29-17.07.22:240][  0]LogConfig: Setting CVar [[r.HairStrands.SkyAO.SampleCount:4]]
[2022.04.29-17.07.22:240][  0]LogConfig: Setting CVar [[r.HairStrands.Visibility.MSAA.SamplePerPixel:4]]
[2022.04.29-17.07.22:240][  0]LogInit: Selected Device Profile: [Windows]
[2022.04.29-17.07.22:240][  0]LogInit: Applying CVar settings loaded from the selected device profile: [Windows]
[2022.04.29-17.07.22:241][  0]LogHAL: Display: Platform has ~ 16 GB [17137803264 / 17179869184 / 16], which maps to Larger [LargestMinGB=32, LargerMinGB=12, DefaultMinGB=8, SmallerMinGB=6, SmallestMinGB=0)
[2022.04.29-17.07.22:241][  0]LogInit: Going up to parent DeviceProfile []
[2022.04.29-17.07.22:241][  0]LogConfig: Applying CVar settings from Section [ViewDistanceQuality@3] File [C:/Users/Llorenç/Desktop/wetransfer_pakaro_2022-04-26_1655/MyProject6/Saved/Config/Windows/Scalability.ini]
[2022.04.29-17.07.22:241][  0]LogConfig: Setting CVar [[r.SkeletalMeshLODBias:0]]
[2022.04.29-17.07.22:241][  0]LogConfig: Setting CVar [[r.ViewDistanceScale:1.0]]
[2022.04.29-17.07.22:241][  0]LogConfig: Applying CVar settings from Section [AntiAliasingQuality@3] File [C:/Users/Llorenç/Desktop/wetransfer_pakaro_2022-04-26_1655/MyProject6/Saved/Config/Windows/Scalability.ini]
[2022.04.29-17.07.22:241][  0]LogConfig: Setting CVar [[r.PostProcessAAQuality:4]]
[2022.04.29-17.07.22:241][  0]LogConfig: Applying CVar settings from Section [ShadowQuality@3] File [C:/Users/Llorenç/Desktop/wetransfer_pakaro_2022-04-26_1655/MyProject6/Saved/Config/Windows/Scalability.ini]
[2022.04.29-17.07.22:241][  0]LogConfig: Setting CVar [[r.LightFunctionQuality:1]]
[2022.04.29-17.07.22:241][  0]LogConfig: Setting CVar [[r.ShadowQuality:5]]
[2022.04.29-17.07.22:241][  0]LogConfig: Setting CVar [[r.Shadow.CSM.MaxCascades:10]]
[2022.04.29-17.07.22:241][  0]LogConfig: Setting CVar [[r.Shadow.MaxResolution:2048]]
[2022.04.29-17.07.22:241][  0]LogConfig: Setting CVar [[r.Shadow.MaxCSMResolution:2048]]
[2022.04.29-17.07.22:241][  0]LogConfig: Setting CVar [[r.Shadow.RadiusThreshold:0.01]]
[2022.04.29-17.07.22:241][  0]LogConfig: Setting CVar [[r.Shadow.DistanceScale:1.0]]
[2022.04.29-17.07.22:241][  0]LogConfig: Setting CVar [[r.Shadow.CSM.TransitionScale:1.0]]
[2022.04.29-17.07.22:241][  0]LogConfig: Setting CVar [[r.Shadow.PreShadowResolutionFactor:1.0]]
[2022.04.29-17.07.22:241][  0]LogConfig: Setting CVar [[r.DistanceFieldShadowing:1]]
[2022.04.29-17.07.22:241][  0]LogConfig: Setting CVar [[r.DistanceFieldAO:1]]
[2022.04.29-17.07.22:241][  0]LogConfig: Setting CVar [[r.AOQuality:2]]
[2022.04.29-17.07.22:241][  0]LogConfig: Setting CVar [[r.VolumetricFog:1]]
[2022.04.29-17.07.22:241][  0]LogConfig: Setting CVar [[r.VolumetricFog.GridPixelSize:8]]
[2022.04.29-17.07.22:241][  0]LogConfig: Setting CVar [[r.VolumetricFog.GridSizeZ:128]]
[2022.04.29-17.07.22:241][  0]LogConfig: Setting CVar [[r.VolumetricFog.HistoryMissSupersampleCount:4]]
[2022.04.29-17.07.22:241][  0]LogConfig: Setting CVar [[r.LightMaxDrawDistanceScale:1]]
[2022.04.29-17.07.22:241][  0]LogConfig: Setting CVar [[r.CapsuleShadows:1]]
[2022.04.29-17.07.22:241][  0]LogConfig: Applying CVar settings from Section [PostProcessQuality@3] File [C:/Users/Llorenç/Desktop/wetransfer_pakaro_2022-04-26_1655/MyProject6/Saved/Config/Windows/Scalability.ini]
[2022.04.29-17.07.22:241][  0]LogConfig: Setting CVar [[r.MotionBlurQuality:4]]
[2022.04.29-17.07.22:241][  0]LogConfig: Setting CVar [[r.AmbientOcclusionMipLevelFactor:0.4]]
[2022.04.29-17.07.22:241][  0]LogConfig: Setting CVar [[r.AmbientOcclusionMaxQuality:100]]
[2022.04.29-17.07.22:241][  0]LogConfig: Setting CVar [[r.AmbientOcclusionLevels:-1]]
[2022.04.29-17.07.22:241][  0]LogConfig: Setting CVar [[r.AmbientOcclusionRadiusScale:1.0]]
[2022.04.29-17.07.22:241][  0]LogConfig: Setting CVar [[r.DepthOfFieldQuality:2]]
[2022.04.29-17.07.22:241][  0]LogConfig: Setting CVar [[r.RenderTargetPoolMin:400]]
[2022.04.29-17.07.22:241][  0]LogConfig: Setting CVar [[r.LensFlareQuality:2]]
[2022.04.29-17.07.22:241][  0]LogConfig: Setting CVar [[r.SceneColorFringeQuality:1]]
[2022.04.29-17.07.22:241][  0]LogConfig: Setting CVar [[r.EyeAdaptationQuality:2]]
[2022.04.29-17.07.22:241][  0]LogConfig: Setting CVar [[r.BloomQuality:5]]
[2022.04.29-17.07.22:241][  0]LogConfig: Setting CVar [[r.FastBlurThreshold:100]]
[2022.04.29-17.07.22:241][  0]LogConfig: Setting CVar [[r.Upscale.Quality:3]]
[2022.04.29-17.07.22:242][  0]LogConfig: Setting CVar [[r.Tonemapper.GrainQuantization:1]]
[2022.04.29-17.07.22:242][  0]LogConfig: Setting CVar [[r.LightShaftQuality:1]]
[2022.04.29-17.07.22:242][  0]LogConfig: Setting CVar [[r.Filter.SizeScale:1]]
[2022.04.29-17.07.22:242][  0]LogConfig: Setting CVar [[r.Tonemapper.Quality:5]]
[2022.04.29-17.07.22:242][  0]LogConfig: Setting CVar [[r.DOF.Gather.AccumulatorQuality:1        ; higher gathering accumulator quality]]
[2022.04.29-17.07.22:242][  0]LogConfig: Setting CVar [[r.DOF.Gather.PostfilterMethod:1          ; Median3x3 postfilering method]]
[2022.04.29-17.07.22:242][  0]LogConfig: Setting CVar [[r.DOF.Gather.EnableBokehSettings:0       ; no bokeh simulation when gathering]]
[2022.04.29-17.07.22:242][  0]LogConfig: Setting CVar [[r.DOF.Gather.RingCount:4                 ; medium number of samples when gathering]]
[2022.04.29-17.07.22:242][  0]LogConfig: Setting CVar [[r.DOF.Scatter.ForegroundCompositing:1    ; additive foreground scattering]]
[2022.04.29-17.07.22:242][  0]LogConfig: Setting CVar [[r.DOF.Scatter.BackgroundCompositing:2    ; additive background scattering]]
[2022.04.29-17.07.22:242][  0]LogConfig: Setting CVar [[r.DOF.Scatter.EnableBokehSettings:1      ; bokeh simulation when scattering]]
[2022.04.29-17.07.22:242][  0]LogConfig: Setting CVar [[r.DOF.Scatter.MaxSpriteRatio:0.1         ; only a maximum of 10% of scattered bokeh]]
[2022.04.29-17.07.22:242][  0]LogConfig: Setting CVar [[r.DOF.Recombine.Quality:1                ; cheap slight out of focus]]
[2022.04.29-17.07.22:242][  0]LogConfig: Setting CVar [[r.DOF.Recombine.EnableBokehSettings:0    ; no bokeh simulation on slight out of focus]]
[2022.04.29-17.07.22:242][  0]LogConfig: Setting CVar [[r.DOF.TemporalAAQuality:1                ; more stable temporal accumulation]]
[2022.04.29-17.07.22:242][  0]LogConfig: Setting CVar [[r.DOF.Kernel.MaxForegroundRadius:0.025]]
[2022.04.29-17.07.22:242][  0]LogConfig: Setting CVar [[r.DOF.Kernel.MaxBackgroundRadius:0.025]]
[2022.04.29-17.07.22:242][  0]LogConfig: Applying CVar settings from Section [TextureQuality@3] File [C:/Users/Llorenç/Desktop/wetransfer_pakaro_2022-04-26_1655/MyProject6/Saved/Config/Windows/Scalability.ini]
[2022.04.29-17.07.22:242][  0]LogConfig: Setting CVar [[r.Streaming.MipBias:0]]
[2022.04.29-17.07.22:242][  0]LogConfig: Setting CVar [[r.Streaming.AmortizeCPUToGPUCopy:0]]
[2022.04.29-17.07.22:242][  0]LogConfig: Setting CVar [[r.Streaming.MaxNumTexturesToStreamPerFrame:0]]
[2022.04.29-17.07.22:242][  0]LogConfig: Setting CVar [[r.Streaming.Boost:1]]
[2022.04.29-17.07.22:242][  0]LogConfig: Setting CVar [[r.MaxAnisotropy:8]]
[2022.04.29-17.07.22:242][  0]LogConfig: Setting CVar [[r.VT.MaxAnisotropy:8]]
[2022.04.29-17.07.22:242][  0]LogConfig: Setting CVar [[r.Streaming.LimitPoolSizeToVRAM:0]]
[2022.04.29-17.07.22:242][  0]LogConfig: Setting CVar [[r.Streaming.PoolSize:1000]]
[2022.04.29-17.07.22:242][  0]LogConfig: Setting CVar [[r.Streaming.MaxEffectiveScreenSize:0]]
[2022.04.29-17.07.22:242][  0]LogConfig: Applying CVar settings from Section [EffectsQuality@3] File [C:/Users/Llorenç/Desktop/wetransfer_pakaro_2022-04-26_1655/MyProject6/Saved/Config/Windows/Scalability.ini]
[2022.04.29-17.07.22:242][  0]LogConfig: Setting CVar [[r.TranslucencyLightingVolumeDim:64]]
[2022.04.29-17.07.22:242][  0]LogConfig: Setting CVar [[r.RefractionQuality:2]]
[2022.04.29-17.07.22:242][  0]LogConfig: Setting CVar [[r.SSR.Quality:3]]
[2022.04.29-17.07.22:242][  0]LogConfig: Setting CVar [[r.SSR.HalfResSceneColor:0]]
[2022.04.29-17.07.22:242][  0]LogConfig: Setting CVar [[r.SceneColorFormat:4]]
[2022.04.29-17.07.22:242][  0]LogConfig: Setting CVar [[r.DetailMode:2]]
[2022.04.29-17.07.22:242][  0]LogConfig: Setting CVar [[r.TranslucencyVolumeBlur:1]]
[2022.04.29-17.07.22:242][  0]LogConfig: Setting CVar [[r.MaterialQualityLevel:1 ; High quality]]
[2022.04.29-17.07.22:242][  0]LogConfig: Setting CVar [[r.AnisotropicMaterials:1]]
[2022.04.29-17.07.22:242][  0]LogConfig: Setting CVar [[r.SSS.Scale:1]]
[2022.04.29-17.07.22:242][  0]LogConfig: Setting CVar [[r.SSS.SampleSet:2]]
[2022.04.29-17.07.22:242][  0]LogConfig: Setting CVar [[r.SSS.Quality:1]]
[2022.04.29-17.07.22:242][  0]LogConfig: Setting CVar [[r.SSS.HalfRes:0]]
[2022.04.29-17.07.22:242][  0]LogConfig: Setting CVar [[r.SSGI.Quality:3]]
[2022.04.29-17.07.22:242][  0]LogConfig: Setting CVar [[r.EmitterSpawnRateScale:1.0]]
[2022.04.29-17.07.22:242][  0]LogConfig: Setting CVar [[r.ParticleLightQuality:2]]
[2022.04.29-17.07.22:242][  0]LogConfig: Setting CVar [[r.SkyAtmosphere.AerialPerspectiveLUT.FastApplyOnOpaque:1 ; Always have FastSkyLUT 1 in this case to avoid wrong sky]]
[2022.04.29-17.07.22:242][  0]LogConfig: Setting CVar [[r.SkyAtmosphere.AerialPerspectiveLUT.SampleCountMaxPerSlice:4]]
[2022.04.29-17.07.22:242][  0]LogConfig: Setting CVar [[r.SkyAtmosphere.AerialPerspectiveLUT.DepthResolution:16.0]]
[2022.04.29-17.07.22:242][  0]LogConfig: Setting CVar [[r.SkyAtmosphere.FastSkyLUT:1]]
[2022.04.29-17.07.22:242][  0]LogConfig: Setting CVar [[r.SkyAtmosphere.FastSkyLUT.SampleCountMin:4.0]]
[2022.04.29-17.07.22:242][  0]LogConfig: Setting CVar [[r.SkyAtmosphere.FastSkyLUT.SampleCountMax:128.0]]
[2022.04.29-17.07.22:242][  0]LogConfig: Setting CVar [[r.SkyAtmosphere.SampleCountMin:4.0]]
[2022.04.29-17.07.22:242][  0]LogConfig: Setting CVar [[r.SkyAtmosphere.SampleCountMax:128.0]]
[2022.04.29-17.07.22:242][  0]LogConfig: Setting CVar [[r.SkyAtmosphere.TransmittanceLUT.UseSmallFormat:0]]
[2022.04.29-17.07.22:242][  0]LogConfig: Setting CVar [[r.SkyAtmosphere.TransmittanceLUT.SampleCount:10.0]]
[2022.04.29-17.07.22:242][  0]LogConfig: Setting CVar [[r.SkyAtmosphere.MultiScatteringLUT.SampleCount:15.0]]
[2022.04.29-17.07.22:242][  0]LogConfig: Setting CVar [[r.SkyLight.RealTimeReflectionCapture:1]]
[2022.04.29-17.07.22:242][  0]LogConfig: Applying CVar settings from Section [FoliageQuality@3] File [C:/Users/Llorenç/Desktop/wetransfer_pakaro_2022-04-26_1655/MyProject6/Saved/Config/Windows/Scalability.ini]
[2022.04.29-17.07.22:242][  0]LogConfig: Setting CVar [[foliage.DensityScale:1.0]]
[2022.04.29-17.07.22:242][  0]LogConfig: Setting CVar [[grass.DensityScale:1.0]]
[2022.04.29-17.07.22:242][  0]LogConfig: Applying CVar settings from Section [ShadingQuality@3] File [C:/Users/Llorenç/Desktop/wetransfer_pakaro_2022-04-26_1655/MyProject6/Saved/Config/Windows/Scalability.ini]
[2022.04.29-17.07.22:242][  0]LogConfig: Setting CVar [[r.HairStrands.SkyLighting.IntegrationType:2]]
[2022.04.29-17.07.22:242][  0]LogConfig: Setting CVar [[r.HairStrands.SkyAO.SampleCount:4]]
[2022.04.29-17.07.22:242][  0]LogConfig: Setting CVar [[r.HairStrands.Visibility.MSAA.SamplePerPixel:4]]
[2022.04.29-17.07.22:242][  0]LogConfig: Applying CVar settings from Section [Startup] File [../../../Engine/Config/ConsoleVariables.ini]
[2022.04.29-17.07.22:243][  0]LogConfig: Setting CVar [[net.UseAdaptiveNetUpdateFrequency:0]]
[2022.04.29-17.07.22:243][  0]LogConfig: Setting CVar [[p.chaos.AllowCreatePhysxBodies:1]]
[2022.04.29-17.07.22:243][  0]LogConfig: Setting CVar [[fx.SkipVectorVMBackendOptimizations:1]]
[2022.04.29-17.07.22:243][  0]LogConfig: Applying CVar settings from Section [ConsoleVariables] File [C:/Users/Llorenç/Desktop/wetransfer_pakaro_2022-04-26_1655/MyProject6/Saved/Config/Windows/Engine.ini]
[2022.04.29-17.07.22:243][  0]LogConfig: Applying CVar settings from Section [ConsoleVariables] File [C:/Users/Llorenç/Desktop/wetransfer_pakaro_2022-04-26_1655/MyProject6/Saved/Config/Windows/Editor.ini]
[2022.04.29-17.07.22:243][  0]LogInit: Computer: SACOVA
[2022.04.29-17.07.22:243][  0]LogInit: User: Llorenç
[2022.04.29-17.07.22:243][  0]LogInit: CPU Page size=4096, Cores=4
[2022.04.29-17.07.22:243][  0]LogInit: High frequency timer resolution =10.000000 MHz
[2022.04.29-17.07.22:243][  0]LogMemory: Memory total: Physical=16.0GB (16GB approx)
[2022.04.29-17.07.22:243][  0]LogMemory: Platform Memory Stats for Windows
[2022.04.29-17.07.22:243][  0]LogMemory: Process Physical Memory: 144.01 MB used, 144.02 MB peak
[2022.04.29-17.07.22:243][  0]LogMemory: Process Virtual Memory: 120.46 MB used, 120.46 MB peak
[2022.04.29-17.07.22:243][  0]LogMemory: Physical Memory: 7629.91 MB used,  8713.97 MB free, 16343.88 MB total
[2022.04.29-17.07.22:243][  0]LogMemory: Virtual Memory: 134207152.00 MB used,  10573.66 MB free, 134217728.00 MB total
[2022.04.29-17.07.22:297][  0]LogWindows: WindowsPlatformFeatures enabled
[2022.04.29-17.07.22:343][  0]LogInit: Physics initialised using underlying interface: PhysX
[2022.04.29-17.07.22:343][  0]LogInit: Using OS detected language (es-ES).
[2022.04.29-17.07.22:343][  0]LogInit: Using OS detected locale (es-ES).
[2022.04.29-17.07.22:346][  0]LogTextLocalizationManager: No specific localization for 'es-ES' exists, so the 'es' localization will be used.
[2022.04.29-17.07.22:390][  0]LogWindowsTextInputMethodSystem: Display: IME system deactivated.
[2022.04.29-17.07.22:413][  0]LogSlate: New Slate User Created.  User Index 0, Is Virtual User: 0
[2022.04.29-17.07.22:413][  0]LogSlate: Slate User Registered.  User Index 0, Is Virtual User: 0
[2022.04.29-17.07.22:429][  0]LogD3D11RHI: Loaded GFSDK_Aftermath_Lib.x64.dll
[2022.04.29-17.07.22:432][  0]LogHMD: Failed to initialize OpenVR with code 110
[2022.04.29-17.07.22:432][  0]LogD3D11RHI: D3D11 min allowed feature level: 11_0
[2022.04.29-17.07.22:432][  0]LogD3D11RHI: D3D11 max allowed feature level: 11_0
[2022.04.29-17.07.22:432][  0]LogD3D11RHI: D3D11 adapters:
[2022.04.29-17.07.22:531][  0]LogD3D11RHI:    0. 'NVIDIA GeForce GTX 1080' (Feature Level 11_0)
[2022.04.29-17.07.22:531][  0]LogD3D11RHI:       8079/0/8171 MB DedicatedVideo/DedicatedSystem/SharedSystem, Outputs:2, VendorId:0x10de
[2022.04.29-17.07.22:534][  0]LogD3D11RHI:    1. 'Microsoft Basic Render Driver' (Feature Level 11_0)
[2022.04.29-17.07.22:534][  0]LogD3D11RHI:       0/0/8171 MB DedicatedVideo/DedicatedSystem/SharedSystem, Outputs:0, VendorId:0x1414
[2022.04.29-17.07.22:534][  0]LogD3D11RHI: Chosen D3D11 Adapter:
[2022.04.29-17.07.22:534][  0]LogD3D11RHI:     Description : NVIDIA GeForce GTX 1080
[2022.04.29-17.07.22:534][  0]LogD3D11RHI:     VendorId    : 10de
[2022.04.29-17.07.22:534][  0]LogD3D11RHI:     DeviceId    : 1b80
[2022.04.29-17.07.22:534][  0]LogD3D11RHI:     SubSysId    : 33621462
[2022.04.29-17.07.22:534][  0]LogD3D11RHI:     Revision    : 00a1
[2022.04.29-17.07.22:534][  0]LogD3D11RHI:     DedicatedVideoMemory : 8471445504 bytes
[2022.04.29-17.07.22:534][  0]LogD3D11RHI:     DedicatedSystemMemory : 0 bytes
[2022.04.29-17.07.22:534][  0]LogD3D11RHI:     SharedSystemMemory : 8568901632 bytes
[2022.04.29-17.07.22:534][  0]LogD3D11RHI:     AdapterLuid : 0 46710
[2022.04.29-17.07.22:540][  0]LogD3D11RHI: Creating new Direct3DDevice
[2022.04.29-17.07.22:540][  0]LogD3D11RHI:     GPU DeviceId: 0x1b80 (for the marketing name, search the web for "GPU Device Id")
[2022.04.29-17.07.22:540][  0]LogWindows: EnumDisplayDevices:
[2022.04.29-17.07.22:540][  0]LogWindows:    0. 'NVIDIA GeForce GTX 1080' (P:1 D:1)
[2022.04.29-17.07.22:540][  0]LogWindows:    1. 'NVIDIA GeForce GTX 1080' (P:0 D:1)
[2022.04.29-17.07.22:540][  0]LogWindows:    2. 'NVIDIA GeForce GTX 1080' (P:0 D:0)
[2022.04.29-17.07.22:541][  0]LogWindows:    3. 'NVIDIA GeForce GTX 1080' (P:0 D:0)
[2022.04.29-17.07.22:541][  0]LogWindows: DebugString: FoundDriverCount:4 
[2022.04.29-17.07.22:541][  0]LogD3D11RHI:     Adapter Name: NVIDIA GeForce GTX 1080
[2022.04.29-17.07.22:541][  0]LogD3D11RHI:   Driver Version: 511.79 (internal:30.0.15.1179, unified:511.79)
[2022.04.29-17.07.22:541][  0]LogD3D11RHI:      Driver Date: 2-10-2022
[2022.04.29-17.07.22:541][  0]LogRHI: Texture pool is 5655 MB (70% of 8079 MB)
[2022.04.29-17.07.22:541][  0]LogD3D11RHI: Creating D3DDevice using adapter:
[2022.04.29-17.07.22:541][  0]LogD3D11RHI:     Description : NVIDIA GeForce GTX 1080
[2022.04.29-17.07.22:541][  0]LogD3D11RHI:     VendorId    : 10de
[2022.04.29-17.07.22:541][  0]LogD3D11RHI:     DeviceId    : 1b80
[2022.04.29-17.07.22:541][  0]LogD3D11RHI:     SubSysId    : 33621462
[2022.04.29-17.07.22:541][  0]LogD3D11RHI:     Revision    : 00a1
[2022.04.29-17.07.22:541][  0]LogD3D11RHI:     DedicatedVideoMemory : 8471445504 bytes
[2022.04.29-17.07.22:541][  0]LogD3D11RHI:     DedicatedSystemMemory : 0 bytes
[2022.04.29-17.07.22:541][  0]LogD3D11RHI:     SharedSystemMemory : 8568901632 bytes
[2022.04.29-17.07.22:541][  0]LogD3D11RHI:     AdapterLuid : 0 46710
[2022.04.29-17.07.22:596][  0]LogD3D11RHI: RHI has support for 64 bit atomics
[2022.04.29-17.07.22:596][  0]LogD3D11RHI: Async texture creation enabled
[2022.04.29-17.07.22:596][  0]LogD3D11RHI: Array index from any shader is supported
[2022.04.29-17.07.22:614][  0]LogD3D11RHI: GPU Timing Frequency: 1000.000000 (Debug: 2 1)
[2022.04.29-17.07.22:657][  0]LogRHI: GeForceNow SDK initialized: 1
[2022.04.29-17.07.23:039][  0]LogTargetPlatformManager: Display: Loaded TargetPlatform 'WindowsNoEditor'
[2022.04.29-17.07.23:044][  0]LogTargetPlatformManager: Display: Loaded TargetPlatform 'Windows'
[2022.04.29-17.07.23:049][  0]LogTargetPlatformManager: Display: Loaded TargetPlatform 'WindowsClient'
[2022.04.29-17.07.23:054][  0]LogTargetPlatformManager: Display: Loaded TargetPlatform 'WindowsServer'
[2022.04.29-17.07.23:054][  0]LogTargetPlatformManager: Display: Building Assets For Windows
[2022.04.29-17.07.23:064][  0]LogAudioDebug: Display: Lib vorbis DLL was dynamically loaded.
[2022.04.29-17.07.23:093][  0]LogTextureFormatOodle: Display: Oodle Texture 2.9.0 init RDO Off
[2022.04.29-17.07.23:126][  0]LogRendererCore: Ray tracing is disabled. Reason: r.RayTracing=0.
[2022.04.29-17.07.23:127][  0]LogShaderCompilers: Guid format shader working directory is -21 characters bigger than the processId version (C:/Users/Llorenç/Desktop/wetransfer_pakaro_2022-04-26_1655/MyProject6/Intermediate/Shaders/WorkingDirectory/7188/).
[2022.04.29-17.07.23:127][  0]LogShaderCompilers: Cleaned the shader compiler working directory 'C:/Users/Llorenç/AppData/Local/Temp/UnrealShaderWorkingDir/865A978C47DAA81599CCCDAF00B3DDF4/'.
[2022.04.29-17.07.23:127][  0]LogXGEController: Cannot use XGE Controller as Incredibuild is not installed on this machine.
[2022.04.29-17.07.23:127][  0]LogShaderCompilers: Cannot use XGE Shader Compiler as Incredibuild is not installed on this machine.
[2022.04.29-17.07.23:127][  0]LogShaderCompilers: Display: Using Local Shader Compiler.
[2022.04.29-17.07.23:829][  0]LogDerivedDataCache: Display: Max Cache Size: 512 MB
[2022.04.29-17.07.23:880][  0]LogDerivedDataCache: Loaded boot cache 0.05s 97MB C:/Users/Llorenç/AppData/Local/UnrealEngine/4.27/DerivedDataCache/Boot.ddc.
[2022.04.29-17.07.23:880][  0]LogDerivedDataCache: Display: Loaded Boot cache: C:/Users/Llorenç/AppData/Local/UnrealEngine/4.27/DerivedDataCache/Boot.ddc
[2022.04.29-17.07.23:880][  0]LogDerivedDataCache: FDerivedDataBackendGraph:  Pak pak cache file C:/Users/Llorenç/Desktop/wetransfer_pakaro_2022-04-26_1655/MyProject6/DerivedDataCache/DDC.ddp not found, will not use a pak cache.
[2022.04.29-17.07.23:880][  0]LogDerivedDataCache: Unable to find inner node Pak for hierarchical cache Hierarchy.
[2022.04.29-17.07.23:880][  0]LogDerivedDataCache: FDerivedDataBackendGraph:  CompressedPak pak cache file C:/Users/Llorenç/Desktop/wetransfer_pakaro_2022-04-26_1655/MyProject6/DerivedDataCache/Compressed.ddp not found, will not use a pak cache.
[2022.04.29-17.07.23:880][  0]LogDerivedDataCache: Unable to find inner node CompressedPak for hierarchical cache Hierarchy.
[2022.04.29-17.07.23:904][  0]LogDerivedDataCache: Display: Pak cache opened for reading ../../../Engine/DerivedDataCache/Compressed.ddp.
[2022.04.29-17.07.23:904][  0]LogDerivedDataCache: FDerivedDataBackendGraph:  EnterprisePak pak cache file ../../../Enterprise/DerivedDataCache/Compressed.ddp not found, will not use a pak cache.
[2022.04.29-17.07.23:904][  0]LogDerivedDataCache: Unable to find inner node EnterprisePak for hierarchical cache Hierarchy.
[2022.04.29-17.07.23:910][  0]LogDerivedDataCache: Speed tests for C:/Users/Llorenç/AppData/Local/UnrealEngine/Common/DerivedDataCache took 0.01 seconds
[2022.04.29-17.07.23:910][  0]LogDerivedDataCache: Display: Performance to C:/Users/Llorenç/AppData/Local/UnrealEngine/Common/DerivedDataCache: Latency=0.02ms. RandomReadSpeed=1552.33MBs, RandomWriteSpeed=193.80MBs. Assigned SpeedClass 'Local'
[2022.04.29-17.07.23:911][  0]LogDerivedDataCache: Using Local data cache path C:/Users/Llorenç/AppData/Local/UnrealEngine/Common/DerivedDataCache: Writable
[2022.04.29-17.07.23:911][  0]LogDerivedDataCache: Shared data cache path not found in *engine.ini, will not use an Shared cache.
[2022.04.29-17.07.23:911][  0]LogDerivedDataCache: Unable to find inner node Shared for hierarchical cache Hierarchy.
[2022.04.29-17.07.23:948][  0]LogSlate: Using FreeType 2.10.0
[2022.04.29-17.07.23:948][  0]LogSlate: SlateFontServices - WITH_FREETYPE: 1, WITH_HARFBUZZ: 1
[2022.04.29-17.07.24:022][  0]LogInit: Using OS detected language (es-ES).
[2022.04.29-17.07.24:022][  0]LogInit: Using OS detected locale (es-ES).
[2022.04.29-17.07.24:022][  0]LogTextLocalizationManager: No localization for 'es-ES' exists, so 'en' will be used for the language.
[2022.04.29-17.07.24:022][  0]LogTextLocalizationManager: No localization for 'es-ES' exists, so 'en' will be used for the locale.
[2022.04.29-17.07.24:022][  0]LogSlate: FontCache flush requested. Reason: Culture for localization was changed
[2022.04.29-17.07.24:022][  0]LogSlate: FontCache flush requested. Reason: Culture for localization was changed
[2022.04.29-17.07.24:024][  0]LogAssetRegistry: FAssetRegistry took 0.0014 seconds to start up
[2022.04.29-17.07.24:176][  0]LogTextLocalizationManager: Compacting localization data took   0.00ms
[2022.04.29-17.07.24:176][  0]LogPackageLocalizationCache: Processed 28 localized package path(s) for 1 prioritized culture(s) in 0.001390 seconds
[2022.04.29-17.07.24:232][  0]LogInit: Selected Device Profile: [Windows]
[2022.04.29-17.07.24:232][  0]LogInit: Active device profile: [000001DDFCB3FF00][000001DDF959A5C0 49] Windows
[2022.04.29-17.07.24:233][  0]LogInit: Profiles: [000001DDFCB3FF00][000001DDF959A5C0 49] Windows, [000001DDFCB57F00][000001DDF92E0740 49] WindowsNoEditor, [000001DDFCB3C200][000001DDF94D88C0 49] WindowsServer, [000001DDFCB56100][000001DDF94DCA40 49] WindowsClient, [000001DDFCB3DE00][000001DDF94E0BC0 49] IOS, [000001DDFCB57500][000001DDF94E4D40 49] iPadAir, [000001DDFCB3CB00][000001DDF94E8EC0 49] iPadAir2, [000001DDFCAF8700][000001DDF94F1180 49] IPadPro, [000001DDFCAF8800][000001DDF94ED1C0 49] iPadAir3, [000001DDFCB3C400][000001DDF94F5340 49] iPadAir4, [000001DDFCAFBE00][000001DDF94F94C0 49] iPadMini2, [000001DDFCB3F400][000001DDF94FD640 49] iPadMini3, [000001DDFCAF9500][000001DDF95017C0 49] iPadMini4, [000001DDFCB3E800][000001DDF92DD900 49] iPadMini5, [000001DDFCAF3F00][000001DDF9509B40 49] iPhone6, [000001DDFCAF3E00][000001DDF9505B80 49] iPodTouch6, [000001DDFCB55100][000001DDF9514280 49] iPhone7, [000001DDFCB57D00][000001DDF950C2C0 49] iPodTouch7, [000001DDFCAF0600][000001DDF9518440 49] iPhone5S, [000001DDFCB54D00][000001DDF951C5C0 49] iPhone6Plus, [000001DDFCAF3200][000001DDF9520740 49] iPhone6S, [000001DDFCB56A00][000001DDFD47C8C0 49] iPhone6SPlus, [000001DDFCAF0F00][000001DDFD480A40 49] iPhone7Plus, [000001DDFCB54300][000001DDFD484BC0 49] iPhoneSE, [000001DDFCAF2A00][000001DDFD488D40 49] iPhone8, [000001DDFCB56C00][000001DDFD48CEC0 49] iPhone8Plus, [000001DDFCAF1700][000001DDFD491040 49] iPhoneX, [000001DDFCB57700][000001DDFD4951C0 49] iPhoneXS, [000001DDFCAF2200][000001DDFD499340 49] iPhoneXSMax, [000001DDFCB57E00][000001DDFD49D4C0 49] iPhoneXR, [000001DDFCAF3700][000001DDFD4A1640 49] iPhone11, [000001DDFCB55F00][000001DDFD4A57C0 49] iPhone11Pro, [000001DDFCAF0A00][000001DDFD4A9940 49] iPhone11ProMax, [000001DDFCB55D00][000001DDFD4ADAC0 49] iPhoneSE2, [000001DDFCAF0300][000001DDF9511C00 49] iPhone12Mini, [000001DDFCB54E00][000001DDFD4B01C0 49] iPhone12, [000001DDFCAF3300][000001DDFD4B4300 49] iPhone12Pro, [000001DDFCB56000][000001DDFD4BC480 49] iPhone12ProMax, [000001DDFCAF3D00][000001DDFD4C0600 49] iPadPro105, [000001DDFCB56300][000001DDFD4C4780 49] iPadPro129, [000001DDFCAF2B00][000001DDFD4C8900 49] iPadPro97, [000001DDFCB56700][000001DDFD4CCA80 49] iPadPro2_129, [000001DDFCAF1D00][000001DDFD4D0C00 49] iPad5, [000001DDFCB54700][000001DDFD4D4D80 49] iPad6, [000001DDFCAF1C00][000001DDFD4D8F00 49] iPad7, [000001DDFCB55E00][000001DDFD4DD080 49] iPad8, [000001DDFCAF0C00][000001DDFD4E1200 49] iPadPro11, [000001DDFCB54900][000001DDFD4E5380 49] iPadPro2_11, [000001DDFCAF1A00][000001DDFD4E9500 49] iPadPro3_129, [000001DDFCB55700][000001DDFD4ED680 49] iPadPro4_129, [000001DDFCAF1100][000001DDFD4F1800 49] AppleTV, [000001DDFCB57900][000001DDFD4F5980 49] AppleTV4K, [000001DDFCAF2300][000001DDFD4F9B00 49] TVOS, [000001DDFCB57A00][000001DDFD4FC100 49] Mac, [000001DDFCAF2800][000001DDFD4B8240 49] MacClient, [000001DDFCB54200][000001DDFD500380 49] MacNoEditor, [000001DDFCAF2400][000001DDFD5044C0 49] MacServer, [000001DDFCB57600][000001DDFD50C640 49] Linux, [000001DDFCAF0800][000001DDFD5107C0 49] LinuxAArch64, [000001DDFCB57B00][000001DDFD514940 49] LinuxNoEditor, [000001DDFCAF3600][000001DDFD518AC0 49] LinuxAArch64NoEditor, [000001DDFCB55300][000001DDFD51CC40 49] LinuxClient, [000001DDFCAF3400][000001DDFD520DC0 49] LinuxAArch64Client, [000001DDFCB56400][000001DDFD524F40 49] LinuxServer, [000001DDFCAF0500][000001DDFD5290C0 49] LinuxAArch64Server, [000001DDFCB56F00][000001DDFD52D240 49] Android, [000001DDFCAF2100][000001DDFD5313C0 49] Android_Low, [000001DDFCB56200][000001DDFD535540 49] Android_Mid, [000001DDFCB3C500][000001DDFD5396C0 49] Android_High, [000001DDFCBC5500][000001DDFD53D840 49] Android_Default, [000001DDFCB3DF00][000001DDFD5419C0 49] Android_Adreno4xx, [000001DDFCBC6000][000001DDFD545B40 49] Android_Adreno5xx_Low, [000001DDFCB3D100][000001DDFD548140 49] Android_Adreno5xx, [000001DDFCBC5000][000001DDFD54C2C0 49] Android_Adreno6xx, [000001DDFCB3C600][000001DDFD508400 49] Android_Adreno6xx_Vulkan, [000001DDFCBC5100][000001DDFD550540 49] Android_Mali_T6xx, [000001DDFCB3E600][000001DDFD554680 49] Android_Mali_T7xx, [000001DDFCBC4C00][000001DDFD5587C0 49] Android_Mali_T8xx, [000001DDFCB3D500][000001DDFD560940 49] Android_Mali_G71, [000001DDFCBC4D00][000001DDFD564AC0 49] Android_Mali_G72, [000001DDFCB3EF00][000001DDFD568C40 49] Android_Mali_G72_Vulkan, [000001DDFCBC5900][000001DDFD56CDC0 49] Android_Mali_G76, [000001DDFCB3FD00][000001DDFD570F40 49] Android_Mali_G76_Vulkan, [000001DDFCBC6600][000001DDFD5750C0 49] Android_Mali_G77, [000001DDFCB3F200][000001DDFD579240 49] Android_Mali_G77_Vulkan, [000001DDFCBC4900][000001DDFD57D3C0 49] Android_Mali_G78, [000001DDFCB3E300][000001DDFD581540 49] Android_Mali_G78_Vulkan, [000001DDFCBC5800][000001DDFD5856C0 49] Android_Mali_G710, [000001DDFCB3F900][000001DDFD589840 49] Android_Mali_G710_Vulkan, [000001DDFCBC4700][000001DDFD58D9C0 49] Android_Vulkan_SM5, [000001DDFCB3ED00][000001DDFD591B40 49] Android_PowerVR_G6xxx, [000001DDFCBC5700][000001DDFD594140 49] Android_PowerVR_GT7xxx, [000001DDFCB57400][000001DDFD5982C0 49] Android_PowerVR_GE8xxx, [000001DDFCBC6300][000001DDFD59C440 49] Android_PowerVR_GM9xxx, [000001DDFCB57000][000001DDFD55C580 49] Android_PowerVR_GM9xxx_Vulkan, [000001DDFCBC4100][000001DDFD5A06C0 49] Android_TegraK1, [000001DDFCB57200][000001DDFD5A4800 49] Android_Unknown_Vulkan, [000001DDFCBC4300][000001DDFD5A8940 49] Lumin, [000001DDFCB57C00][000001DDFD5B0AC0 49] Lumin_Desktop, [000001DDFCBC4800][000001DDFD5B4C40 49] HoloLens, 
[2022.04.29-17.07.24:269][  0]LogMeshReduction: Using QuadricMeshReduction for automatic static mesh reduction
[2022.04.29-17.07.24:269][  0]LogMeshReduction: Using SimplygonMeshReduction for automatic skeletal mesh reduction
[2022.04.29-17.07.24:269][  0]LogMeshReduction: Using ProxyLODMeshReduction for automatic mesh merging
[2022.04.29-17.07.24:269][  0]LogMeshReduction: No distributed automatic mesh merging module available
[2022.04.29-17.07.24:269][  0]LogMeshMerging: No distributed automatic mesh merging module available
[2022.04.29-17.07.24:363][  0]LogNetVersion: MyProject6 1.0.0, NetCL: 17155196, EngineNetVer: 17, GameNetVer: 0 (Checksum: 850526378)
[2022.04.29-17.07.24:578][  0]LogTexture: Default maximum texture size for cubemaps generated from long-lat sources has been changed from 512 to unlimited. In order to preserve old behaiour for '/Engine/MapTemplates/Sky/DaylightAmbientCubemap.DaylightAmbientCubemap', its maximum texture size has been explicitly set to 512.
[2022.04.29-17.07.24:625][  0]LogHMD: PokeAHoleMaterial loaded successfully
[2022.04.29-17.07.24:724][  0]LogMoviePlayer: Initializing movie player
[2022.04.29-17.07.24:765][  0]LogWindowsMoviePlayer: Unable to load movie: C:/Users/Llorenç/Desktop/wetransfer_pakaro_2022-04-26_1655/MyProject6/Content/Movies/UE4_Logo.mp4
[2022.04.29-17.07.24:806][  0]LogPython: Using Python 3.7.7
[2022.04.29-17.07.25:202][  0]LogNiagaraDebuggerClient: Niagara Debugger Client Initialized | Session: 78F7FF1349D3F6970D66FA8C7B5D5ADF | Instance: B92268F9470CAE7F5830FF875BB4BA46 (SACOVA-7188).
[2022.04.29-17.07.25:220][  0]LogCollectionManager: Loaded 0 collections in 0.000653 seconds
[2022.04.29-17.07.25:223][  0]LogFileCache: Scanning file cache for directory 'C:/Users/Llorenç/Desktop/wetransfer_pakaro_2022-04-26_1655/MyProject6/Saved/Collections/' took 0.00s
[2022.04.29-17.07.25:223][  0]LogFileCache: Scanning file cache for directory 'C:/Users/Llorenç/Desktop/wetransfer_pakaro_2022-04-26_1655/MyProject6/Content/Developers/Llorenç/Collections/' took 0.00s
[2022.04.29-17.07.25:223][  0]LogFileCache: Scanning file cache for directory 'C:/Users/Llorenç/Desktop/wetransfer_pakaro_2022-04-26_1655/MyProject6/Content/Collections/' took 0.00s
[2022.04.29-17.07.25:223][  0]LogCollectionManager: Fixed up redirectors for 0 collections in 0.000002 seconds (updated 0 objects)
[2022.04.29-17.07.25:343][  0]LogTcpMessaging: Initializing TcpMessaging bridge
[2022.04.29-17.07.25:346][  0]LogUdpMessaging: Initializing bridge on interface 0.0.0.0:0 to multicast group 230.0.0.1:6666.
[2022.04.29-17.07.25:421][  0]SourceControl: Source control is disabled
[2022.04.29-17.07.25:421][  0]SourceControl: Source control is disabled
[2022.04.29-17.07.25:424][  0]SourceControl: Source control is disabled
[2022.04.29-17.07.25:426][  0]LogUProjectInfo: Found projects:
[2022.04.29-17.07.25:499][  0]LogOpenImageDenoise: OIDN starting up
[2022.04.29-17.07.25:528][  0]LogAndroidPermission: UAndroidPermissionCallbackProxy::GetInstance
[2022.04.29-17.07.25:545][  0]LogAudioCaptureCore: Display: No Audio Capture implementations found. Audio input will be silent.
[2022.04.29-17.07.25:545][  0]LogAudioCaptureCore: Display: No Audio Capture implementations found. Audio input will be silent.
[2022.04.29-17.07.25:602][  0]LogOcInput: OculusInput pre-init called
[2022.04.29-17.07.25:610][  0]LogUObjectArray: 22165 objects as part of root set at end of initial load.
[2022.04.29-17.07.25:610][  0]LogUObjectAllocator: 5991808 out of 0 bytes used by permanent object pool.
[2022.04.29-17.07.25:610][  0]LogUObjectArray: CloseDisregardForGC: 0/0 objects in disregard for GC pool
[2022.04.29-17.07.25:647][  0]LogClass: Display: ByteProperty FALoadingScreenSettings::PlaybackType is not initialized properly. Module:AsyncLoadingScreen File:Public/LoadingScreenSettings.h
[2022.04.29-17.07.25:647][  0]LogClass: Display: StructProperty FTextAppearance::ShadowOffset is not initialized properly. Module:AsyncLoadingScreen File:Public/LoadingScreenSettings.h
[2022.04.29-17.07.25:647][  0]LogClass: Display: StructProperty FTextAppearance::ShadowColorAndOpacity is not initialized properly. Module:AsyncLoadingScreen File:Public/LoadingScreenSettings.h
[2022.04.29-17.07.25:647][  0]LogClass: Display: ByteProperty FTextAppearance::Justification is not initialized properly. Module:AsyncLoadingScreen File:Public/LoadingScreenSettings.h
[2022.04.29-17.07.25:647][  0]LogClass: Display: FloatProperty FTipSettings::TipWrapAt is not initialized properly. Module:AsyncLoadingScreen File:Public/LoadingScreenSettings.h
[2022.04.29-17.07.25:648][  0]LogClass: Display: 5 Uninitialized script struct members found including 0 object properties
[2022.04.29-17.07.25:648][  0]LogEngine: Initializing Engine...
[2022.04.29-17.07.25:650][  0]LogHMD: Failed to enumerate extensions. Please check that you have a valid OpenXR runtime installed.
[2022.04.29-17.07.25:650][  0]LogHMD: Failed to initialize OpenVR with code 110
[2022.04.29-17.07.25:650][  0]LogMagicLeap: Warning: VR disabled because ZI is not enabled.  To enable, in the editor, Edit -> Project Settings -> Plugins -> Magic Leap Plugin -> Enable Zero Iteration
[2022.04.29-17.07.25:652][  0]LogStats: UGameplayTagsManager::InitializeManager -  0.000 s
[2022.04.29-17.07.25:734][  0]LogInit: Initializing FReadOnlyCVARCache
[2022.04.29-17.07.25:734][  0]LogAudio: Display: Initializing Audio Device Manager...
[2022.04.29-17.07.25:737][  0]LogAudio: Display: Loading Default Audio Settings Objects...
[2022.04.29-17.07.25:738][  0]LogAudio: Display: No default SoundConcurrencyObject specified (or failed to load).
[2022.04.29-17.07.25:738][  0]LogAudio: Display: Audio Device Manager Initialized
[2022.04.29-17.07.25:738][  0]LogAudio: Display: Creating Audio Device:                 Id: 1, Scope: Shared, Realtime: True
[2022.04.29-17.07.25:738][  0]LogAudioMixer: Display: Audio Mixer Platform Settings:
[2022.04.29-17.07.25:738][  0]LogAudioMixer: Display: 	Sample Rate:						  48000
[2022.04.29-17.07.25:738][  0]LogAudioMixer: Display: 	Callback Buffer Frame Size Requested: 1024
[2022.04.29-17.07.25:738][  0]LogAudioMixer: Display: 	Callback Buffer Frame Size To Use:	  1024
[2022.04.29-17.07.25:738][  0]LogAudioMixer: Display: 	Number of buffers to queue:			  2
[2022.04.29-17.07.25:738][  0]LogAudioMixer: Display: 	Max Channels (voices):				  32
[2022.04.29-17.07.25:738][  0]LogAudioMixer: Display: 	Number of Async Source Workers:		  0
[2022.04.29-17.07.25:738][  0]LogAudio: Display: AudioDevice MaxSources: 32
[2022.04.29-17.07.25:738][  0]LogAudio: Display: Audio Spatialization Plugin: None (built-in).
[2022.04.29-17.07.25:738][  0]LogAudio: Display: Audio Reverb Plugin: None (built-in).
[2022.04.29-17.07.25:738][  0]LogAudio: Display: Audio Occlusion Plugin: None (built-in).
[2022.04.29-17.07.25:738][  0]LogAudioMixer: Display: Initializing audio mixer.
[2022.04.29-17.07.25:750][  0]LogAudioMixer: Display: 0: FrontLeft
[2022.04.29-17.07.25:750][  0]LogAudioMixer: Display: 1: FrontRight
[2022.04.29-17.07.25:793][  0]LogAudioMixer: Display: Using Audio Device Altavoces (Realtek High Definition Audio)
[2022.04.29-17.07.25:798][  0]LogAudioMixer: Display: Initializing Sound Submixes...
[2022.04.29-17.07.25:799][  0]LogAudioMixer: Display: Creating Master Submix 'MasterSubmixDefault'
[2022.04.29-17.07.25:799][  0]LogAudioMixer: Display: Creating Master Submix 'MasterReverbSubmixDefault'
[2022.04.29-17.07.25:800][  0]LogAudioMixer: Display: Creating Master Submix 'MasterEQSubmixDefault'
[2022.04.29-17.07.25:800][  0]LogAudioMixer: FMixerPlatformXAudio2::StartAudioStream() called
[2022.04.29-17.07.25:800][  0]LogAudioMixer: Display: Output buffers initialized: Frames=1024, Channels=2, Samples=2048
[2022.04.29-17.07.25:801][  0]LogAudioMixer: Display: Starting AudioMixerPlatformInterface::RunInternal()
[2022.04.29-17.07.25:801][  0]LogAudioMixer: Display: FMixerPlatformXAudio2::SubmitBuffer() called for the first time
[2022.04.29-17.07.25:801][  0]LogInit: FAudioDevice initialized.
[2022.04.29-17.07.25:802][  0]LogNetVersion: Set ProjectVersion to 1.0.0.0. Version Checksum will be recalculated on next use.
[2022.04.29-17.07.25:802][  0]LogInit: Texture streaming: Enabled
[2022.04.29-17.07.25:863][  0]LogAudio: Display: Audio Device (ID: 1) registered with world 'Untitled'.
[2022.04.29-17.07.25:863][  0]LogSlate: Updating window title bar state: overlay mode, drag disabled, window buttons hidden, title bar hidden
[2022.04.29-17.07.25:864][  0]LogInit: Display: Game Engine Initialized.
[2022.04.29-17.07.25:864][  0]LogNiagaraEditor: GEditor isn't valid! Particle reset commands will not work for Niagara components!
[2022.04.29-17.07.25:970][  0]LogInit: Display: Starting Game.
[2022.04.29-17.07.25:970][  0]LogNet: Browse: /Game/Maps/Level_MenuPrincipal?Name=Player
[2022.04.29-17.07.25:970][  0]LogLoad: LoadMap: /Game/Maps/Level_MenuPrincipal?Name=Player
[2022.04.29-17.07.25:971][  0]LogWorld: BeginTearingDown for /Temp/Untitled_0
[2022.04.29-17.07.25:972][  0]LogWorld: UWorld::CleanupWorld for Untitled, bSessionEnded=true, bCleanupResources=true
[2022.04.29-17.07.25:975][  0]LogAudio: Display: Audio Device unregistered from world 'None'.
[2022.04.29-17.07.25:977][  0]LogUObjectHash: Compacting FUObjectHashTables data took   0.60ms
[2022.04.29-17.07.25:996][  0]LogAudio: Display: Audio Device (ID: 1) registered with world 'Level_MenuPrincipal'.
[2022.04.29-17.07.26:001][  0]LogAIModule: Creating AISystem for world Level_MenuPrincipal
[2022.04.29-17.07.26:002][  0]LogUObjectGlobals: Warning: Failed to load '/Game/NewBlueprint1': Can't find file.
[2022.04.29-17.07.26:002][  0]LogUObjectGlobals: Warning: Failed to load '/Game/NewBlueprint1': Can't find file.
[2022.04.29-17.07.26:002][  0]LogUObjectGlobals: Warning: Failed to find object 'Class /Game/NewBlueprint1.NewBlueprint1_C'
[2022.04.29-17.07.26:002][  0]LogLoad: Game class is 'GameModeBase'
[2022.04.29-17.07.26:003][  0]LogWorld: Bringing World /Game/Maps/Level_MenuPrincipal.Level_MenuPrincipal up for play (max tick rate 0) at 2022.04.29-19.07.26
[2022.04.29-17.07.26:003][  0]LogWorld: Bringing up level for play took: 0.000362
[2022.04.29-17.07.26:003][  0]LogGameMode: FindPlayerStart: PATHS NOT DEFINED or NO PLAYERSTART with positive rating
[2022.04.29-17.07.26:005][  0]LogLoad: Took 0.034009 seconds to LoadMap(/Game/Maps/Level_MenuPrincipal)
[2022.04.29-17.07.27:579][  0]LogThreadingWindows: Error: Runnable thread SlateLoadingThread1 crashed.
[2022.04.29-17.07.27:579][  0]LogWindows: Error: === Critical error: ===
[2022.04.29-17.07.27:579][  0]LogWindows: Error: 
[2022.04.29-17.07.27:579][  0]LogWindows: Error: Fatal error!
[2022.04.29-17.07.27:579][  0]LogWindows: Error: 
[2022.04.29-17.07.27:579][  0]LogWindows: Error: Unhandled Exception: EXCEPTION_ACCESS_VIOLATION reading address 0xffffffffffffffff
[2022.04.29-17.07.27:579][  0]LogWindows: Error: 
[2022.04.29-17.07.27:579][  0]LogWindows: Error: [Callstack] 0x00007ffc7424b1a2 UE4Editor-SlateCore.dll!UnknownFunction []
[2022.04.29-17.07.27:579][  0]LogWindows: Error: [Callstack] 0x00007ffc6879d870 UE4Editor-SlateRHIRenderer.dll!UnknownFunction []
[2022.04.29-17.07.27:579][  0]LogWindows: Error: [Callstack] 0x00007ffc687b4094 UE4Editor-SlateRHIRenderer.dll!UnknownFunction []
[2022.04.29-17.07.27:579][  0]LogWindows: Error: [Callstack] 0x00007ffccfefeb89 UE4Editor-MoviePlayer.dll!UnknownFunction []
[2022.04.29-17.07.27:579][  0]LogWindows: Error: [Callstack] 0x00007ffccff074e4 UE4Editor-MoviePlayer.dll!UnknownFunction []
[2022.04.29-17.07.27:579][  0]LogWindows: Error: [Callstack] 0x00007ffccff061ea UE4Editor-MoviePlayer.dll!UnknownFunction []
[2022.04.29-17.07.27:579][  0]LogWindows: Error: [Callstack] 0x00007ffc78c2ff0b UE4Editor-Core.dll!UnknownFunction []
[2022.04.29-17.07.27:579][  0]LogWindows: Error: [Callstack] 0x00007ffc78c27050 UE4Editor-Core.dll!UnknownFunction []
[2022.04.29-17.07.27:579][  0]LogWindows: Error: [Callstack] 0x00007ffce7cf7034 KERNEL32.DLL!UnknownFunction []
[2022.04.29-17.07.27:579][  0]LogWindows: Error: [Callstack] 0x00007ffce8cc2651 ntdll.dll!UnknownFunction []
[2022.04.29-17.07.27:579][  0]LogWindows: Error: 
[2022.04.29-17.07.27:579][  0]LogWindows: Error: Crash in runnable thread SlateLoadingThread1
[2022.04.29-17.07.27:595][  0]LogExit: Executing StaticShutdownAfterError
[2022.04.29-17.07.27:595][  0]LogWindows: FPlatformMisc::RequestExit(1)
[2022.04.29-17.07.27:595][  0]LogWindows: FPlatformMisc::RequestExitWithStatus(1, 3)
[2022.04.29-17.07.27:595][  0]LogCore: Engine exit requested (reason: Win RequestExit)
[2022.04.29-17.07.27:600][  0]Log file closed, 04/29/22 19:07:27
