Log file open, 04/29/22 15:48:27
LogWindows: Failed to load 'aqProf.dll' (GetLastError=126)
LogWindows: File 'aqProf.dll' does not exist
LogWindows: Failed to load 'VtuneApi.dll' (GetLastError=126)
LogWindows: File 'VtuneApi.dll' does not exist
LogWindows: Failed to load 'VtuneApi32e.dll' (GetLastError=126)
LogWindows: File 'VtuneApi32e.dll' does not exist
LogConsoleResponse: Display: Failed to find resolution value strings in scalability ini. Falling back to default.
LogConsoleResponse: Display: Failed to find resolution value strings in scalability ini. Falling back to default.
LogInit: Display: Running engine for game: MyProject6
LogPlatformFile: Not using cached read wrapper
LogTaskGraph: Started task graph with 5 named threads and 23 total threads with 3 sets of task threads.
LogStats: Stats thread started at 0.251636
LogICUInternationalization: ICU TimeZone Detection - Raw Offset: +1:00, Platform Override: ''
LogInit: Display: Loading text-based GConfig....
LogPluginManager: Mounting plugin MeshPainting
LogPluginManager: Mounting plugin XGEController
LogPluginManager: Mounting plugin Paper2D
LogPluginManager: Mounting plugin AISupport
LogPluginManager: Mounting plugin LightPropagationVolume
LogPluginManager: Mounting plugin EnvironmentQueryEditor
LogPluginManager: Mounting plugin OodleData
LogPluginManager: Mounting plugin LiveLink
LogPluginManager: Mounting plugin OodleNetwork
LogPluginManager: Mounting plugin CameraShakePreviewer
LogPluginManager: Mounting plugin GameplayCameras
LogPluginManager: Mounting plugin DatasmithContent
LogPluginManager: Mounting plugin AlembicImporter
LogPluginManager: Mounting plugin VariantManagerContent
LogPluginManager: Mounting plugin AutomationUtils
LogPluginManager: Mounting plugin BackChannel
LogPluginManager: Mounting plugin ChaosCloth
LogPluginManager: Mounting plugin ChaosClothEditor
LogPluginManager: Mounting plugin ChaosEditor
LogPluginManager: Mounting plugin ChaosNiagara
LogPluginManager: Mounting plugin ChaosSolverPlugin
LogPluginManager: Mounting plugin CharacterAI
LogPluginManager: Mounting plugin GeometryCache
LogPluginManager: Mounting plugin GeometryCollectionPlugin
LogPluginManager: Mounting plugin GeometryProcessing
LogPluginManager: Mounting plugin MotoSynth
LogPluginManager: Mounting plugin OpenImageDenoise
LogPluginManager: Mounting plugin PlanarCut
LogPluginManager: Mounting plugin PlatformCrypto
LogPluginManager: Mounting plugin ProxyLODPlugin
LogPluginManager: Mounting plugin PythonScriptPlugin
LogPluginManager: Mounting plugin SkeletalReduction
LogPluginManager: Mounting plugin Niagara
LogPluginManager: Mounting plugin AnimationSharing
LogPluginManager: Mounting plugin CLionSourceCodeAccess
LogPluginManager: Mounting plugin CodeLiteSourceCodeAccess
LogPluginManager: Mounting plugin GitSourceControl
LogPluginManager: Mounting plugin KDevelopSourceCodeAccess
LogPluginManager: Mounting plugin NullSourceCodeAccess
LogPluginManager: Mounting plugin PerforceSourceControl
LogPluginManager: Mounting plugin PixWinPlugin
LogPluginManager: Mounting plugin PlasticSourceControl
LogPluginManager: Mounting plugin PluginUtils
LogPluginManager: Mounting plugin PropertyAccessNode
LogPluginManager: Mounting plugin RiderSourceCodeAccess
LogPluginManager: Mounting plugin SubversionSourceControl
LogPluginManager: Mounting plugin TextureFormatOodle
LogPluginManager: Mounting plugin UObjectPlugin
LogPluginManager: Mounting plugin VisualStudioCodeSourceCodeAccess
LogPluginManager: Mounting plugin LuminPlatformFeatures
LogPluginManager: Mounting plugin VisualStudioSourceCodeAccess
LogPluginManager: Mounting plugin XCodeSourceCodeAccess
LogPluginManager: Mounting plugin MagicLeap
LogPluginManager: Mounting plugin MagicLeapMedia
LogPluginManager: Mounting plugin MagicLeapLightEstimation
LogPluginManager: Mounting plugin MagicLeapPassableWorld
LogPluginManager: Mounting plugin AssetManagerEditor
LogPluginManager: Mounting plugin MLSDK
LogPluginManager: Mounting plugin CurveEditorTools
LogPluginManager: Mounting plugin GameplayTagsEditor
LogPluginManager: Mounting plugin DataValidation
LogPluginManager: Mounting plugin FacialAnimation
LogPluginManager: Mounting plugin CryptoKeys
LogPluginManager: Mounting plugin GeometryMode
LogPluginManager: Mounting plugin MacGraphicsSwitching
LogPluginManager: Mounting plugin MaterialAnalyzer
LogPluginManager: Mounting plugin PluginBrowser
LogPluginManager: Mounting plugin MobileLauncherProfileWizard
LogPluginManager: Mounting plugin AndroidMedia
LogPluginManager: Mounting plugin SpeedTreeImporter
LogPluginManager: Mounting plugin AvfMedia
LogPluginManager: Mounting plugin MediaCompositing
LogPluginManager: Mounting plugin ImgMedia
LogPluginManager: Mounting plugin MediaPlayerEditor
LogPluginManager: Mounting plugin WebMMedia
LogPluginManager: Mounting plugin WmfMedia
LogPluginManager: Mounting plugin AsyncLoadingScreen
LogPluginManager: Mounting plugin TcpMessaging
LogPluginManager: Mounting plugin ActorSequence
LogPluginManager: Mounting plugin LevelSequenceEditor
LogPluginManager: Mounting plugin MatineeToLevelSequence
LogPluginManager: Mounting plugin UdpMessaging
LogPluginManager: Mounting plugin TemplateSequence
LogPluginManager: Mounting plugin OnlineSubsystem
LogPluginManager: Mounting plugin OnlineSubsystemNull
LogPluginManager: Mounting plugin OnlineSubsystemUtils
LogPluginManager: Mounting plugin LauncherChunkInstaller
LogPluginManager: Mounting plugin AndroidMoviePlayer
LogPluginManager: Mounting plugin AndroidDeviceProfileSelector
LogPluginManager: Mounting plugin ActorLayerUtilities
LogPluginManager: Mounting plugin AndroidPermission
LogPluginManager: Mounting plugin AppleImageUtils
LogPluginManager: Mounting plugin AppleMoviePlayer
LogPluginManager: Mounting plugin ArchVisCharacter
LogPluginManager: Mounting plugin AudioSynesthesia
LogPluginManager: Mounting plugin AudioCapture
LogPluginManager: Mounting plugin ChunkDownloader
LogPluginManager: Mounting plugin CableComponent
LogPluginManager: Mounting plugin CustomMeshComponent
LogPluginManager: Mounting plugin AssetTags
LogPluginManager: Mounting plugin ExampleDeviceProfileSelector
LogPluginManager: Mounting plugin EditableMesh
LogPluginManager: Mounting plugin GoogleCloudMessaging
LogPluginManager: Mounting plugin GooglePAD
LogPluginManager: Mounting plugin IOSDeviceProfileSelector
LogPluginManager: Mounting plugin LinuxDeviceProfileSelector
LogPluginManager: Mounting plugin LocationServicesBPLibrary
LogPluginManager: Mounting plugin MobilePatchingUtils
LogPluginManager: Mounting plugin OpenXREyeTracker
LogPluginManager: Mounting plugin OpenXRHandTracking
LogPluginManager: Mounting plugin OpenXR
LogPluginManager: Mounting plugin PhysXVehicles
LogPluginManager: Mounting plugin PostSplashScreen
LogPluginManager: Mounting plugin ProceduralMeshComponent
LogPluginManager: Mounting plugin PropertyAccessEditor
LogPluginManager: Mounting plugin RuntimePhysXCooking
LogPluginManager: Mounting plugin SignificanceManager
LogPluginManager: Mounting plugin SoundFields
LogPluginManager: Mounting plugin Synthesis
LogPluginManager: Mounting plugin WebMMoviePlayer
LogPluginManager: Mounting plugin WindowsMoviePlayer
LogPluginManager: Mounting plugin ScreenshotTools
LogPluginManager: Mounting plugin Takes
LogPluginManager: Mounting plugin ContentBrowserAssetDataSource
LogPluginManager: Mounting plugin ContentBrowserFileDataSource
LogPluginManager: Mounting plugin ContentBrowserClassDataSource
LogPluginManager: Mounting plugin OnlineSubsystemGooglePlay
LogPluginManager: Mounting plugin OnlineSubsystemIOS
LogPluginManager: Mounting plugin OculusVR
LogPluginManager: Mounting plugin SteamVR
PixWinPlugin: PIX capture plugin failed to initialize! Check that the process is launched from PIX.
LogInit: Using libcurl 7.55.1-DEV
LogInit:  - built for x86_64-pc-win32
LogInit:  - supports SSL with OpenSSL/1.1.1
LogInit:  - supports HTTP deflate (compression) using libz 1.2.8
LogInit:  - other features:
LogInit:      CURL_VERSION_SSL
LogInit:      CURL_VERSION_LIBZ
LogInit:      CURL_VERSION_IPV6
LogInit:      CURL_VERSION_ASYNCHDNS
LogInit:      CURL_VERSION_LARGEFILE
LogInit:      CURL_VERSION_IDN
LogInit:  CurlRequestOptions (configurable via config and command line):
LogInit:  - bVerifyPeer = true  - Libcurl will verify peer certificate
LogInit:  - bUseHttpProxy = false  - Libcurl will NOT use HTTP proxy
LogInit:  - bDontReuseConnections = false  - Libcurl will reuse connections
LogInit:  - MaxHostConnections = 16  - Libcurl will limit the number of connections to a host
LogInit:  - LocalHostAddr = Default
LogInit:  - BufferSize = 65536
LogOnline: OSS: Creating online subsystem instance for: NULL
LogInit: WinSock: version 1.1 (2.2), MaxSocks=32767, MaxUdp=65467
LogOnline: OSS: TryLoadSubsystemAndSetDefault: Loaded subsystem for module [NULL]
LogOculusPluginWrapper: OculusPlugin initialized successfully
LogHMD: Failed initializing OVRPlugin 1.59.0
LogInit: Build: ++UE4+Release-4.27-CL-18319896
LogInit: Engine Version: 4.27.2-18319896+++UE4+Release-4.27
LogInit: Compatible Engine Version: 4.27.0-17155196+++UE4+Release-4.27
LogInit: Net CL: 17155196
LogInit: OS: Windows 10 (Release 2009) (), CPU: Intel(R) Core(TM) i7-6700K CPU @ 4.00GHz, GPU: NVIDIA GeForce GTX 1080
LogInit: Compiled (64-bit): Nov 30 2021 07:12:08
LogInit: Compiled with Visual C++: 19.24.28315.00
LogInit: Build Configuration: Development
LogInit: Branch Name: ++UE4+Release-4.27
LogInit: Command Line:  /Game/voladorio -game -PIEVIACONSOLE -Multiprocess GameUserSettingsINI=C:/Users/Llorenç/Desktop/wetransfer_pakaro_2022-04-26_1655/MyProject6/Saved/Config/Windows/PIEGameUserSettings0.ini -MultiprocessSaveConfig -forcepassthrough -messaging -SessionName="Play in Standalone Game" -windowed -WinX=0 -WinY=24 SAVEWINPOS=1 -ResX=1910 -ResY=1006
LogInit: Base Directory: D:/PROGRAMES/Unreal/UE_4.27/Engine/Binaries/Win64/
LogInit: Allocator: TBB
LogInit: Installed Engine Build: 1
LogDevObjectVersion: Number of dev versions registered: 29
LogDevObjectVersion:   Dev-Blueprints (B0D832E4-1F89-4F0D-ACCF-7EB736FD4AA2): 10
LogDevObjectVersion:   Dev-Build (E1C64328-A22C-4D53-A36C-8E866417BD8C): 0
LogDevObjectVersion:   Dev-Core (375EC13C-06E4-48FB-B500-84F0262A717E): 4
LogDevObjectVersion:   Dev-Editor (E4B068ED-F494-42E9-A231-DA0B2E46BB41): 40
LogDevObjectVersion:   Dev-Framework (CFFC743F-43B0-4480-9391-14DF171D2073): 37
LogDevObjectVersion:   Dev-Mobile (B02B49B5-BB20-44E9-A304-32B752E40360): 3
LogDevObjectVersion:   Dev-Networking (A4E4105C-59A1-49B5-A7C5-40C4547EDFEE): 0
LogDevObjectVersion:   Dev-Online (39C831C9-5AE6-47DC-9A44-9C173E1C8E7C): 0
LogDevObjectVersion:   Dev-Physics (78F01B33-EBEA-4F98-B9B4-84EACCB95AA2): 14
LogDevObjectVersion:   Dev-Platform (6631380F-2D4D-43E0-8009-CF276956A95A): 0
LogDevObjectVersion:   Dev-Rendering (12F88B9F-8875-4AFC-A67C-D90C383ABD29): 45
LogDevObjectVersion:   Dev-Sequencer (7B5AE74C-D270-4C10-A958-57980B212A5A): 13
LogDevObjectVersion:   Dev-VR (D7296918-1DD6-4BDD-9DE2-64A83CC13884): 3
LogDevObjectVersion:   Dev-LoadTimes (C2A15278-BFE7-4AFE-6C17-90FF531DF755): 1
LogDevObjectVersion:   Private-Geometry (6EACA3D4-40EC-4CC1-B786-8BED09428FC5): 3
LogDevObjectVersion:   Dev-AnimPhys (29E575DD-E0A3-4627-9D10-D276232CDCEA): 17
LogDevObjectVersion:   Dev-Anim (AF43A65D-7FD3-4947-9873-3E8ED9C1BB05): 15
LogDevObjectVersion:   Dev-ReflectionCapture (6B266CEC-1EC7-4B8F-A30B-E4D90942FC07): 1
LogDevObjectVersion:   Dev-Automation (0DF73D61-A23F-47EA-B727-89E90C41499A): 1
LogDevObjectVersion:   FortniteMain (601D1886-AC64-4F84-AA16-D3DE0DEAC7D6): 47
LogDevObjectVersion:   FortniteRelease (E7086368-6B23-4C58-8439-1B7016265E91): 1
LogDevObjectVersion:   Dev-Enterprise (9DFFBCD6-494F-0158-E221-12823C92A888): 10
LogDevObjectVersion:   Dev-Niagara (F2AED0AC-9AFE-416F-8664-AA7FFA26D6FC): 1
LogDevObjectVersion:   Dev-Destruction (174F1F0B-B4C6-45A5-B13F-2EE8D0FB917D): 10
LogDevObjectVersion:   Dev-Physics-Ext (35F94A83-E258-406C-A318-09F59610247C): 41
LogDevObjectVersion:   Dev-PhysicsMaterial-Chaos (B68FC16E-8B1B-42E2-B453-215C058844FE): 1
LogDevObjectVersion:   Dev-CineCamera (B2E18506-4273-CFC2-A54E-F4BB758BBA07): 1
LogDevObjectVersion:   Dev-VirtualProduction (64F58936-FD1B-42BA-BA96-7289D5D0FA4E): 1
LogDevObjectVersion:   Dev-MediaFramework (6F0ED827-A609-4895-9C91-998D90180EA4): 2
LogInit: Presizing for max 25165824 objects, including 0 objects not considered by GC, pre-allocating 0 bytes for permanent pool.
LogConfig: Applying CVar settings from Section [/Script/Engine.StreamingSettings] File [C:/Users/Llorenç/Desktop/wetransfer_pakaro_2022-04-26_1655/MyProject6/Saved/Config/Windows/Engine.ini]
LogConfig: Setting CVar [[s.MinBulkDataSizeForAsyncLoading:131072]]
LogConfig: Setting CVar [[s.AsyncLoadingThreadEnabled:0]]
LogConfig: Setting CVar [[s.EventDrivenLoaderEnabled:1]]
LogConfig: Setting CVar [[s.WarnIfTimeLimitExceeded:0]]
LogConfig: Setting CVar [[s.TimeLimitExceededMultiplier:1.5]]
LogConfig: Setting CVar [[s.TimeLimitExceededMinTime:0.005]]
LogConfig: Setting CVar [[s.UseBackgroundLevelStreaming:1]]
LogConfig: Setting CVar [[s.PriorityAsyncLoadingExtraTime:15.0]]
LogConfig: Setting CVar [[s.LevelStreamingActorsUpdateTimeLimit:5.0]]
LogConfig: Setting CVar [[s.PriorityLevelStreamingActorsUpdateExtraTime:5.0]]
LogConfig: Setting CVar [[s.LevelStreamingComponentsRegistrationGranularity:10]]
LogConfig: Setting CVar [[s.UnregisterComponentsTimeLimit:1.0]]
LogConfig: Setting CVar [[s.LevelStreamingComponentsUnregistrationGranularity:5]]
LogConfig: Setting CVar [[s.FlushStreamingOnExit:1]]
LogInit: Object subsystem initialized
LogConfig: Setting CVar [[con.DebugEarlyDefault:1]]
LogConfig: Setting CVar [[r.setres:1280x720]]
[2022.04.29-13.48.27:708][  0]LogConfig: Setting CVar [[con.DebugEarlyDefault:1]]
[2022.04.29-13.48.27:708][  0]LogConfig: Setting CVar [[r.setres:1280x720]]
[2022.04.29-13.48.27:708][  0]LogConfig: Applying CVar settings from Section [/Script/Engine.RendererSettings] File [C:/Users/Llorenç/Desktop/wetransfer_pakaro_2022-04-26_1655/MyProject6/Saved/Config/Windows/Engine.ini]
[2022.04.29-13.48.27:708][  0]LogConfig: Setting CVar [[r.GPUCrashDebugging:0]]
[2022.04.29-13.48.27:708][  0]LogConfig: Applying CVar settings from Section [/Script/Engine.RendererOverrideSettings] File [C:/Users/Llorenç/Desktop/wetransfer_pakaro_2022-04-26_1655/MyProject6/Saved/Config/Windows/Engine.ini]
[2022.04.29-13.48.27:708][  0]LogConfig: Applying CVar settings from Section [/Script/Engine.StreamingSettings] File [C:/Users/Llorenç/Desktop/wetransfer_pakaro_2022-04-26_1655/MyProject6/Saved/Config/Windows/Engine.ini]
[2022.04.29-13.48.27:708][  0]LogConfig: Setting CVar [[s.MinBulkDataSizeForAsyncLoading:131072]]
[2022.04.29-13.48.27:708][  0]LogConfig: Setting CVar [[s.AsyncLoadingThreadEnabled:0]]
[2022.04.29-13.48.27:708][  0]LogConfig: Setting CVar [[s.EventDrivenLoaderEnabled:1]]
[2022.04.29-13.48.27:708][  0]LogConfig: Setting CVar [[s.WarnIfTimeLimitExceeded:0]]
[2022.04.29-13.48.27:708][  0]LogConfig: Setting CVar [[s.TimeLimitExceededMultiplier:1.5]]
[2022.04.29-13.48.27:709][  0]LogConfig: Setting CVar [[s.TimeLimitExceededMinTime:0.005]]
[2022.04.29-13.48.27:709][  0]LogConfig: Setting CVar [[s.UseBackgroundLevelStreaming:1]]
[2022.04.29-13.48.27:709][  0]LogConfig: Setting CVar [[s.PriorityAsyncLoadingExtraTime:15.0]]
[2022.04.29-13.48.27:709][  0]LogConfig: Setting CVar [[s.LevelStreamingActorsUpdateTimeLimit:5.0]]
[2022.04.29-13.48.27:709][  0]LogConfig: Setting CVar [[s.PriorityLevelStreamingActorsUpdateExtraTime:5.0]]
[2022.04.29-13.48.27:709][  0]LogConfig: Setting CVar [[s.LevelStreamingComponentsRegistrationGranularity:10]]
[2022.04.29-13.48.27:709][  0]LogConfig: Setting CVar [[s.UnregisterComponentsTimeLimit:1.0]]
[2022.04.29-13.48.27:709][  0]LogConfig: Setting CVar [[s.LevelStreamingComponentsUnregistrationGranularity:5]]
[2022.04.29-13.48.27:709][  0]LogConfig: Setting CVar [[s.FlushStreamingOnExit:1]]
[2022.04.29-13.48.27:709][  0]LogConfig: Applying CVar settings from Section [/Script/Engine.GarbageCollectionSettings] File [C:/Users/Llorenç/Desktop/wetransfer_pakaro_2022-04-26_1655/MyProject6/Saved/Config/Windows/Engine.ini]
[2022.04.29-13.48.27:709][  0]LogConfig: Setting CVar [[gc.MaxObjectsNotConsideredByGC:1]]
[2022.04.29-13.48.27:709][  0]LogConfig: Setting CVar [[gc.SizeOfPermanentObjectPool:0]]
[2022.04.29-13.48.27:709][  0]LogConfig: Setting CVar [[gc.FlushStreamingOnGC:0]]
[2022.04.29-13.48.27:709][  0]LogConfig: Setting CVar [[gc.NumRetriesBeforeForcingGC:10]]
[2022.04.29-13.48.27:709][  0]LogConfig: Setting CVar [[gc.AllowParallelGC:1]]
[2022.04.29-13.48.27:709][  0]LogConfig: Setting CVar [[gc.TimeBetweenPurgingPendingKillObjects:61.1]]
[2022.04.29-13.48.27:709][  0]LogConfig: Setting CVar [[gc.MaxObjectsInEditor:25165824]]
[2022.04.29-13.48.27:709][  0]LogConfig: Setting CVar [[gc.IncrementalBeginDestroyEnabled:1]]
[2022.04.29-13.48.27:709][  0]LogConfig: Setting CVar [[gc.CreateGCClusters:1]]
[2022.04.29-13.48.27:709][  0]LogConfig: Setting CVar [[gc.MinGCClusterSize:5]]
[2022.04.29-13.48.27:709][  0]LogConfig: Setting CVar [[gc.ActorClusteringEnabled:0]]
[2022.04.29-13.48.27:709][  0]LogConfig: Setting CVar [[gc.BlueprintClusteringEnabled:0]]
[2022.04.29-13.48.27:709][  0]LogConfig: Setting CVar [[gc.UseDisregardForGCOnDedicatedServers:0]]
[2022.04.29-13.48.27:709][  0]LogConfig: Setting CVar [[gc.MultithreadedDestructionEnabled:1]]
[2022.04.29-13.48.27:709][  0]LogConfig: Applying CVar settings from Section [/Script/Engine.NetworkSettings] File [C:/Users/Llorenç/Desktop/wetransfer_pakaro_2022-04-26_1655/MyProject6/Saved/Config/Windows/Engine.ini]
[2022.04.29-13.48.27:709][  0]LogConfig: Applying CVar settings from Section [/Script/UnrealEd.CookerSettings] File [C:/Users/Llorenç/Desktop/wetransfer_pakaro_2022-04-26_1655/MyProject6/Saved/Config/Windows/Engine.ini]
[2022.04.29-13.48.27:721][  0]LogConfig: Applying CVar settings from Section [ViewDistanceQuality@3] File [C:/Users/Llorenç/Desktop/wetransfer_pakaro_2022-04-26_1655/MyProject6/Saved/Config/Windows/Scalability.ini]
[2022.04.29-13.48.27:721][  0]LogConfig: Setting CVar [[r.SkeletalMeshLODBias:0]]
[2022.04.29-13.48.27:721][  0]LogConfig: Setting CVar [[r.ViewDistanceScale:1.0]]
[2022.04.29-13.48.27:721][  0]LogConfig: Applying CVar settings from Section [AntiAliasingQuality@3] File [C:/Users/Llorenç/Desktop/wetransfer_pakaro_2022-04-26_1655/MyProject6/Saved/Config/Windows/Scalability.ini]
[2022.04.29-13.48.27:721][  0]LogConfig: Setting CVar [[r.PostProcessAAQuality:4]]
[2022.04.29-13.48.27:721][  0]LogConfig: Applying CVar settings from Section [ShadowQuality@3] File [C:/Users/Llorenç/Desktop/wetransfer_pakaro_2022-04-26_1655/MyProject6/Saved/Config/Windows/Scalability.ini]
[2022.04.29-13.48.27:721][  0]LogConfig: Setting CVar [[r.LightFunctionQuality:1]]
[2022.04.29-13.48.27:721][  0]LogConfig: Setting CVar [[r.ShadowQuality:5]]
[2022.04.29-13.48.27:721][  0]LogConfig: Setting CVar [[r.Shadow.CSM.MaxCascades:10]]
[2022.04.29-13.48.27:721][  0]LogConfig: Setting CVar [[r.Shadow.MaxResolution:2048]]
[2022.04.29-13.48.27:721][  0]LogConfig: Setting CVar [[r.Shadow.MaxCSMResolution:2048]]
[2022.04.29-13.48.27:721][  0]LogConfig: Setting CVar [[r.Shadow.RadiusThreshold:0.01]]
[2022.04.29-13.48.27:721][  0]LogConfig: Setting CVar [[r.Shadow.DistanceScale:1.0]]
[2022.04.29-13.48.27:721][  0]LogConfig: Setting CVar [[r.Shadow.CSM.TransitionScale:1.0]]
[2022.04.29-13.48.27:721][  0]LogConfig: Setting CVar [[r.Shadow.PreShadowResolutionFactor:1.0]]
[2022.04.29-13.48.27:721][  0]LogConfig: Setting CVar [[r.DistanceFieldShadowing:1]]
[2022.04.29-13.48.27:721][  0]LogConfig: Setting CVar [[r.DistanceFieldAO:1]]
[2022.04.29-13.48.27:721][  0]LogConfig: Setting CVar [[r.AOQuality:2]]
[2022.04.29-13.48.27:721][  0]LogConfig: Setting CVar [[r.VolumetricFog:1]]
[2022.04.29-13.48.27:721][  0]LogConfig: Setting CVar [[r.VolumetricFog.GridPixelSize:8]]
[2022.04.29-13.48.27:721][  0]LogConfig: Setting CVar [[r.VolumetricFog.GridSizeZ:128]]
[2022.04.29-13.48.27:721][  0]LogConfig: Setting CVar [[r.VolumetricFog.HistoryMissSupersampleCount:4]]
[2022.04.29-13.48.27:721][  0]LogConfig: Setting CVar [[r.LightMaxDrawDistanceScale:1]]
[2022.04.29-13.48.27:721][  0]LogConfig: Setting CVar [[r.CapsuleShadows:1]]
[2022.04.29-13.48.27:721][  0]LogConfig: Applying CVar settings from Section [PostProcessQuality@3] File [C:/Users/Llorenç/Desktop/wetransfer_pakaro_2022-04-26_1655/MyProject6/Saved/Config/Windows/Scalability.ini]
[2022.04.29-13.48.27:721][  0]LogConfig: Setting CVar [[r.MotionBlurQuality:4]]
[2022.04.29-13.48.27:721][  0]LogConfig: Setting CVar [[r.AmbientOcclusionMipLevelFactor:0.4]]
[2022.04.29-13.48.27:721][  0]LogConfig: Setting CVar [[r.AmbientOcclusionMaxQuality:100]]
[2022.04.29-13.48.27:721][  0]LogConfig: Setting CVar [[r.AmbientOcclusionLevels:-1]]
[2022.04.29-13.48.27:721][  0]LogConfig: Setting CVar [[r.AmbientOcclusionRadiusScale:1.0]]
[2022.04.29-13.48.27:721][  0]LogConfig: Setting CVar [[r.DepthOfFieldQuality:2]]
[2022.04.29-13.48.27:721][  0]LogConfig: Setting CVar [[r.RenderTargetPoolMin:400]]
[2022.04.29-13.48.27:721][  0]LogConfig: Setting CVar [[r.LensFlareQuality:2]]
[2022.04.29-13.48.27:721][  0]LogConfig: Setting CVar [[r.SceneColorFringeQuality:1]]
[2022.04.29-13.48.27:722][  0]LogConfig: Setting CVar [[r.EyeAdaptationQuality:2]]
[2022.04.29-13.48.27:722][  0]LogConfig: Setting CVar [[r.BloomQuality:5]]
[2022.04.29-13.48.27:722][  0]LogConfig: Setting CVar [[r.FastBlurThreshold:100]]
[2022.04.29-13.48.27:722][  0]LogConfig: Setting CVar [[r.Upscale.Quality:3]]
[2022.04.29-13.48.27:722][  0]LogConfig: Setting CVar [[r.Tonemapper.GrainQuantization:1]]
[2022.04.29-13.48.27:722][  0]LogConfig: Setting CVar [[r.LightShaftQuality:1]]
[2022.04.29-13.48.27:722][  0]LogConfig: Setting CVar [[r.Filter.SizeScale:1]]
[2022.04.29-13.48.27:722][  0]LogConfig: Setting CVar [[r.Tonemapper.Quality:5]]
[2022.04.29-13.48.27:722][  0]LogConfig: Setting CVar [[r.DOF.Gather.AccumulatorQuality:1        ; higher gathering accumulator quality]]
[2022.04.29-13.48.27:722][  0]LogConfig: Setting CVar [[r.DOF.Gather.PostfilterMethod:1          ; Median3x3 postfilering method]]
[2022.04.29-13.48.27:722][  0]LogConfig: Setting CVar [[r.DOF.Gather.EnableBokehSettings:0       ; no bokeh simulation when gathering]]
[2022.04.29-13.48.27:722][  0]LogConfig: Setting CVar [[r.DOF.Gather.RingCount:4                 ; medium number of samples when gathering]]
[2022.04.29-13.48.27:722][  0]LogConfig: Setting CVar [[r.DOF.Scatter.ForegroundCompositing:1    ; additive foreground scattering]]
[2022.04.29-13.48.27:722][  0]LogConfig: Setting CVar [[r.DOF.Scatter.BackgroundCompositing:2    ; additive background scattering]]
[2022.04.29-13.48.27:722][  0]LogConfig: Setting CVar [[r.DOF.Scatter.EnableBokehSettings:1      ; bokeh simulation when scattering]]
[2022.04.29-13.48.27:722][  0]LogConfig: Setting CVar [[r.DOF.Scatter.MaxSpriteRatio:0.1         ; only a maximum of 10% of scattered bokeh]]
[2022.04.29-13.48.27:722][  0]LogConfig: Setting CVar [[r.DOF.Recombine.Quality:1                ; cheap slight out of focus]]
[2022.04.29-13.48.27:722][  0]LogConfig: Setting CVar [[r.DOF.Recombine.EnableBokehSettings:0    ; no bokeh simulation on slight out of focus]]
[2022.04.29-13.48.27:722][  0]LogConfig: Setting CVar [[r.DOF.TemporalAAQuality:1                ; more stable temporal accumulation]]
[2022.04.29-13.48.27:722][  0]LogConfig: Setting CVar [[r.DOF.Kernel.MaxForegroundRadius:0.025]]
[2022.04.29-13.48.27:722][  0]LogConfig: Setting CVar [[r.DOF.Kernel.MaxBackgroundRadius:0.025]]
[2022.04.29-13.48.27:722][  0]LogConfig: Applying CVar settings from Section [TextureQuality@3] File [C:/Users/Llorenç/Desktop/wetransfer_pakaro_2022-04-26_1655/MyProject6/Saved/Config/Windows/Scalability.ini]
[2022.04.29-13.48.27:722][  0]LogConfig: Setting CVar [[r.Streaming.MipBias:0]]
[2022.04.29-13.48.27:722][  0]LogConfig: Setting CVar [[r.Streaming.AmortizeCPUToGPUCopy:0]]
[2022.04.29-13.48.27:722][  0]LogConfig: Setting CVar [[r.Streaming.MaxNumTexturesToStreamPerFrame:0]]
[2022.04.29-13.48.27:722][  0]LogConfig: Setting CVar [[r.Streaming.Boost:1]]
[2022.04.29-13.48.27:722][  0]LogConfig: Setting CVar [[r.MaxAnisotropy:8]]
[2022.04.29-13.48.27:722][  0]LogConfig: Setting CVar [[r.VT.MaxAnisotropy:8]]
[2022.04.29-13.48.27:722][  0]LogConfig: Setting CVar [[r.Streaming.LimitPoolSizeToVRAM:0]]
[2022.04.29-13.48.27:722][  0]LogConfig: Setting CVar [[r.Streaming.PoolSize:1000]]
[2022.04.29-13.48.27:722][  0]LogConfig: Setting CVar [[r.Streaming.MaxEffectiveScreenSize:0]]
[2022.04.29-13.48.27:722][  0]LogConfig: Applying CVar settings from Section [EffectsQuality@3] File [C:/Users/Llorenç/Desktop/wetransfer_pakaro_2022-04-26_1655/MyProject6/Saved/Config/Windows/Scalability.ini]
[2022.04.29-13.48.27:722][  0]LogConfig: Setting CVar [[r.TranslucencyLightingVolumeDim:64]]
[2022.04.29-13.48.27:722][  0]LogConfig: Setting CVar [[r.RefractionQuality:2]]
[2022.04.29-13.48.27:722][  0]LogConfig: Setting CVar [[r.SSR.Quality:3]]
[2022.04.29-13.48.27:722][  0]LogConfig: Setting CVar [[r.SSR.HalfResSceneColor:0]]
[2022.04.29-13.48.27:722][  0]LogConfig: Setting CVar [[r.SceneColorFormat:4]]
[2022.04.29-13.48.27:722][  0]LogConfig: Setting CVar [[r.DetailMode:2]]
[2022.04.29-13.48.27:722][  0]LogConfig: Setting CVar [[r.TranslucencyVolumeBlur:1]]
[2022.04.29-13.48.27:722][  0]LogConfig: Setting CVar [[r.MaterialQualityLevel:1 ; High quality]]
[2022.04.29-13.48.27:722][  0]LogConfig: Setting CVar [[r.AnisotropicMaterials:1]]
[2022.04.29-13.48.27:722][  0]LogConfig: Setting CVar [[r.SSS.Scale:1]]
[2022.04.29-13.48.27:723][  0]LogConfig: Setting CVar [[r.SSS.SampleSet:2]]
[2022.04.29-13.48.27:723][  0]LogConfig: Setting CVar [[r.SSS.Quality:1]]
[2022.04.29-13.48.27:723][  0]LogConfig: Setting CVar [[r.SSS.HalfRes:0]]
[2022.04.29-13.48.27:723][  0]LogConfig: Setting CVar [[r.SSGI.Quality:3]]
[2022.04.29-13.48.27:723][  0]LogConfig: Setting CVar [[r.EmitterSpawnRateScale:1.0]]
[2022.04.29-13.48.27:723][  0]LogConfig: Setting CVar [[r.ParticleLightQuality:2]]
[2022.04.29-13.48.27:723][  0]LogConfig: Setting CVar [[r.SkyAtmosphere.AerialPerspectiveLUT.FastApplyOnOpaque:1 ; Always have FastSkyLUT 1 in this case to avoid wrong sky]]
[2022.04.29-13.48.27:723][  0]LogConfig: Setting CVar [[r.SkyAtmosphere.AerialPerspectiveLUT.SampleCountMaxPerSlice:4]]
[2022.04.29-13.48.27:723][  0]LogConfig: Setting CVar [[r.SkyAtmosphere.AerialPerspectiveLUT.DepthResolution:16.0]]
[2022.04.29-13.48.27:723][  0]LogConfig: Setting CVar [[r.SkyAtmosphere.FastSkyLUT:1]]
[2022.04.29-13.48.27:723][  0]LogConfig: Setting CVar [[r.SkyAtmosphere.FastSkyLUT.SampleCountMin:4.0]]
[2022.04.29-13.48.27:723][  0]LogConfig: Setting CVar [[r.SkyAtmosphere.FastSkyLUT.SampleCountMax:128.0]]
[2022.04.29-13.48.27:723][  0]LogConfig: Setting CVar [[r.SkyAtmosphere.SampleCountMin:4.0]]
[2022.04.29-13.48.27:723][  0]LogConfig: Setting CVar [[r.SkyAtmosphere.SampleCountMax:128.0]]
[2022.04.29-13.48.27:723][  0]LogConfig: Setting CVar [[r.SkyAtmosphere.TransmittanceLUT.UseSmallFormat:0]]
[2022.04.29-13.48.27:723][  0]LogConfig: Setting CVar [[r.SkyAtmosphere.TransmittanceLUT.SampleCount:10.0]]
[2022.04.29-13.48.27:723][  0]LogConfig: Setting CVar [[r.SkyAtmosphere.MultiScatteringLUT.SampleCount:15.0]]
[2022.04.29-13.48.27:723][  0]LogConfig: Setting CVar [[r.SkyLight.RealTimeReflectionCapture:1]]
[2022.04.29-13.48.27:723][  0]LogConfig: Applying CVar settings from Section [FoliageQuality@3] File [C:/Users/Llorenç/Desktop/wetransfer_pakaro_2022-04-26_1655/MyProject6/Saved/Config/Windows/Scalability.ini]
[2022.04.29-13.48.27:723][  0]LogConfig: Setting CVar [[foliage.DensityScale:1.0]]
[2022.04.29-13.48.27:723][  0]LogConfig: Setting CVar [[grass.DensityScale:1.0]]
[2022.04.29-13.48.27:723][  0]LogConfig: Applying CVar settings from Section [ShadingQuality@3] File [C:/Users/Llorenç/Desktop/wetransfer_pakaro_2022-04-26_1655/MyProject6/Saved/Config/Windows/Scalability.ini]
[2022.04.29-13.48.27:723][  0]LogConfig: Setting CVar [[r.HairStrands.SkyLighting.IntegrationType:2]]
[2022.04.29-13.48.27:723][  0]LogConfig: Setting CVar [[r.HairStrands.SkyAO.SampleCount:4]]
[2022.04.29-13.48.27:723][  0]LogConfig: Setting CVar [[r.HairStrands.Visibility.MSAA.SamplePerPixel:4]]
[2022.04.29-13.48.27:723][  0]LogInit: Selected Device Profile: [Windows]
[2022.04.29-13.48.27:723][  0]LogInit: Applying CVar settings loaded from the selected device profile: [Windows]
[2022.04.29-13.48.27:723][  0]LogHAL: Display: Platform has ~ 16 GB [17137803264 / 17179869184 / 16], which maps to Larger [LargestMinGB=32, LargerMinGB=12, DefaultMinGB=8, SmallerMinGB=6, SmallestMinGB=0)
[2022.04.29-13.48.27:723][  0]LogInit: Going up to parent DeviceProfile []
[2022.04.29-13.48.27:723][  0]LogConfig: Applying CVar settings from Section [ViewDistanceQuality@3] File [C:/Users/Llorenç/Desktop/wetransfer_pakaro_2022-04-26_1655/MyProject6/Saved/Config/Windows/Scalability.ini]
[2022.04.29-13.48.27:723][  0]LogConfig: Setting CVar [[r.SkeletalMeshLODBias:0]]
[2022.04.29-13.48.27:723][  0]LogConfig: Setting CVar [[r.ViewDistanceScale:1.0]]
[2022.04.29-13.48.27:723][  0]LogConfig: Applying CVar settings from Section [AntiAliasingQuality@3] File [C:/Users/Llorenç/Desktop/wetransfer_pakaro_2022-04-26_1655/MyProject6/Saved/Config/Windows/Scalability.ini]
[2022.04.29-13.48.27:723][  0]LogConfig: Setting CVar [[r.PostProcessAAQuality:4]]
[2022.04.29-13.48.27:723][  0]LogConfig: Applying CVar settings from Section [ShadowQuality@3] File [C:/Users/Llorenç/Desktop/wetransfer_pakaro_2022-04-26_1655/MyProject6/Saved/Config/Windows/Scalability.ini]
[2022.04.29-13.48.27:723][  0]LogConfig: Setting CVar [[r.LightFunctionQuality:1]]
[2022.04.29-13.48.27:723][  0]LogConfig: Setting CVar [[r.ShadowQuality:5]]
[2022.04.29-13.48.27:723][  0]LogConfig: Setting CVar [[r.Shadow.CSM.MaxCascades:10]]
[2022.04.29-13.48.27:723][  0]LogConfig: Setting CVar [[r.Shadow.MaxResolution:2048]]
[2022.04.29-13.48.27:723][  0]LogConfig: Setting CVar [[r.Shadow.MaxCSMResolution:2048]]
[2022.04.29-13.48.27:723][  0]LogConfig: Setting CVar [[r.Shadow.RadiusThreshold:0.01]]
[2022.04.29-13.48.27:723][  0]LogConfig: Setting CVar [[r.Shadow.DistanceScale:1.0]]
[2022.04.29-13.48.27:723][  0]LogConfig: Setting CVar [[r.Shadow.CSM.TransitionScale:1.0]]
[2022.04.29-13.48.27:724][  0]LogConfig: Setting CVar [[r.Shadow.PreShadowResolutionFactor:1.0]]
[2022.04.29-13.48.27:724][  0]LogConfig: Setting CVar [[r.DistanceFieldShadowing:1]]
[2022.04.29-13.48.27:724][  0]LogConfig: Setting CVar [[r.DistanceFieldAO:1]]
[2022.04.29-13.48.27:724][  0]LogConfig: Setting CVar [[r.AOQuality:2]]
[2022.04.29-13.48.27:724][  0]LogConfig: Setting CVar [[r.VolumetricFog:1]]
[2022.04.29-13.48.27:724][  0]LogConfig: Setting CVar [[r.VolumetricFog.GridPixelSize:8]]
[2022.04.29-13.48.27:724][  0]LogConfig: Setting CVar [[r.VolumetricFog.GridSizeZ:128]]
[2022.04.29-13.48.27:724][  0]LogConfig: Setting CVar [[r.VolumetricFog.HistoryMissSupersampleCount:4]]
[2022.04.29-13.48.27:724][  0]LogConfig: Setting CVar [[r.LightMaxDrawDistanceScale:1]]
[2022.04.29-13.48.27:724][  0]LogConfig: Setting CVar [[r.CapsuleShadows:1]]
[2022.04.29-13.48.27:724][  0]LogConfig: Applying CVar settings from Section [PostProcessQuality@3] File [C:/Users/Llorenç/Desktop/wetransfer_pakaro_2022-04-26_1655/MyProject6/Saved/Config/Windows/Scalability.ini]
[2022.04.29-13.48.27:724][  0]LogConfig: Setting CVar [[r.MotionBlurQuality:4]]
[2022.04.29-13.48.27:724][  0]LogConfig: Setting CVar [[r.AmbientOcclusionMipLevelFactor:0.4]]
[2022.04.29-13.48.27:724][  0]LogConfig: Setting CVar [[r.AmbientOcclusionMaxQuality:100]]
[2022.04.29-13.48.27:724][  0]LogConfig: Setting CVar [[r.AmbientOcclusionLevels:-1]]
[2022.04.29-13.48.27:724][  0]LogConfig: Setting CVar [[r.AmbientOcclusionRadiusScale:1.0]]
[2022.04.29-13.48.27:724][  0]LogConfig: Setting CVar [[r.DepthOfFieldQuality:2]]
[2022.04.29-13.48.27:724][  0]LogConfig: Setting CVar [[r.RenderTargetPoolMin:400]]
[2022.04.29-13.48.27:724][  0]LogConfig: Setting CVar [[r.LensFlareQuality:2]]
[2022.04.29-13.48.27:724][  0]LogConfig: Setting CVar [[r.SceneColorFringeQuality:1]]
[2022.04.29-13.48.27:724][  0]LogConfig: Setting CVar [[r.EyeAdaptationQuality:2]]
[2022.04.29-13.48.27:724][  0]LogConfig: Setting CVar [[r.BloomQuality:5]]
[2022.04.29-13.48.27:724][  0]LogConfig: Setting CVar [[r.FastBlurThreshold:100]]
[2022.04.29-13.48.27:724][  0]LogConfig: Setting CVar [[r.Upscale.Quality:3]]
[2022.04.29-13.48.27:724][  0]LogConfig: Setting CVar [[r.Tonemapper.GrainQuantization:1]]
[2022.04.29-13.48.27:724][  0]LogConfig: Setting CVar [[r.LightShaftQuality:1]]
[2022.04.29-13.48.27:724][  0]LogConfig: Setting CVar [[r.Filter.SizeScale:1]]
[2022.04.29-13.48.27:724][  0]LogConfig: Setting CVar [[r.Tonemapper.Quality:5]]
[2022.04.29-13.48.27:724][  0]LogConfig: Setting CVar [[r.DOF.Gather.AccumulatorQuality:1        ; higher gathering accumulator quality]]
[2022.04.29-13.48.27:724][  0]LogConfig: Setting CVar [[r.DOF.Gather.PostfilterMethod:1          ; Median3x3 postfilering method]]
[2022.04.29-13.48.27:724][  0]LogConfig: Setting CVar [[r.DOF.Gather.EnableBokehSettings:0       ; no bokeh simulation when gathering]]
[2022.04.29-13.48.27:724][  0]LogConfig: Setting CVar [[r.DOF.Gather.RingCount:4                 ; medium number of samples when gathering]]
[2022.04.29-13.48.27:724][  0]LogConfig: Setting CVar [[r.DOF.Scatter.ForegroundCompositing:1    ; additive foreground scattering]]
[2022.04.29-13.48.27:724][  0]LogConfig: Setting CVar [[r.DOF.Scatter.BackgroundCompositing:2    ; additive background scattering]]
[2022.04.29-13.48.27:724][  0]LogConfig: Setting CVar [[r.DOF.Scatter.EnableBokehSettings:1      ; bokeh simulation when scattering]]
[2022.04.29-13.48.27:724][  0]LogConfig: Setting CVar [[r.DOF.Scatter.MaxSpriteRatio:0.1         ; only a maximum of 10% of scattered bokeh]]
[2022.04.29-13.48.27:724][  0]LogConfig: Setting CVar [[r.DOF.Recombine.Quality:1                ; cheap slight out of focus]]
[2022.04.29-13.48.27:724][  0]LogConfig: Setting CVar [[r.DOF.Recombine.EnableBokehSettings:0    ; no bokeh simulation on slight out of focus]]
[2022.04.29-13.48.27:724][  0]LogConfig: Setting CVar [[r.DOF.TemporalAAQuality:1                ; more stable temporal accumulation]]
[2022.04.29-13.48.27:724][  0]LogConfig: Setting CVar [[r.DOF.Kernel.MaxForegroundRadius:0.025]]
[2022.04.29-13.48.27:724][  0]LogConfig: Setting CVar [[r.DOF.Kernel.MaxBackgroundRadius:0.025]]
[2022.04.29-13.48.27:724][  0]LogConfig: Applying CVar settings from Section [TextureQuality@3] File [C:/Users/Llorenç/Desktop/wetransfer_pakaro_2022-04-26_1655/MyProject6/Saved/Config/Windows/Scalability.ini]
[2022.04.29-13.48.27:724][  0]LogConfig: Setting CVar [[r.Streaming.MipBias:0]]
[2022.04.29-13.48.27:724][  0]LogConfig: Setting CVar [[r.Streaming.AmortizeCPUToGPUCopy:0]]
[2022.04.29-13.48.27:724][  0]LogConfig: Setting CVar [[r.Streaming.MaxNumTexturesToStreamPerFrame:0]]
[2022.04.29-13.48.27:724][  0]LogConfig: Setting CVar [[r.Streaming.Boost:1]]
[2022.04.29-13.48.27:724][  0]LogConfig: Setting CVar [[r.MaxAnisotropy:8]]
[2022.04.29-13.48.27:724][  0]LogConfig: Setting CVar [[r.VT.MaxAnisotropy:8]]
[2022.04.29-13.48.27:724][  0]LogConfig: Setting CVar [[r.Streaming.LimitPoolSizeToVRAM:0]]
[2022.04.29-13.48.27:724][  0]LogConfig: Setting CVar [[r.Streaming.PoolSize:1000]]
[2022.04.29-13.48.27:724][  0]LogConfig: Setting CVar [[r.Streaming.MaxEffectiveScreenSize:0]]
[2022.04.29-13.48.27:724][  0]LogConfig: Applying CVar settings from Section [EffectsQuality@3] File [C:/Users/Llorenç/Desktop/wetransfer_pakaro_2022-04-26_1655/MyProject6/Saved/Config/Windows/Scalability.ini]
[2022.04.29-13.48.27:724][  0]LogConfig: Setting CVar [[r.TranslucencyLightingVolumeDim:64]]
[2022.04.29-13.48.27:724][  0]LogConfig: Setting CVar [[r.RefractionQuality:2]]
[2022.04.29-13.48.27:724][  0]LogConfig: Setting CVar [[r.SSR.Quality:3]]
[2022.04.29-13.48.27:724][  0]LogConfig: Setting CVar [[r.SSR.HalfResSceneColor:0]]
[2022.04.29-13.48.27:724][  0]LogConfig: Setting CVar [[r.SceneColorFormat:4]]
[2022.04.29-13.48.27:724][  0]LogConfig: Setting CVar [[r.DetailMode:2]]
[2022.04.29-13.48.27:724][  0]LogConfig: Setting CVar [[r.TranslucencyVolumeBlur:1]]
[2022.04.29-13.48.27:724][  0]LogConfig: Setting CVar [[r.MaterialQualityLevel:1 ; High quality]]
[2022.04.29-13.48.27:724][  0]LogConfig: Setting CVar [[r.AnisotropicMaterials:1]]
[2022.04.29-13.48.27:724][  0]LogConfig: Setting CVar [[r.SSS.Scale:1]]
[2022.04.29-13.48.27:724][  0]LogConfig: Setting CVar [[r.SSS.SampleSet:2]]
[2022.04.29-13.48.27:724][  0]LogConfig: Setting CVar [[r.SSS.Quality:1]]
[2022.04.29-13.48.27:724][  0]LogConfig: Setting CVar [[r.SSS.HalfRes:0]]
[2022.04.29-13.48.27:724][  0]LogConfig: Setting CVar [[r.SSGI.Quality:3]]
[2022.04.29-13.48.27:724][  0]LogConfig: Setting CVar [[r.EmitterSpawnRateScale:1.0]]
[2022.04.29-13.48.27:724][  0]LogConfig: Setting CVar [[r.ParticleLightQuality:2]]
[2022.04.29-13.48.27:724][  0]LogConfig: Setting CVar [[r.SkyAtmosphere.AerialPerspectiveLUT.FastApplyOnOpaque:1 ; Always have FastSkyLUT 1 in this case to avoid wrong sky]]
[2022.04.29-13.48.27:724][  0]LogConfig: Setting CVar [[r.SkyAtmosphere.AerialPerspectiveLUT.SampleCountMaxPerSlice:4]]
[2022.04.29-13.48.27:724][  0]LogConfig: Setting CVar [[r.SkyAtmosphere.AerialPerspectiveLUT.DepthResolution:16.0]]
[2022.04.29-13.48.27:724][  0]LogConfig: Setting CVar [[r.SkyAtmosphere.FastSkyLUT:1]]
[2022.04.29-13.48.27:724][  0]LogConfig: Setting CVar [[r.SkyAtmosphere.FastSkyLUT.SampleCountMin:4.0]]
[2022.04.29-13.48.27:724][  0]LogConfig: Setting CVar [[r.SkyAtmosphere.FastSkyLUT.SampleCountMax:128.0]]
[2022.04.29-13.48.27:724][  0]LogConfig: Setting CVar [[r.SkyAtmosphere.SampleCountMin:4.0]]
[2022.04.29-13.48.27:724][  0]LogConfig: Setting CVar [[r.SkyAtmosphere.SampleCountMax:128.0]]
[2022.04.29-13.48.27:724][  0]LogConfig: Setting CVar [[r.SkyAtmosphere.TransmittanceLUT.UseSmallFormat:0]]
[2022.04.29-13.48.27:725][  0]LogConfig: Setting CVar [[r.SkyAtmosphere.TransmittanceLUT.SampleCount:10.0]]
[2022.04.29-13.48.27:725][  0]LogConfig: Setting CVar [[r.SkyAtmosphere.MultiScatteringLUT.SampleCount:15.0]]
[2022.04.29-13.48.27:725][  0]LogConfig: Setting CVar [[r.SkyLight.RealTimeReflectionCapture:1]]
[2022.04.29-13.48.27:725][  0]LogConfig: Applying CVar settings from Section [FoliageQuality@3] File [C:/Users/Llorenç/Desktop/wetransfer_pakaro_2022-04-26_1655/MyProject6/Saved/Config/Windows/Scalability.ini]
[2022.04.29-13.48.27:725][  0]LogConfig: Setting CVar [[foliage.DensityScale:1.0]]
[2022.04.29-13.48.27:725][  0]LogConfig: Setting CVar [[grass.DensityScale:1.0]]
[2022.04.29-13.48.27:725][  0]LogConfig: Applying CVar settings from Section [ShadingQuality@3] File [C:/Users/Llorenç/Desktop/wetransfer_pakaro_2022-04-26_1655/MyProject6/Saved/Config/Windows/Scalability.ini]
[2022.04.29-13.48.27:725][  0]LogConfig: Setting CVar [[r.HairStrands.SkyLighting.IntegrationType:2]]
[2022.04.29-13.48.27:725][  0]LogConfig: Setting CVar [[r.HairStrands.SkyAO.SampleCount:4]]
[2022.04.29-13.48.27:725][  0]LogConfig: Setting CVar [[r.HairStrands.Visibility.MSAA.SamplePerPixel:4]]
[2022.04.29-13.48.27:725][  0]LogConfig: Applying CVar settings from Section [Startup] File [../../../Engine/Config/ConsoleVariables.ini]
[2022.04.29-13.48.27:725][  0]LogConfig: Setting CVar [[net.UseAdaptiveNetUpdateFrequency:0]]
[2022.04.29-13.48.27:725][  0]LogConfig: Setting CVar [[p.chaos.AllowCreatePhysxBodies:1]]
[2022.04.29-13.48.27:725][  0]LogConfig: Setting CVar [[fx.SkipVectorVMBackendOptimizations:1]]
[2022.04.29-13.48.27:725][  0]LogConfig: Applying CVar settings from Section [ConsoleVariables] File [C:/Users/Llorenç/Desktop/wetransfer_pakaro_2022-04-26_1655/MyProject6/Saved/Config/Windows/Engine.ini]
[2022.04.29-13.48.27:725][  0]LogConfig: Applying CVar settings from Section [ConsoleVariables] File [C:/Users/Llorenç/Desktop/wetransfer_pakaro_2022-04-26_1655/MyProject6/Saved/Config/Windows/Editor.ini]
[2022.04.29-13.48.27:725][  0]LogInit: Computer: SACOVA
[2022.04.29-13.48.27:725][  0]LogInit: User: Llorenç
[2022.04.29-13.48.27:725][  0]LogInit: CPU Page size=4096, Cores=4
[2022.04.29-13.48.27:725][  0]LogInit: High frequency timer resolution =10.000000 MHz
[2022.04.29-13.48.27:725][  0]LogMemory: Memory total: Physical=16.0GB (16GB approx)
[2022.04.29-13.48.27:725][  0]LogMemory: Platform Memory Stats for Windows
[2022.04.29-13.48.27:725][  0]LogMemory: Process Physical Memory: 145.38 MB used, 145.38 MB peak
[2022.04.29-13.48.27:725][  0]LogMemory: Process Virtual Memory: 120.57 MB used, 120.57 MB peak
[2022.04.29-13.48.27:725][  0]LogMemory: Physical Memory: 7713.61 MB used,  8630.27 MB free, 16343.88 MB total
[2022.04.29-13.48.27:725][  0]LogMemory: Virtual Memory: 134204264.00 MB used,  13465.44 MB free, 134217728.00 MB total
[2022.04.29-13.48.27:778][  0]LogWindows: WindowsPlatformFeatures enabled
[2022.04.29-13.48.27:827][  0]LogInit: Physics initialised using underlying interface: PhysX
[2022.04.29-13.48.27:827][  0]LogInit: Using OS detected language (es-ES).
[2022.04.29-13.48.27:827][  0]LogInit: Using OS detected locale (es-ES).
[2022.04.29-13.48.27:831][  0]LogTextLocalizationManager: No specific localization for 'es-ES' exists, so the 'es' localization will be used.
[2022.04.29-13.48.28:032][  0]LogWindowsTextInputMethodSystem: Display: IME system deactivated.
[2022.04.29-13.48.28:078][  0]LogSlate: New Slate User Created.  User Index 0, Is Virtual User: 0
[2022.04.29-13.48.28:078][  0]LogSlate: Slate User Registered.  User Index 0, Is Virtual User: 0
[2022.04.29-13.48.28:095][  0]LogD3D11RHI: Loaded GFSDK_Aftermath_Lib.x64.dll
[2022.04.29-13.48.28:099][  0]LogHMD: Failed to initialize OpenVR with code 110
[2022.04.29-13.48.28:100][  0]LogD3D11RHI: D3D11 min allowed feature level: 11_0
[2022.04.29-13.48.28:100][  0]LogD3D11RHI: D3D11 max allowed feature level: 11_0
[2022.04.29-13.48.28:100][  0]LogD3D11RHI: D3D11 adapters:
[2022.04.29-13.48.28:222][  0]LogD3D11RHI:    0. 'NVIDIA GeForce GTX 1080' (Feature Level 11_0)
[2022.04.29-13.48.28:222][  0]LogD3D11RHI:       8079/0/8171 MB DedicatedVideo/DedicatedSystem/SharedSystem, Outputs:2, VendorId:0x10de
[2022.04.29-13.48.28:225][  0]LogD3D11RHI:    1. 'Microsoft Basic Render Driver' (Feature Level 11_0)
[2022.04.29-13.48.28:225][  0]LogD3D11RHI:       0/0/8171 MB DedicatedVideo/DedicatedSystem/SharedSystem, Outputs:0, VendorId:0x1414
[2022.04.29-13.48.28:225][  0]LogD3D11RHI: Chosen D3D11 Adapter:
[2022.04.29-13.48.28:225][  0]LogD3D11RHI:     Description : NVIDIA GeForce GTX 1080
[2022.04.29-13.48.28:225][  0]LogD3D11RHI:     VendorId    : 10de
[2022.04.29-13.48.28:225][  0]LogD3D11RHI:     DeviceId    : 1b80
[2022.04.29-13.48.28:226][  0]LogD3D11RHI:     SubSysId    : 33621462
[2022.04.29-13.48.28:226][  0]LogD3D11RHI:     Revision    : 00a1
[2022.04.29-13.48.28:226][  0]LogD3D11RHI:     DedicatedVideoMemory : 8471445504 bytes
[2022.04.29-13.48.28:226][  0]LogD3D11RHI:     DedicatedSystemMemory : 0 bytes
[2022.04.29-13.48.28:226][  0]LogD3D11RHI:     SharedSystemMemory : 8568901632 bytes
[2022.04.29-13.48.28:226][  0]LogD3D11RHI:     AdapterLuid : 0 46710
[2022.04.29-13.48.28:232][  0]LogD3D11RHI: Creating new Direct3DDevice
[2022.04.29-13.48.28:232][  0]LogD3D11RHI:     GPU DeviceId: 0x1b80 (for the marketing name, search the web for "GPU Device Id")
[2022.04.29-13.48.28:232][  0]LogWindows: EnumDisplayDevices:
[2022.04.29-13.48.28:232][  0]LogWindows:    0. 'NVIDIA GeForce GTX 1080' (P:1 D:1)
[2022.04.29-13.48.28:233][  0]LogWindows:    1. 'NVIDIA GeForce GTX 1080' (P:0 D:1)
[2022.04.29-13.48.28:233][  0]LogWindows:    2. 'NVIDIA GeForce GTX 1080' (P:0 D:0)
[2022.04.29-13.48.28:233][  0]LogWindows:    3. 'NVIDIA GeForce GTX 1080' (P:0 D:0)
[2022.04.29-13.48.28:233][  0]LogWindows: DebugString: FoundDriverCount:4 
[2022.04.29-13.48.28:233][  0]LogD3D11RHI:     Adapter Name: NVIDIA GeForce GTX 1080
[2022.04.29-13.48.28:233][  0]LogD3D11RHI:   Driver Version: 511.79 (internal:30.0.15.1179, unified:511.79)
[2022.04.29-13.48.28:233][  0]LogD3D11RHI:      Driver Date: 2-10-2022
[2022.04.29-13.48.28:233][  0]LogRHI: Texture pool is 5655 MB (70% of 8079 MB)
[2022.04.29-13.48.28:233][  0]LogD3D11RHI: Creating D3DDevice using adapter:
[2022.04.29-13.48.28:233][  0]LogD3D11RHI:     Description : NVIDIA GeForce GTX 1080
[2022.04.29-13.48.28:233][  0]LogD3D11RHI:     VendorId    : 10de
[2022.04.29-13.48.28:233][  0]LogD3D11RHI:     DeviceId    : 1b80
[2022.04.29-13.48.28:233][  0]LogD3D11RHI:     SubSysId    : 33621462
[2022.04.29-13.48.28:233][  0]LogD3D11RHI:     Revision    : 00a1
[2022.04.29-13.48.28:233][  0]LogD3D11RHI:     DedicatedVideoMemory : 8471445504 bytes
[2022.04.29-13.48.28:233][  0]LogD3D11RHI:     DedicatedSystemMemory : 0 bytes
[2022.04.29-13.48.28:233][  0]LogD3D11RHI:     SharedSystemMemory : 8568901632 bytes
[2022.04.29-13.48.28:233][  0]LogD3D11RHI:     AdapterLuid : 0 46710
[2022.04.29-13.48.28:296][  0]LogD3D11RHI: RHI has support for 64 bit atomics
[2022.04.29-13.48.28:297][  0]LogD3D11RHI: Async texture creation enabled
[2022.04.29-13.48.28:297][  0]LogD3D11RHI: Array index from any shader is supported
[2022.04.29-13.48.28:317][  0]LogD3D11RHI: GPU Timing Frequency: 1000.000000 (Debug: 2 1)
[2022.04.29-13.48.28:369][  0]LogRHI: GeForceNow SDK initialized: 1
[2022.04.29-13.48.28:797][  0]LogTargetPlatformManager: Display: Loaded TargetPlatform 'WindowsNoEditor'
[2022.04.29-13.48.28:801][  0]LogTargetPlatformManager: Display: Loaded TargetPlatform 'Windows'
[2022.04.29-13.48.28:805][  0]LogTargetPlatformManager: Display: Loaded TargetPlatform 'WindowsClient'
[2022.04.29-13.48.28:809][  0]LogTargetPlatformManager: Display: Loaded TargetPlatform 'WindowsServer'
[2022.04.29-13.48.28:809][  0]LogTargetPlatformManager: Display: Building Assets For Windows
[2022.04.29-13.48.28:817][  0]LogAudioDebug: Display: Lib vorbis DLL was dynamically loaded.
[2022.04.29-13.48.28:849][  0]LogTextureFormatOodle: Display: Oodle Texture 2.9.0 init RDO Off
[2022.04.29-13.48.28:885][  0]LogRendererCore: Ray tracing is disabled. Reason: r.RayTracing=0.
[2022.04.29-13.48.28:885][  0]LogShaderCompilers: Guid format shader working directory is -21 characters bigger than the processId version (C:/Users/Llorenç/Desktop/wetransfer_pakaro_2022-04-26_1655/MyProject6/Intermediate/Shaders/WorkingDirectory/8640/).
[2022.04.29-13.48.28:886][  0]LogShaderCompilers: Cleaned the shader compiler working directory 'C:/Users/Llorenç/AppData/Local/Temp/UnrealShaderWorkingDir/AAEF5C974FD7D40CF361E5AF45B66A35/'.
[2022.04.29-13.48.28:886][  0]LogXGEController: Cannot use XGE Controller as Incredibuild is not installed on this machine.
[2022.04.29-13.48.28:886][  0]LogShaderCompilers: Cannot use XGE Shader Compiler as Incredibuild is not installed on this machine.
[2022.04.29-13.48.28:886][  0]LogShaderCompilers: Display: Using Local Shader Compiler.
[2022.04.29-13.48.29:707][  0]LogDerivedDataCache: Display: Max Cache Size: 512 MB
[2022.04.29-13.48.29:768][  0]LogDerivedDataCache: Loaded boot cache 0.06s 94MB C:/Users/Llorenç/AppData/Local/UnrealEngine/4.27/DerivedDataCache/Boot.ddc.
[2022.04.29-13.48.29:768][  0]LogDerivedDataCache: Display: Loaded Boot cache: C:/Users/Llorenç/AppData/Local/UnrealEngine/4.27/DerivedDataCache/Boot.ddc
[2022.04.29-13.48.29:768][  0]LogDerivedDataCache: FDerivedDataBackendGraph:  Pak pak cache file C:/Users/Llorenç/Desktop/wetransfer_pakaro_2022-04-26_1655/MyProject6/DerivedDataCache/DDC.ddp not found, will not use a pak cache.
[2022.04.29-13.48.29:768][  0]LogDerivedDataCache: Unable to find inner node Pak for hierarchical cache Hierarchy.
[2022.04.29-13.48.29:768][  0]LogDerivedDataCache: FDerivedDataBackendGraph:  CompressedPak pak cache file C:/Users/Llorenç/Desktop/wetransfer_pakaro_2022-04-26_1655/MyProject6/DerivedDataCache/Compressed.ddp not found, will not use a pak cache.
[2022.04.29-13.48.29:768][  0]LogDerivedDataCache: Unable to find inner node CompressedPak for hierarchical cache Hierarchy.
[2022.04.29-13.48.29:786][  0]LogDerivedDataCache: Display: Pak cache opened for reading ../../../Engine/DerivedDataCache/Compressed.ddp.
[2022.04.29-13.48.29:787][  0]LogDerivedDataCache: FDerivedDataBackendGraph:  EnterprisePak pak cache file ../../../Enterprise/DerivedDataCache/Compressed.ddp not found, will not use a pak cache.
[2022.04.29-13.48.29:787][  0]LogDerivedDataCache: Unable to find inner node EnterprisePak for hierarchical cache Hierarchy.
[2022.04.29-13.48.29:794][  0]LogDerivedDataCache: Speed tests for C:/Users/Llorenç/AppData/Local/UnrealEngine/Common/DerivedDataCache took 0.01 seconds
[2022.04.29-13.48.29:794][  0]LogDerivedDataCache: Display: Performance to C:/Users/Llorenç/AppData/Local/UnrealEngine/Common/DerivedDataCache: Latency=0.03ms. RandomReadSpeed=1331.17MBs, RandomWriteSpeed=150.11MBs. Assigned SpeedClass 'Local'
[2022.04.29-13.48.29:795][  0]LogDerivedDataCache: Using Local data cache path C:/Users/Llorenç/AppData/Local/UnrealEngine/Common/DerivedDataCache: Writable
[2022.04.29-13.48.29:795][  0]LogDerivedDataCache: Shared data cache path not found in *engine.ini, will not use an Shared cache.
[2022.04.29-13.48.29:795][  0]LogDerivedDataCache: Unable to find inner node Shared for hierarchical cache Hierarchy.
[2022.04.29-13.48.29:854][  0]LogSlate: Using FreeType 2.10.0
[2022.04.29-13.48.29:855][  0]LogSlate: SlateFontServices - WITH_FREETYPE: 1, WITH_HARFBUZZ: 1
[2022.04.29-13.48.29:941][  0]LogInit: Using OS detected language (es-ES).
[2022.04.29-13.48.29:941][  0]LogInit: Using OS detected locale (es-ES).
[2022.04.29-13.48.29:941][  0]LogTextLocalizationManager: No localization for 'es-ES' exists, so 'en' will be used for the language.
[2022.04.29-13.48.29:941][  0]LogTextLocalizationManager: No localization for 'es-ES' exists, so 'en' will be used for the locale.
[2022.04.29-13.48.29:941][  0]LogSlate: FontCache flush requested. Reason: Culture for localization was changed
[2022.04.29-13.48.29:942][  0]LogSlate: FontCache flush requested. Reason: Culture for localization was changed
[2022.04.29-13.48.29:944][  0]LogAssetRegistry: FAssetRegistry took 0.0016 seconds to start up
[2022.04.29-13.48.30:135][  0]LogTextLocalizationManager: Compacting localization data took   0.01ms
[2022.04.29-13.48.30:135][  0]LogPackageLocalizationCache: Processed 28 localized package path(s) for 1 prioritized culture(s) in 0.001459 seconds
[2022.04.29-13.48.30:207][  0]LogInit: Selected Device Profile: [Windows]
[2022.04.29-13.48.30:207][  0]LogInit: Active device profile: [00000275D7C32D00][00000275D39DC840 49] Windows
[2022.04.29-13.48.30:207][  0]LogInit: Profiles: [00000275D7C32D00][00000275D39DC840 49] Windows, [00000275D7BD1300][00000275D41F09C0 49] WindowsNoEditor, [00000275D7C32400][00000275D41F4B40 49] WindowsServer, [00000275D7BD2F00][00000275D41F8CC0 49] WindowsClient, [00000275D7C30D00][00000275D41FCE40 49] IOS, [00000275D7BD1800][00000275BD1F4FC0 49] iPadAir, [00000275D7BA7F00][00000275BD1F9140 49] iPadAir2, [00000275D7B6CE00][00000275BD201400 49] IPadPro, [00000275D7B6CF00][00000275BD1FD440 49] iPadAir3, [00000275D7C31300][00000275BD2055C0 49] iPadAir4, [00000275D7B6ED00][00000275BD209740 49] iPadMini2, [00000275D7BA4100][00000275BD20D8C0 49] iPadMini3, [00000275D7C30F00][00000275D41EDA00 49] iPadMini4, [00000275D7B6C500][00000275BD211B40 49] iPadMini5, [00000275D7BD2400][00000275BD21C240 49] iPhone6, [00000275D7BD0100][00000275BD214280 49] iPodTouch6, [00000275D7C31A00][00000275BD224540 49] iPhone7, [00000275D7C31B00][00000275BD220580 49] iPodTouch7, [00000275D7BD2300][00000275BD228700 49] iPhone5S, [00000275D7BA7B00][00000275D04A6880 49] iPhone6Plus, [00000275D7BD0F00][00000275D04AAA00 49] iPhone6S, [00000275D7BA5400][00000275D04AEB80 49] iPhone6SPlus, [00000275D7BD0800][00000275D04B2D00 49] iPhone7Plus, [00000275D7BA6200][00000275D04B6E80 49] iPhoneSE, [00000275D7BD2800][00000275D04BB000 49] iPhone8, [00000275D7BA5D00][00000275D04BF180 49] iPhone8Plus, [00000275D7C30400][00000275D04C3300 49] iPhoneX, [00000275D7BA7600][00000275D04C7480 49] iPhoneXS, [00000275D7C30700][00000275D04CB600 49] iPhoneXSMax, [00000275D7BA5500][00000275D04CF780 49] iPhoneXR, [00000275D7C31800][00000275D04D3900 49] iPhone11, [00000275D7BA6F00][00000275D04D7A80 49] iPhone11Pro, [00000275D7C32900][00000275BD219BC0 49] iPhone11ProMax, [00000275D7BA6600][00000275D04DA180 49] iPhoneSE2, [00000275D7C30200][00000275D04DE2C0 49] iPhone12Mini, [00000275D7BA4600][00000275D04E6440 49] iPhone12, [00000275D7C30500][00000275D04EA5C0 49] iPhone12Pro, [00000275D7BA6E00][00000275D04EE740 49] iPhone12ProMax, [00000275D7C31000][00000275D3EC48C0 49] iPadPro105, [00000275D7BA4500][00000275D3EC8A40 49] iPadPro129, [00000275D7C31900][00000275D3ECCBC0 49] iPadPro97, [00000275D7BA4800][00000275D3ED0D40 49] iPadPro2_129, [00000275D7C33200][00000275D3ED4EC0 49] iPad5, [00000275D7BA4F00][00000275D3ED9040 49] iPad6, [00000275D7C30B00][00000275D3EDD1C0 49] iPad7, [00000275D7BA7100][00000275D3EE1340 49] iPad8, [00000275D7C32200][00000275D3EE54C0 49] iPadPro11, [00000275D7BA5E00][00000275D3EE9640 49] iPadPro2_11, [00000275D7C32800][00000275D3EED7C0 49] iPadPro3_129, [00000275D7BA4700][00000275D3EF1940 49] iPadPro4_129, [00000275D7C33100][00000275D3EF5AC0 49] AppleTV, [00000275D7BA6100][00000275D3EF80C0 49] AppleTV4K, [00000275D7C31200][00000275D04E2200 49] TVOS, [00000275D7BA7700][00000275D3EFC340 49] Mac, [00000275D7C33800][00000275D3F00480 49] MacClient, [00000275D7BA7000][00000275D3F045C0 49] MacNoEditor, [00000275D7C31E00][00000275D3F0C740 49] MacServer, [00000275D7BA7D00][00000275D3F108C0 49] Linux, [00000275D7C31100][00000275D3F14A40 49] LinuxAArch64, [00000275D7BA6900][00000275D3D14BC0 49] LinuxNoEditor, [00000275D7C33600][00000275D3D18D40 49] LinuxAArch64NoEditor, [00000275D7BA5000][00000275D3D1CEC0 49] LinuxClient, [00000275D7C32B00][00000275D3D21040 49] LinuxAArch64Client, [00000275D7BA6300][00000275D3D251C0 49] LinuxServer, [00000275D7C30300][00000275D3D29340 49] LinuxAArch64Server, [00000275D7BA4A00][00000275D3D2D4C0 49] Android, [00000275D7C30100][00000275D3D31640 49] Android_Low, [00000275D7B6C600][00000275D3D357C0 49] Android_Mid, [00000275D7BD0300][00000275D3D39940 49] Android_High, [00000275D7B6D000][00000275D3D3DAC0 49] Android_Default, [00000275D7BD0E00][00000275D3D400C0 49] Android_Adreno4xx, [00000275D7B6E800][00000275D3D44240 49] Android_Adreno5xx_Low, [00000275D7BD1600][00000275D3F08380 49] Android_Adreno5xx, [00000275D7B6DB00][00000275D3D484C0 49] Android_Adreno6xx, [00000275D7BD1D00][00000275D3D4C600 49] Android_Adreno6xx_Vulkan, [00000275D7B6EB00][00000275D3D50740 49] Android_Mali_T6xx, [00000275D7BD3900][00000275D3D588C0 49] Android_Mali_T7xx, [00000275D7B6CD00][00000275D3D5CA40 49] Android_Mali_T8xx, [00000275D7BD0A00][00000275D3D60BC0 49] Android_Mali_G71, [00000275D7B6FF00][00000275D3D64D40 49] Android_Mali_G72, [00000275D7BD3700][00000275D3D68EC0 49] Android_Mali_G72_Vulkan, [00000275D7B6DC00][00000275D3D6D040 49] Android_Mali_G76, [00000275D7BD1900][00000275D3D711C0 49] Android_Mali_G76_Vulkan, [00000275D7B6FE00][00000275D3D75340 49] Android_Mali_G77, [00000275D7BD3F00][00000275D3D794C0 49] Android_Mali_G77_Vulkan, [00000275D7B6D900][00000275D3D7D640 49] Android_Mali_G78, [00000275D7BD0200][00000275D3D817C0 49] Android_Mali_G78_Vulkan, [00000275D7B6D700][00000275D3D85940 49] Android_Mali_G710, [00000275D7BD2500][00000275D3D89AC0 49] Android_Mali_G710_Vulkan, [00000275D7B6FB00][00000275D3D8C0C0 49] Android_Vulkan_SM5, [00000275D7BD2D00][00000275D3D90240 49] Android_PowerVR_G6xxx, [00000275D7B6D400][00000275D3D943C0 49] Android_PowerVR_GT7xxx, [00000275D7BD3D00][00000275D3D98540 49] Android_PowerVR_GE8xxx, [00000275D7B6E300][00000275D3D54680 49] Android_PowerVR_GM9xxx, [00000275D7BD1400][00000275D3D9C7C0 49] Android_PowerVR_GM9xxx_Vulkan, [00000275D7B6DE00][00000275D3DA0900 49] Android_TegraK1, [00000275D7BD3E00][00000275D3DA8A80 49] Android_Unknown_Vulkan, [00000275D7B6EF00][00000275D3DACC00 49] Lumin, [00000275D7BD0700][00000275D3DB0D80 49] Lumin_Desktop, [00000275D7B6D100][00000275D3DB4F00 49] HoloLens, 
[2022.04.29-13.48.30:254][  0]LogMeshReduction: Using QuadricMeshReduction for automatic static mesh reduction
[2022.04.29-13.48.30:254][  0]LogMeshReduction: Using SimplygonMeshReduction for automatic skeletal mesh reduction
[2022.04.29-13.48.30:254][  0]LogMeshReduction: Using ProxyLODMeshReduction for automatic mesh merging
[2022.04.29-13.48.30:254][  0]LogMeshReduction: No distributed automatic mesh merging module available
[2022.04.29-13.48.30:254][  0]LogMeshMerging: No distributed automatic mesh merging module available
[2022.04.29-13.48.30:365][  0]LogNetVersion: MyProject6 1.0.0, NetCL: 17155196, EngineNetVer: 17, GameNetVer: 0 (Checksum: 850526378)
[2022.04.29-13.48.30:630][  0]LogTexture: Default maximum texture size for cubemaps generated from long-lat sources has been changed from 512 to unlimited. In order to preserve old behaiour for '/Engine/MapTemplates/Sky/DaylightAmbientCubemap.DaylightAmbientCubemap', its maximum texture size has been explicitly set to 512.
[2022.04.29-13.48.30:699][  0]LogHMD: PokeAHoleMaterial loaded successfully
[2022.04.29-13.48.30:936][  0]LogMoviePlayer: Initializing movie player
[2022.04.29-13.48.31:022][  0]LogPython: Using Python 3.7.7
[2022.04.29-13.48.31:507][  0]LogNiagaraDebuggerClient: Niagara Debugger Client Initialized | Session: 20D93982407C99B9D30502AA064C76B7 | Instance: BCAF3ADF44D5789928F61E8EB32EFE07 (SACOVA-8640).
[2022.04.29-13.48.31:531][  0]LogCollectionManager: Loaded 0 collections in 0.000734 seconds
[2022.04.29-13.48.31:534][  0]LogFileCache: Scanning file cache for directory 'C:/Users/Llorenç/Desktop/wetransfer_pakaro_2022-04-26_1655/MyProject6/Saved/Collections/' took 0.00s
[2022.04.29-13.48.31:534][  0]LogFileCache: Scanning file cache for directory 'C:/Users/Llorenç/Desktop/wetransfer_pakaro_2022-04-26_1655/MyProject6/Content/Developers/Llorenç/Collections/' took 0.00s
[2022.04.29-13.48.31:534][  0]LogFileCache: Scanning file cache for directory 'C:/Users/Llorenç/Desktop/wetransfer_pakaro_2022-04-26_1655/MyProject6/Content/Collections/' took 0.00s
[2022.04.29-13.48.31:534][  0]LogCollectionManager: Fixed up redirectors for 0 collections in 0.000002 seconds (updated 0 objects)
[2022.04.29-13.48.31:692][  0]LogTcpMessaging: Initializing TcpMessaging bridge
[2022.04.29-13.48.31:701][  0]LogUdpMessaging: Initializing bridge on interface 0.0.0.0:0 to multicast group 230.0.0.1:6666.
[2022.04.29-13.48.31:850][  0]LogOpenImageDenoise: OIDN starting up
[2022.04.29-13.48.31:861][  0]SourceControl: Source control is disabled
[2022.04.29-13.48.31:861][  0]SourceControl: Source control is disabled
[2022.04.29-13.48.31:864][  0]SourceControl: Source control is disabled
[2022.04.29-13.48.31:870][  0]LogUProjectInfo: Found projects:
[2022.04.29-13.48.31:918][  0]LogAndroidPermission: UAndroidPermissionCallbackProxy::GetInstance
[2022.04.29-13.48.31:934][  0]LogAudioCaptureCore: Display: No Audio Capture implementations found. Audio input will be silent.
[2022.04.29-13.48.31:934][  0]LogAudioCaptureCore: Display: No Audio Capture implementations found. Audio input will be silent.
[2022.04.29-13.48.32:008][  0]LogOcInput: OculusInput pre-init called
[2022.04.29-13.48.32:016][  0]LogUObjectArray: 22149 objects as part of root set at end of initial load.
[2022.04.29-13.48.32:016][  0]LogUObjectAllocator: 5985536 out of 0 bytes used by permanent object pool.
[2022.04.29-13.48.32:016][  0]LogUObjectArray: CloseDisregardForGC: 0/0 objects in disregard for GC pool
[2022.04.29-13.48.32:063][  0]LogClass: Display: ByteProperty FALoadingScreenSettings::PlaybackType is not initialized properly. Module:AsyncLoadingScreen File:Public/LoadingScreenSettings.h
[2022.04.29-13.48.32:063][  0]LogClass: Display: StructProperty FTextAppearance::ShadowOffset is not initialized properly. Module:AsyncLoadingScreen File:Public/LoadingScreenSettings.h
[2022.04.29-13.48.32:063][  0]LogClass: Display: StructProperty FTextAppearance::ShadowColorAndOpacity is not initialized properly. Module:AsyncLoadingScreen File:Public/LoadingScreenSettings.h
[2022.04.29-13.48.32:063][  0]LogClass: Display: ByteProperty FTextAppearance::Justification is not initialized properly. Module:AsyncLoadingScreen File:Public/LoadingScreenSettings.h
[2022.04.29-13.48.32:063][  0]LogClass: Display: FloatProperty FTipSettings::TipWrapAt is not initialized properly. Module:AsyncLoadingScreen File:Public/LoadingScreenSettings.h
[2022.04.29-13.48.32:064][  0]LogClass: Display: 5 Uninitialized script struct members found including 0 object properties
[2022.04.29-13.48.32:065][  0]LogEngine: Initializing Engine...
[2022.04.29-13.48.32:067][  0]LogHMD: Failed to enumerate extensions. Please check that you have a valid OpenXR runtime installed.
[2022.04.29-13.48.32:067][  0]LogHMD: Failed to initialize OpenVR with code 110
[2022.04.29-13.48.32:067][  0]LogMagicLeap: Warning: VR disabled because ZI is not enabled.  To enable, in the editor, Edit -> Project Settings -> Plugins -> Magic Leap Plugin -> Enable Zero Iteration
[2022.04.29-13.48.32:068][  0]LogStats: UGameplayTagsManager::InitializeManager -  0.000 s
[2022.04.29-13.48.32:177][  0]LogInit: Initializing FReadOnlyCVARCache
[2022.04.29-13.48.32:177][  0]LogAudio: Display: Initializing Audio Device Manager...
[2022.04.29-13.48.32:181][  0]LogAudio: Display: Loading Default Audio Settings Objects...
[2022.04.29-13.48.32:182][  0]LogAudio: Display: No default SoundConcurrencyObject specified (or failed to load).
[2022.04.29-13.48.32:182][  0]LogAudio: Display: Audio Device Manager Initialized
[2022.04.29-13.48.32:182][  0]LogAudio: Display: Creating Audio Device:                 Id: 1, Scope: Shared, Realtime: True
[2022.04.29-13.48.32:182][  0]LogAudioMixer: Display: Audio Mixer Platform Settings:
[2022.04.29-13.48.32:183][  0]LogAudioMixer: Display: 	Sample Rate:						  48000
[2022.04.29-13.48.32:183][  0]LogAudioMixer: Display: 	Callback Buffer Frame Size Requested: 1024
[2022.04.29-13.48.32:183][  0]LogAudioMixer: Display: 	Callback Buffer Frame Size To Use:	  1024
[2022.04.29-13.48.32:183][  0]LogAudioMixer: Display: 	Number of buffers to queue:			  2
[2022.04.29-13.48.32:183][  0]LogAudioMixer: Display: 	Max Channels (voices):				  32
[2022.04.29-13.48.32:183][  0]LogAudioMixer: Display: 	Number of Async Source Workers:		  0
[2022.04.29-13.48.32:183][  0]LogAudio: Display: AudioDevice MaxSources: 32
[2022.04.29-13.48.32:183][  0]LogAudio: Display: Audio Spatialization Plugin: None (built-in).
[2022.04.29-13.48.32:183][  0]LogAudio: Display: Audio Reverb Plugin: None (built-in).
[2022.04.29-13.48.32:183][  0]LogAudio: Display: Audio Occlusion Plugin: None (built-in).
[2022.04.29-13.48.32:184][  0]LogAudioMixer: Display: Initializing audio mixer.
[2022.04.29-13.48.32:201][  0]LogAudioMixer: Display: 0: FrontLeft
[2022.04.29-13.48.32:201][  0]LogAudioMixer: Display: 1: FrontRight
[2022.04.29-13.48.32:255][  0]LogAudioMixer: Display: Using Audio Device Altavoces (Realtek High Definition Audio)
[2022.04.29-13.48.32:260][  0]LogAudioMixer: Display: Initializing Sound Submixes...
[2022.04.29-13.48.32:261][  0]LogAudioMixer: Display: Creating Master Submix 'MasterSubmixDefault'
[2022.04.29-13.48.32:261][  0]LogAudioMixer: Display: Creating Master Submix 'MasterReverbSubmixDefault'
[2022.04.29-13.48.32:263][  0]LogAudioMixer: Display: Creating Master Submix 'MasterEQSubmixDefault'
[2022.04.29-13.48.32:263][  0]LogAudioMixer: FMixerPlatformXAudio2::StartAudioStream() called
[2022.04.29-13.48.32:263][  0]LogAudioMixer: Display: Output buffers initialized: Frames=1024, Channels=2, Samples=2048
[2022.04.29-13.48.32:263][  0]LogAudioMixer: Display: Starting AudioMixerPlatformInterface::RunInternal()
[2022.04.29-13.48.32:263][  0]LogAudioMixer: Display: FMixerPlatformXAudio2::SubmitBuffer() called for the first time
[2022.04.29-13.48.32:264][  0]LogInit: FAudioDevice initialized.
[2022.04.29-13.48.32:265][  0]LogNetVersion: Set ProjectVersion to 1.0.0.0. Version Checksum will be recalculated on next use.
[2022.04.29-13.48.32:265][  0]LogInit: Texture streaming: Enabled
[2022.04.29-13.48.32:470][  0]LogAudio: Display: Audio Device (ID: 1) registered with world 'Untitled'.
[2022.04.29-13.48.32:471][  0]LogSlate: Updating window title bar state: overlay mode, drag disabled, window buttons hidden, title bar hidden
[2022.04.29-13.48.32:471][  0]LogInit: Display: Game Engine Initialized.
[2022.04.29-13.48.32:488][  0]LogNiagaraEditor: GEditor isn't valid! Particle reset commands will not work for Niagara components!
[2022.04.29-13.48.32:618][  0]LogInit: Display: Starting Game.
[2022.04.29-13.48.32:618][  0]LogNet: Browse: /Game/voladorio?Name=Player
[2022.04.29-13.48.32:618][  0]LogLoad: LoadMap: /Game/voladorio?Name=Player
[2022.04.29-13.48.32:618][  0]LogWorld: BeginTearingDown for /Temp/Untitled_0
[2022.04.29-13.48.32:619][  0]LogWorld: UWorld::CleanupWorld for Untitled, bSessionEnded=true, bCleanupResources=true
[2022.04.29-13.48.32:623][  0]LogAudio: Display: Audio Device unregistered from world 'None'.
[2022.04.29-13.48.32:625][  0]LogUObjectHash: Compacting FUObjectHashTables data took   0.68ms
[2022.04.29-13.48.32:910][  0]LogAudio: Display: Audio Device (ID: 1) registered with world 'voladorio'.
[2022.04.29-13.48.32:917][  0]LogAIModule: Creating AISystem for world voladorio
[2022.04.29-13.48.32:917][  0]LogLoad: Game class is 'Top_C'
[2022.04.29-13.48.32:947][  0]LogWorld: Bringing World /Game/voladorio.voladorio up for play (max tick rate 0) at 2022.04.29-15.48.32
[2022.04.29-13.48.32:947][  0]LogWorld: Bringing up level for play took: 0.029329
[2022.04.29-13.48.32:952][  0]LogLoad: Took 0.333278 seconds to LoadMap(/Game/voladorio)
[2022.04.29-13.48.32:986][  0]LogInit: Display: Engine is initialized. Leaving FEngineLoop::Init()
[2022.04.29-13.48.32:986][  0]LogLoad: (Engine Initialization) Total time: 6.81 seconds
[2022.04.29-13.48.32:986][  0]LogLoad: (Engine Initialization) Total Blueprint compile time: 0.00 seconds
[2022.04.29-13.48.32:988][  0]LogContentStreaming: Texture pool size now 1000 MB
[2022.04.29-13.48.32:989][  0]LogSlate: InvalidateAllWidgets triggered.  All widgets were invalidated
[2022.04.29-13.48.33:214][  1]LogSlate: Took 0.000250 seconds to synchronously load lazily loaded font '../../../Engine/Content/Slate/Fonts/Roboto-Regular.ttf' (155K)
[2022.04.29-13.48.33:240][  2]LogRenderer: Reallocating scene render targets to support 1912x1008 Format 10 NumSamples 1 (Frame:1).
