Log file open, 04/29/22 16:49:45
LogWindows: Failed to load 'aqProf.dll' (GetLastError=126)
LogWindows: File 'aqProf.dll' does not exist
LogWindows: Failed to load 'VtuneApi.dll' (GetLastError=126)
LogWindows: File 'VtuneApi.dll' does not exist
LogWindows: Failed to load 'VtuneApi32e.dll' (GetLastError=126)
LogWindows: File 'VtuneApi32e.dll' does not exist
LogConsoleResponse: Display: Failed to find resolution value strings in scalability ini. Falling back to default.
LogConsoleResponse: Display: Failed to find resolution value strings in scalability ini. Falling back to default.
LogInit: Display: Running engine for game: MyProject6
LogPlatformFile: Not using cached read wrapper
LogTaskGraph: Started task graph with 5 named threads and 14 total threads with 3 sets of task threads.
LogStats: Stats thread started at 0.661170
LogICUInternationalization: ICU TimeZone Detection - Raw Offset: +1:00, Platform Override: ''
LogInit: Display: Loading text-based GConfig....
LogPluginManager: Mounting plugin MeshPainting
LogPluginManager: Mounting plugin XGEController
LogPluginManager: Mounting plugin Paper2D
LogPluginManager: Mounting plugin EnvironmentQueryEditor
LogPluginManager: Mounting plugin AISupport
LogPluginManager: Mounting plugin LiveLink
LogPluginManager: Mounting plugin LightPropagationVolume
LogPluginManager: Mounting plugin CameraShakePreviewer
LogPluginManager: Mounting plugin GameplayCameras
LogPluginManager: Mounting plugin OodleData
LogPluginManager: Mounting plugin OodleNetwork
LogPluginManager: Mounting plugin AnimationSharing
LogPluginManager: Mounting plugin CLionSourceCodeAccess
LogPluginManager: Mounting plugin CodeLiteSourceCodeAccess
LogPluginManager: Mounting plugin GitSourceControl
LogPluginManager: Mounting plugin KDevelopSourceCodeAccess
LogPluginManager: Mounting plugin NullSourceCodeAccess
LogPluginManager: Mounting plugin PerforceSourceControl
LogPluginManager: Mounting plugin PixWinPlugin
LogPluginManager: Mounting plugin PlasticSourceControl
LogPluginManager: Mounting plugin PluginUtils
LogPluginManager: Mounting plugin PropertyAccessNode
LogPluginManager: Mounting plugin RiderSourceCodeAccess
LogPluginManager: Mounting plugin SubversionSourceControl
LogPluginManager: Mounting plugin TextureFormatOodle
LogPluginManager: Mounting plugin UObjectPlugin
LogPluginManager: Mounting plugin VisualStudioCodeSourceCodeAccess
LogPluginManager: Mounting plugin VisualStudioSourceCodeAccess
LogPluginManager: Mounting plugin XCodeSourceCodeAccess
LogPluginManager: Mounting plugin AssetManagerEditor
LogPluginManager: Mounting plugin CryptoKeys
LogPluginManager: Mounting plugin CurveEditorTools
LogPluginManager: Mounting plugin DataValidation
LogPluginManager: Mounting plugin FacialAnimation
LogPluginManager: Mounting plugin GameplayTagsEditor
LogPluginManager: Mounting plugin GeometryMode
LogPluginManager: Mounting plugin MacGraphicsSwitching
LogPluginManager: Mounting plugin MaterialAnalyzer
LogPluginManager: Mounting plugin MobileLauncherProfileWizard
LogPluginManager: Mounting plugin PluginBrowser
LogPluginManager: Mounting plugin SpeedTreeImporter
LogPluginManager: Mounting plugin DatasmithContent
LogPluginManager: Mounting plugin VariantManagerContent
LogPluginManager: Mounting plugin AlembicImporter
LogPluginManager: Mounting plugin AutomationUtils
LogPluginManager: Mounting plugin BackChannel
LogPluginManager: Mounting plugin ChaosClothEditor
LogPluginManager: Mounting plugin ChaosCloth
LogPluginManager: Mounting plugin ChaosEditor
LogPluginManager: Mounting plugin ChaosNiagara
LogPluginManager: Mounting plugin ChaosSolverPlugin
LogPluginManager: Mounting plugin CharacterAI
LogPluginManager: Mounting plugin GeometryCache
LogPluginManager: Mounting plugin GeometryCollectionPlugin
LogPluginManager: Mounting plugin GeometryProcessing
LogPluginManager: Mounting plugin MotoSynth
LogPluginManager: Mounting plugin OpenImageDenoise
LogPluginManager: Mounting plugin PlanarCut
LogPluginManager: Mounting plugin PlatformCrypto
LogPluginManager: Mounting plugin ProxyLODPlugin
LogPluginManager: Mounting plugin PythonScriptPlugin
LogPluginManager: Mounting plugin SkeletalReduction
LogPluginManager: Mounting plugin Niagara
LogPluginManager: Mounting plugin LuminPlatformFeatures
LogPluginManager: Mounting plugin MagicLeapLightEstimation
LogPluginManager: Mounting plugin MagicLeap
LogPluginManager: Mounting plugin MagicLeapMedia
LogPluginManager: Mounting plugin MagicLeapPassableWorld
LogPluginManager: Mounting plugin MLSDK
LogPluginManager: Mounting plugin AsyncLoadingScreen
LogPluginManager: Mounting plugin AndroidMedia
LogPluginManager: Mounting plugin AvfMedia
LogPluginManager: Mounting plugin ImgMedia
LogPluginManager: Mounting plugin MediaPlayerEditor
LogPluginManager: Mounting plugin WebMMedia
LogPluginManager: Mounting plugin WmfMedia
LogPluginManager: Mounting plugin TcpMessaging
LogPluginManager: Mounting plugin UdpMessaging
LogPluginManager: Mounting plugin ActorSequence
LogPluginManager: Mounting plugin LevelSequenceEditor
LogPluginManager: Mounting plugin MatineeToLevelSequence
LogPluginManager: Mounting plugin MediaCompositing
LogPluginManager: Mounting plugin TemplateSequence
LogPluginManager: Mounting plugin OnlineSubsystem
LogPluginManager: Mounting plugin OnlineSubsystemNull
LogPluginManager: Mounting plugin OnlineSubsystemUtils
LogPluginManager: Mounting plugin ActorLayerUtilities
LogPluginManager: Mounting plugin AndroidDeviceProfileSelector
LogPluginManager: Mounting plugin AndroidMoviePlayer
LogPluginManager: Mounting plugin AndroidPermission
LogPluginManager: Mounting plugin AppleImageUtils
LogPluginManager: Mounting plugin AppleMoviePlayer
LogPluginManager: Mounting plugin ArchVisCharacter
LogPluginManager: Mounting plugin AssetTags
LogPluginManager: Mounting plugin AudioCapture
LogPluginManager: Mounting plugin AudioSynesthesia
LogPluginManager: Mounting plugin CableComponent
LogPluginManager: Mounting plugin ChunkDownloader
LogPluginManager: Mounting plugin CustomMeshComponent
LogPluginManager: Mounting plugin EditableMesh
LogPluginManager: Mounting plugin ExampleDeviceProfileSelector
LogPluginManager: Mounting plugin GoogleCloudMessaging
LogPluginManager: Mounting plugin GooglePAD
LogPluginManager: Mounting plugin LauncherChunkInstaller
LogPluginManager: Mounting plugin IOSDeviceProfileSelector
LogPluginManager: Mounting plugin LinuxDeviceProfileSelector
LogPluginManager: Mounting plugin LocationServicesBPLibrary
LogPluginManager: Mounting plugin MobilePatchingUtils
LogPluginManager: Mounting plugin OpenXR
LogPluginManager: Mounting plugin OpenXREyeTracker
LogPluginManager: Mounting plugin OpenXRHandTracking
LogPluginManager: Mounting plugin PostSplashScreen
LogPluginManager: Mounting plugin PhysXVehicles
LogPluginManager: Mounting plugin ProceduralMeshComponent
LogPluginManager: Mounting plugin PropertyAccessEditor
LogPluginManager: Mounting plugin RuntimePhysXCooking
LogPluginManager: Mounting plugin SignificanceManager
LogPluginManager: Mounting plugin SoundFields
LogPluginManager: Mounting plugin Synthesis
LogPluginManager: Mounting plugin WebMMoviePlayer
LogPluginManager: Mounting plugin WindowsMoviePlayer
LogPluginManager: Mounting plugin ScreenshotTools
LogPluginManager: Mounting plugin Takes
LogPluginManager: Mounting plugin ContentBrowserAssetDataSource
LogPluginManager: Mounting plugin ContentBrowserClassDataSource
LogPluginManager: Mounting plugin ContentBrowserFileDataSource
LogPluginManager: Mounting plugin OnlineSubsystemGooglePlay
LogPluginManager: Mounting plugin OnlineSubsystemIOS
LogPluginManager: Mounting plugin OculusVR
LogPluginManager: Mounting plugin SteamVR
PixWinPlugin: PIX capture plugin failed to initialize! Check that the process is launched from PIX.
LogInit: Using libcurl 7.55.1-DEV
LogInit:  - built for x86_64-pc-win32
LogInit:  - supports SSL with OpenSSL/1.1.1
LogInit:  - supports HTTP deflate (compression) using libz 1.2.8
LogInit:  - other features:
LogInit:      CURL_VERSION_SSL
LogInit:      CURL_VERSION_LIBZ
LogInit:      CURL_VERSION_IPV6
LogInit:      CURL_VERSION_ASYNCHDNS
LogInit:      CURL_VERSION_LARGEFILE
LogInit:      CURL_VERSION_IDN
LogInit:  CurlRequestOptions (configurable via config and command line):
LogInit:  - bVerifyPeer = true  - Libcurl will verify peer certificate
LogInit:  - bUseHttpProxy = false  - Libcurl will NOT use HTTP proxy
LogInit:  - bDontReuseConnections = false  - Libcurl will reuse connections
LogInit:  - MaxHostConnections = 16  - Libcurl will limit the number of connections to a host
LogInit:  - LocalHostAddr = Default
LogInit:  - BufferSize = 65536
LogOnline: OSS: Creating online subsystem instance for: NULL
LogInit: WinSock: version 1.1 (2.2), MaxSocks=32767, MaxUdp=65467
LogOnline: OSS: TryLoadSubsystemAndSetDefault: Loaded subsystem for module [NULL]
LogOculusPluginWrapper: OculusPlugin initialized successfully
LogHMD: Failed initializing OVRPlugin 1.59.0
LogInit: Build: ++UE4+Release-4.27-CL-18319896
LogInit: Engine Version: 4.27.2-18319896+++UE4+Release-4.27
LogInit: Compatible Engine Version: 4.27.0-17155196+++UE4+Release-4.27
LogInit: Net CL: 17155196
LogInit: OS: Windows 10 (Release 2009) (), CPU: Intel(R) Core(TM) i3-9100F CPU @ 3.60GHz, GPU: NVIDIA GeForce GTX 1650
LogInit: Compiled (64-bit): Nov 30 2021 07:12:08
LogInit: Compiled with Visual C++: 19.24.28315.00
LogInit: Build Configuration: Development
LogInit: Branch Name: ++UE4+Release-4.27
LogInit: Command Line:  /Game/voladorio -game -PIEVIACONSOLE -Multiprocess GameUserSettingsINI=C:/Users/jimmy/Documents/Aguilucho/Saved/Config/Windows/PIEGameUserSettings0.ini -MultiprocessSaveConfig -forcepassthrough -messaging -SessionName="Play in Standalone Game" -windowed -WinX=0 -WinY=24 SAVEWINPOS=1 -ResX=1910 -ResY=1006
LogInit: Base Directory: D:/UE_4.27/Engine/Binaries/Win64/
LogInit: Allocator: TBB
LogInit: Installed Engine Build: 1
LogDevObjectVersion: Number of dev versions registered: 29
LogDevObjectVersion:   Dev-Blueprints (B0D832E4-1F89-4F0D-ACCF-7EB736FD4AA2): 10
LogDevObjectVersion:   Dev-Build (E1C64328-A22C-4D53-A36C-8E866417BD8C): 0
LogDevObjectVersion:   Dev-Core (375EC13C-06E4-48FB-B500-84F0262A717E): 4
LogDevObjectVersion:   Dev-Editor (E4B068ED-F494-42E9-A231-DA0B2E46BB41): 40
LogDevObjectVersion:   Dev-Framework (CFFC743F-43B0-4480-9391-14DF171D2073): 37
LogDevObjectVersion:   Dev-Mobile (B02B49B5-BB20-44E9-A304-32B752E40360): 3
LogDevObjectVersion:   Dev-Networking (A4E4105C-59A1-49B5-A7C5-40C4547EDFEE): 0
LogDevObjectVersion:   Dev-Online (39C831C9-5AE6-47DC-9A44-9C173E1C8E7C): 0
LogDevObjectVersion:   Dev-Physics (78F01B33-EBEA-4F98-B9B4-84EACCB95AA2): 14
LogDevObjectVersion:   Dev-Platform (6631380F-2D4D-43E0-8009-CF276956A95A): 0
LogDevObjectVersion:   Dev-Rendering (12F88B9F-8875-4AFC-A67C-D90C383ABD29): 45
LogDevObjectVersion:   Dev-Sequencer (7B5AE74C-D270-4C10-A958-57980B212A5A): 13
LogDevObjectVersion:   Dev-VR (D7296918-1DD6-4BDD-9DE2-64A83CC13884): 3
LogDevObjectVersion:   Dev-LoadTimes (C2A15278-BFE7-4AFE-6C17-90FF531DF755): 1
LogDevObjectVersion:   Private-Geometry (6EACA3D4-40EC-4CC1-B786-8BED09428FC5): 3
LogDevObjectVersion:   Dev-AnimPhys (29E575DD-E0A3-4627-9D10-D276232CDCEA): 17
LogDevObjectVersion:   Dev-Anim (AF43A65D-7FD3-4947-9873-3E8ED9C1BB05): 15
LogDevObjectVersion:   Dev-ReflectionCapture (6B266CEC-1EC7-4B8F-A30B-E4D90942FC07): 1
LogDevObjectVersion:   Dev-Automation (0DF73D61-A23F-47EA-B727-89E90C41499A): 1
LogDevObjectVersion:   FortniteMain (601D1886-AC64-4F84-AA16-D3DE0DEAC7D6): 47
LogDevObjectVersion:   FortniteRelease (E7086368-6B23-4C58-8439-1B7016265E91): 1
LogDevObjectVersion:   Dev-Enterprise (9DFFBCD6-494F-0158-E221-12823C92A888): 10
LogDevObjectVersion:   Dev-Niagara (F2AED0AC-9AFE-416F-8664-AA7FFA26D6FC): 1
LogDevObjectVersion:   Dev-Destruction (174F1F0B-B4C6-45A5-B13F-2EE8D0FB917D): 10
LogDevObjectVersion:   Dev-Physics-Ext (35F94A83-E258-406C-A318-09F59610247C): 41
LogDevObjectVersion:   Dev-PhysicsMaterial-Chaos (B68FC16E-8B1B-42E2-B453-215C058844FE): 1
LogDevObjectVersion:   Dev-CineCamera (B2E18506-4273-CFC2-A54E-F4BB758BBA07): 1
LogDevObjectVersion:   Dev-VirtualProduction (64F58936-FD1B-42BA-BA96-7289D5D0FA4E): 1
LogDevObjectVersion:   Dev-MediaFramework (6F0ED827-A609-4895-9C91-998D90180EA4): 2
LogInit: Presizing for max 25165824 objects, including 0 objects not considered by GC, pre-allocating 0 bytes for permanent pool.
LogConfig: Applying CVar settings from Section [/Script/Engine.StreamingSettings] File [C:/Users/jimmy/Documents/Aguilucho/Saved/Config/Windows/Engine.ini]
LogConfig: Setting CVar [[s.MinBulkDataSizeForAsyncLoading:131072]]
LogConfig: Setting CVar [[s.AsyncLoadingThreadEnabled:0]]
LogConfig: Setting CVar [[s.EventDrivenLoaderEnabled:1]]
LogConfig: Setting CVar [[s.WarnIfTimeLimitExceeded:0]]
LogConfig: Setting CVar [[s.TimeLimitExceededMultiplier:1.5]]
LogConfig: Setting CVar [[s.TimeLimitExceededMinTime:0.005]]
LogConfig: Setting CVar [[s.UseBackgroundLevelStreaming:1]]
LogConfig: Setting CVar [[s.PriorityAsyncLoadingExtraTime:15.0]]
LogConfig: Setting CVar [[s.LevelStreamingActorsUpdateTimeLimit:5.0]]
LogConfig: Setting CVar [[s.PriorityLevelStreamingActorsUpdateExtraTime:5.0]]
LogConfig: Setting CVar [[s.LevelStreamingComponentsRegistrationGranularity:10]]
LogConfig: Setting CVar [[s.UnregisterComponentsTimeLimit:1.0]]
LogConfig: Setting CVar [[s.LevelStreamingComponentsUnregistrationGranularity:5]]
LogConfig: Setting CVar [[s.FlushStreamingOnExit:1]]
LogInit: Object subsystem initialized
LogConfig: Setting CVar [[con.DebugEarlyDefault:1]]
LogConfig: Setting CVar [[r.setres:1280x720]]
[2022.04.29-14.49.45:764][  0]LogConfig: Setting CVar [[con.DebugEarlyDefault:1]]
[2022.04.29-14.49.45:764][  0]LogConfig: Setting CVar [[r.setres:1280x720]]
[2022.04.29-14.49.45:764][  0]LogConfig: Applying CVar settings from Section [/Script/Engine.RendererSettings] File [C:/Users/jimmy/Documents/Aguilucho/Saved/Config/Windows/Engine.ini]
[2022.04.29-14.49.45:764][  0]LogConfig: Setting CVar [[r.GPUCrashDebugging:0]]
[2022.04.29-14.49.45:764][  0]LogConfig: Applying CVar settings from Section [/Script/Engine.RendererOverrideSettings] File [C:/Users/jimmy/Documents/Aguilucho/Saved/Config/Windows/Engine.ini]
[2022.04.29-14.49.45:764][  0]LogConfig: Applying CVar settings from Section [/Script/Engine.StreamingSettings] File [C:/Users/jimmy/Documents/Aguilucho/Saved/Config/Windows/Engine.ini]
[2022.04.29-14.49.45:764][  0]LogConfig: Setting CVar [[s.MinBulkDataSizeForAsyncLoading:131072]]
[2022.04.29-14.49.45:764][  0]LogConfig: Setting CVar [[s.AsyncLoadingThreadEnabled:0]]
[2022.04.29-14.49.45:764][  0]LogConfig: Setting CVar [[s.EventDrivenLoaderEnabled:1]]
[2022.04.29-14.49.45:764][  0]LogConfig: Setting CVar [[s.WarnIfTimeLimitExceeded:0]]
[2022.04.29-14.49.45:764][  0]LogConfig: Setting CVar [[s.TimeLimitExceededMultiplier:1.5]]
[2022.04.29-14.49.45:764][  0]LogConfig: Setting CVar [[s.TimeLimitExceededMinTime:0.005]]
[2022.04.29-14.49.45:764][  0]LogConfig: Setting CVar [[s.UseBackgroundLevelStreaming:1]]
[2022.04.29-14.49.45:764][  0]LogConfig: Setting CVar [[s.PriorityAsyncLoadingExtraTime:15.0]]
[2022.04.29-14.49.45:764][  0]LogConfig: Setting CVar [[s.LevelStreamingActorsUpdateTimeLimit:5.0]]
[2022.04.29-14.49.45:764][  0]LogConfig: Setting CVar [[s.PriorityLevelStreamingActorsUpdateExtraTime:5.0]]
[2022.04.29-14.49.45:764][  0]LogConfig: Setting CVar [[s.LevelStreamingComponentsRegistrationGranularity:10]]
[2022.04.29-14.49.45:764][  0]LogConfig: Setting CVar [[s.UnregisterComponentsTimeLimit:1.0]]
[2022.04.29-14.49.45:764][  0]LogConfig: Setting CVar [[s.LevelStreamingComponentsUnregistrationGranularity:5]]
[2022.04.29-14.49.45:764][  0]LogConfig: Setting CVar [[s.FlushStreamingOnExit:1]]
[2022.04.29-14.49.45:764][  0]LogConfig: Applying CVar settings from Section [/Script/Engine.GarbageCollectionSettings] File [C:/Users/jimmy/Documents/Aguilucho/Saved/Config/Windows/Engine.ini]
[2022.04.29-14.49.45:764][  0]LogConfig: Setting CVar [[gc.MaxObjectsNotConsideredByGC:1]]
[2022.04.29-14.49.45:764][  0]LogConfig: Setting CVar [[gc.SizeOfPermanentObjectPool:0]]
[2022.04.29-14.49.45:764][  0]LogConfig: Setting CVar [[gc.FlushStreamingOnGC:0]]
[2022.04.29-14.49.45:764][  0]LogConfig: Setting CVar [[gc.NumRetriesBeforeForcingGC:10]]
[2022.04.29-14.49.45:764][  0]LogConfig: Setting CVar [[gc.AllowParallelGC:1]]
[2022.04.29-14.49.45:764][  0]LogConfig: Setting CVar [[gc.TimeBetweenPurgingPendingKillObjects:61.1]]
[2022.04.29-14.49.45:764][  0]LogConfig: Setting CVar [[gc.MaxObjectsInEditor:25165824]]
[2022.04.29-14.49.45:764][  0]LogConfig: Setting CVar [[gc.IncrementalBeginDestroyEnabled:1]]
[2022.04.29-14.49.45:764][  0]LogConfig: Setting CVar [[gc.CreateGCClusters:1]]
[2022.04.29-14.49.45:764][  0]LogConfig: Setting CVar [[gc.MinGCClusterSize:5]]
[2022.04.29-14.49.45:764][  0]LogConfig: Setting CVar [[gc.ActorClusteringEnabled:0]]
[2022.04.29-14.49.45:764][  0]LogConfig: Setting CVar [[gc.BlueprintClusteringEnabled:0]]
[2022.04.29-14.49.45:764][  0]LogConfig: Setting CVar [[gc.UseDisregardForGCOnDedicatedServers:0]]
[2022.04.29-14.49.45:764][  0]LogConfig: Setting CVar [[gc.MultithreadedDestructionEnabled:1]]
[2022.04.29-14.49.45:764][  0]LogConfig: Applying CVar settings from Section [/Script/Engine.NetworkSettings] File [C:/Users/jimmy/Documents/Aguilucho/Saved/Config/Windows/Engine.ini]
[2022.04.29-14.49.45:764][  0]LogConfig: Applying CVar settings from Section [/Script/UnrealEd.CookerSettings] File [C:/Users/jimmy/Documents/Aguilucho/Saved/Config/Windows/Engine.ini]
[2022.04.29-14.49.45:771][  0]LogConfig: Applying CVar settings from Section [ViewDistanceQuality@3] File [C:/Users/jimmy/Documents/Aguilucho/Saved/Config/Windows/Scalability.ini]
[2022.04.29-14.49.45:771][  0]LogConfig: Setting CVar [[r.SkeletalMeshLODBias:0]]
[2022.04.29-14.49.45:771][  0]LogConfig: Setting CVar [[r.ViewDistanceScale:1.0]]
[2022.04.29-14.49.45:771][  0]LogConfig: Applying CVar settings from Section [AntiAliasingQuality@3] File [C:/Users/jimmy/Documents/Aguilucho/Saved/Config/Windows/Scalability.ini]
[2022.04.29-14.49.45:771][  0]LogConfig: Setting CVar [[r.PostProcessAAQuality:4]]
[2022.04.29-14.49.45:771][  0]LogConfig: Applying CVar settings from Section [ShadowQuality@3] File [C:/Users/jimmy/Documents/Aguilucho/Saved/Config/Windows/Scalability.ini]
[2022.04.29-14.49.45:771][  0]LogConfig: Setting CVar [[r.LightFunctionQuality:1]]
[2022.04.29-14.49.45:771][  0]LogConfig: Setting CVar [[r.ShadowQuality:5]]
[2022.04.29-14.49.45:771][  0]LogConfig: Setting CVar [[r.Shadow.CSM.MaxCascades:10]]
[2022.04.29-14.49.45:771][  0]LogConfig: Setting CVar [[r.Shadow.MaxResolution:2048]]
[2022.04.29-14.49.45:771][  0]LogConfig: Setting CVar [[r.Shadow.MaxCSMResolution:2048]]
[2022.04.29-14.49.45:771][  0]LogConfig: Setting CVar [[r.Shadow.RadiusThreshold:0.01]]
[2022.04.29-14.49.45:771][  0]LogConfig: Setting CVar [[r.Shadow.DistanceScale:1.0]]
[2022.04.29-14.49.45:771][  0]LogConfig: Setting CVar [[r.Shadow.CSM.TransitionScale:1.0]]
[2022.04.29-14.49.45:771][  0]LogConfig: Setting CVar [[r.Shadow.PreShadowResolutionFactor:1.0]]
[2022.04.29-14.49.45:771][  0]LogConfig: Setting CVar [[r.DistanceFieldShadowing:1]]
[2022.04.29-14.49.45:771][  0]LogConfig: Setting CVar [[r.DistanceFieldAO:1]]
[2022.04.29-14.49.45:771][  0]LogConfig: Setting CVar [[r.AOQuality:2]]
[2022.04.29-14.49.45:771][  0]LogConfig: Setting CVar [[r.VolumetricFog:1]]
[2022.04.29-14.49.45:771][  0]LogConfig: Setting CVar [[r.VolumetricFog.GridPixelSize:8]]
[2022.04.29-14.49.45:771][  0]LogConfig: Setting CVar [[r.VolumetricFog.GridSizeZ:128]]
[2022.04.29-14.49.45:771][  0]LogConfig: Setting CVar [[r.VolumetricFog.HistoryMissSupersampleCount:4]]
[2022.04.29-14.49.45:772][  0]LogConfig: Setting CVar [[r.LightMaxDrawDistanceScale:1]]
[2022.04.29-14.49.45:772][  0]LogConfig: Setting CVar [[r.CapsuleShadows:1]]
[2022.04.29-14.49.45:772][  0]LogConfig: Applying CVar settings from Section [PostProcessQuality@3] File [C:/Users/jimmy/Documents/Aguilucho/Saved/Config/Windows/Scalability.ini]
[2022.04.29-14.49.45:772][  0]LogConfig: Setting CVar [[r.MotionBlurQuality:4]]
[2022.04.29-14.49.45:772][  0]LogConfig: Setting CVar [[r.AmbientOcclusionMipLevelFactor:0.4]]
[2022.04.29-14.49.45:772][  0]LogConfig: Setting CVar [[r.AmbientOcclusionMaxQuality:100]]
[2022.04.29-14.49.45:772][  0]LogConfig: Setting CVar [[r.AmbientOcclusionLevels:-1]]
[2022.04.29-14.49.45:772][  0]LogConfig: Setting CVar [[r.AmbientOcclusionRadiusScale:1.0]]
[2022.04.29-14.49.45:772][  0]LogConfig: Setting CVar [[r.DepthOfFieldQuality:2]]
[2022.04.29-14.49.45:772][  0]LogConfig: Setting CVar [[r.RenderTargetPoolMin:400]]
[2022.04.29-14.49.45:772][  0]LogConfig: Setting CVar [[r.LensFlareQuality:2]]
[2022.04.29-14.49.45:772][  0]LogConfig: Setting CVar [[r.SceneColorFringeQuality:1]]
[2022.04.29-14.49.45:772][  0]LogConfig: Setting CVar [[r.EyeAdaptationQuality:2]]
[2022.04.29-14.49.45:772][  0]LogConfig: Setting CVar [[r.BloomQuality:5]]
[2022.04.29-14.49.45:772][  0]LogConfig: Setting CVar [[r.FastBlurThreshold:100]]
[2022.04.29-14.49.45:772][  0]LogConfig: Setting CVar [[r.Upscale.Quality:3]]
[2022.04.29-14.49.45:772][  0]LogConfig: Setting CVar [[r.Tonemapper.GrainQuantization:1]]
[2022.04.29-14.49.45:772][  0]LogConfig: Setting CVar [[r.LightShaftQuality:1]]
[2022.04.29-14.49.45:772][  0]LogConfig: Setting CVar [[r.Filter.SizeScale:1]]
[2022.04.29-14.49.45:772][  0]LogConfig: Setting CVar [[r.Tonemapper.Quality:5]]
[2022.04.29-14.49.45:772][  0]LogConfig: Setting CVar [[r.DOF.Gather.AccumulatorQuality:1        ; higher gathering accumulator quality]]
[2022.04.29-14.49.45:772][  0]LogConfig: Setting CVar [[r.DOF.Gather.PostfilterMethod:1          ; Median3x3 postfilering method]]
[2022.04.29-14.49.45:772][  0]LogConfig: Setting CVar [[r.DOF.Gather.EnableBokehSettings:0       ; no bokeh simulation when gathering]]
[2022.04.29-14.49.45:772][  0]LogConfig: Setting CVar [[r.DOF.Gather.RingCount:4                 ; medium number of samples when gathering]]
[2022.04.29-14.49.45:772][  0]LogConfig: Setting CVar [[r.DOF.Scatter.ForegroundCompositing:1    ; additive foreground scattering]]
[2022.04.29-14.49.45:772][  0]LogConfig: Setting CVar [[r.DOF.Scatter.BackgroundCompositing:2    ; additive background scattering]]
[2022.04.29-14.49.45:772][  0]LogConfig: Setting CVar [[r.DOF.Scatter.EnableBokehSettings:1      ; bokeh simulation when scattering]]
[2022.04.29-14.49.45:772][  0]LogConfig: Setting CVar [[r.DOF.Scatter.MaxSpriteRatio:0.1         ; only a maximum of 10% of scattered bokeh]]
[2022.04.29-14.49.45:772][  0]LogConfig: Setting CVar [[r.DOF.Recombine.Quality:1                ; cheap slight out of focus]]
[2022.04.29-14.49.45:772][  0]LogConfig: Setting CVar [[r.DOF.Recombine.EnableBokehSettings:0    ; no bokeh simulation on slight out of focus]]
[2022.04.29-14.49.45:772][  0]LogConfig: Setting CVar [[r.DOF.TemporalAAQuality:1                ; more stable temporal accumulation]]
[2022.04.29-14.49.45:772][  0]LogConfig: Setting CVar [[r.DOF.Kernel.MaxForegroundRadius:0.025]]
[2022.04.29-14.49.45:772][  0]LogConfig: Setting CVar [[r.DOF.Kernel.MaxBackgroundRadius:0.025]]
[2022.04.29-14.49.45:772][  0]LogConfig: Applying CVar settings from Section [TextureQuality@3] File [C:/Users/jimmy/Documents/Aguilucho/Saved/Config/Windows/Scalability.ini]
[2022.04.29-14.49.45:772][  0]LogConfig: Setting CVar [[r.Streaming.MipBias:0]]
[2022.04.29-14.49.45:772][  0]LogConfig: Setting CVar [[r.Streaming.AmortizeCPUToGPUCopy:0]]
[2022.04.29-14.49.45:773][  0]LogConfig: Setting CVar [[r.Streaming.MaxNumTexturesToStreamPerFrame:0]]
[2022.04.29-14.49.45:773][  0]LogConfig: Setting CVar [[r.Streaming.Boost:1]]
[2022.04.29-14.49.45:773][  0]LogConfig: Setting CVar [[r.MaxAnisotropy:8]]
[2022.04.29-14.49.45:773][  0]LogConfig: Setting CVar [[r.VT.MaxAnisotropy:8]]
[2022.04.29-14.49.45:773][  0]LogConfig: Setting CVar [[r.Streaming.LimitPoolSizeToVRAM:0]]
[2022.04.29-14.49.45:773][  0]LogConfig: Setting CVar [[r.Streaming.PoolSize:1000]]
[2022.04.29-14.49.45:773][  0]LogConfig: Setting CVar [[r.Streaming.MaxEffectiveScreenSize:0]]
[2022.04.29-14.49.45:773][  0]LogConfig: Applying CVar settings from Section [EffectsQuality@3] File [C:/Users/jimmy/Documents/Aguilucho/Saved/Config/Windows/Scalability.ini]
[2022.04.29-14.49.45:773][  0]LogConfig: Setting CVar [[r.TranslucencyLightingVolumeDim:64]]
[2022.04.29-14.49.45:773][  0]LogConfig: Setting CVar [[r.RefractionQuality:2]]
[2022.04.29-14.49.45:773][  0]LogConfig: Setting CVar [[r.SSR.Quality:3]]
[2022.04.29-14.49.45:773][  0]LogConfig: Setting CVar [[r.SSR.HalfResSceneColor:0]]
[2022.04.29-14.49.45:773][  0]LogConfig: Setting CVar [[r.SceneColorFormat:4]]
[2022.04.29-14.49.45:773][  0]LogConfig: Setting CVar [[r.DetailMode:2]]
[2022.04.29-14.49.45:773][  0]LogConfig: Setting CVar [[r.TranslucencyVolumeBlur:1]]
[2022.04.29-14.49.45:773][  0]LogConfig: Setting CVar [[r.MaterialQualityLevel:1 ; High quality]]
[2022.04.29-14.49.45:773][  0]LogConfig: Setting CVar [[r.AnisotropicMaterials:1]]
[2022.04.29-14.49.45:773][  0]LogConfig: Setting CVar [[r.SSS.Scale:1]]
[2022.04.29-14.49.45:773][  0]LogConfig: Setting CVar [[r.SSS.SampleSet:2]]
[2022.04.29-14.49.45:773][  0]LogConfig: Setting CVar [[r.SSS.Quality:1]]
[2022.04.29-14.49.45:773][  0]LogConfig: Setting CVar [[r.SSS.HalfRes:0]]
[2022.04.29-14.49.45:773][  0]LogConfig: Setting CVar [[r.SSGI.Quality:3]]
[2022.04.29-14.49.45:773][  0]LogConfig: Setting CVar [[r.EmitterSpawnRateScale:1.0]]
[2022.04.29-14.49.45:773][  0]LogConfig: Setting CVar [[r.ParticleLightQuality:2]]
[2022.04.29-14.49.45:773][  0]LogConfig: Setting CVar [[r.SkyAtmosphere.AerialPerspectiveLUT.FastApplyOnOpaque:1 ; Always have FastSkyLUT 1 in this case to avoid wrong sky]]
[2022.04.29-14.49.45:773][  0]LogConfig: Setting CVar [[r.SkyAtmosphere.AerialPerspectiveLUT.SampleCountMaxPerSlice:4]]
[2022.04.29-14.49.45:773][  0]LogConfig: Setting CVar [[r.SkyAtmosphere.AerialPerspectiveLUT.DepthResolution:16.0]]
[2022.04.29-14.49.45:773][  0]LogConfig: Setting CVar [[r.SkyAtmosphere.FastSkyLUT:1]]
[2022.04.29-14.49.45:773][  0]LogConfig: Setting CVar [[r.SkyAtmosphere.FastSkyLUT.SampleCountMin:4.0]]
[2022.04.29-14.49.45:773][  0]LogConfig: Setting CVar [[r.SkyAtmosphere.FastSkyLUT.SampleCountMax:128.0]]
[2022.04.29-14.49.45:773][  0]LogConfig: Setting CVar [[r.SkyAtmosphere.SampleCountMin:4.0]]
[2022.04.29-14.49.45:773][  0]LogConfig: Setting CVar [[r.SkyAtmosphere.SampleCountMax:128.0]]
[2022.04.29-14.49.45:773][  0]LogConfig: Setting CVar [[r.SkyAtmosphere.TransmittanceLUT.UseSmallFormat:0]]
[2022.04.29-14.49.45:773][  0]LogConfig: Setting CVar [[r.SkyAtmosphere.TransmittanceLUT.SampleCount:10.0]]
[2022.04.29-14.49.45:773][  0]LogConfig: Setting CVar [[r.SkyAtmosphere.MultiScatteringLUT.SampleCount:15.0]]
[2022.04.29-14.49.45:773][  0]LogConfig: Setting CVar [[r.SkyLight.RealTimeReflectionCapture:1]]
[2022.04.29-14.49.45:773][  0]LogConfig: Applying CVar settings from Section [FoliageQuality@3] File [C:/Users/jimmy/Documents/Aguilucho/Saved/Config/Windows/Scalability.ini]
[2022.04.29-14.49.45:773][  0]LogConfig: Setting CVar [[foliage.DensityScale:1.0]]
[2022.04.29-14.49.45:773][  0]LogConfig: Setting CVar [[grass.DensityScale:1.0]]
[2022.04.29-14.49.45:773][  0]LogConfig: Applying CVar settings from Section [ShadingQuality@3] File [C:/Users/jimmy/Documents/Aguilucho/Saved/Config/Windows/Scalability.ini]
[2022.04.29-14.49.45:773][  0]LogConfig: Setting CVar [[r.HairStrands.SkyLighting.IntegrationType:2]]
[2022.04.29-14.49.45:773][  0]LogConfig: Setting CVar [[r.HairStrands.SkyAO.SampleCount:4]]
[2022.04.29-14.49.45:773][  0]LogConfig: Setting CVar [[r.HairStrands.Visibility.MSAA.SamplePerPixel:4]]
[2022.04.29-14.49.45:773][  0]LogInit: Selected Device Profile: [Windows]
[2022.04.29-14.49.45:773][  0]LogInit: Applying CVar settings loaded from the selected device profile: [Windows]
[2022.04.29-14.49.45:773][  0]LogHAL: Display: Platform has ~ 16 GB [17119318016 / 17179869184 / 16], which maps to Larger [LargestMinGB=32, LargerMinGB=12, DefaultMinGB=8, SmallerMinGB=6, SmallestMinGB=0)
[2022.04.29-14.49.45:774][  0]LogInit: Going up to parent DeviceProfile []
[2022.04.29-14.49.45:774][  0]LogConfig: Applying CVar settings from Section [ViewDistanceQuality@3] File [C:/Users/jimmy/Documents/Aguilucho/Saved/Config/Windows/Scalability.ini]
[2022.04.29-14.49.45:774][  0]LogConfig: Setting CVar [[r.SkeletalMeshLODBias:0]]
[2022.04.29-14.49.45:774][  0]LogConfig: Setting CVar [[r.ViewDistanceScale:1.0]]
[2022.04.29-14.49.45:774][  0]LogConfig: Applying CVar settings from Section [AntiAliasingQuality@3] File [C:/Users/jimmy/Documents/Aguilucho/Saved/Config/Windows/Scalability.ini]
[2022.04.29-14.49.45:774][  0]LogConfig: Setting CVar [[r.PostProcessAAQuality:4]]
[2022.04.29-14.49.45:774][  0]LogConfig: Applying CVar settings from Section [ShadowQuality@3] File [C:/Users/jimmy/Documents/Aguilucho/Saved/Config/Windows/Scalability.ini]
[2022.04.29-14.49.45:774][  0]LogConfig: Setting CVar [[r.LightFunctionQuality:1]]
[2022.04.29-14.49.45:774][  0]LogConfig: Setting CVar [[r.ShadowQuality:5]]
[2022.04.29-14.49.45:774][  0]LogConfig: Setting CVar [[r.Shadow.CSM.MaxCascades:10]]
[2022.04.29-14.49.45:774][  0]LogConfig: Setting CVar [[r.Shadow.MaxResolution:2048]]
[2022.04.29-14.49.45:774][  0]LogConfig: Setting CVar [[r.Shadow.MaxCSMResolution:2048]]
[2022.04.29-14.49.45:774][  0]LogConfig: Setting CVar [[r.Shadow.RadiusThreshold:0.01]]
[2022.04.29-14.49.45:774][  0]LogConfig: Setting CVar [[r.Shadow.DistanceScale:1.0]]
[2022.04.29-14.49.45:774][  0]LogConfig: Setting CVar [[r.Shadow.CSM.TransitionScale:1.0]]
[2022.04.29-14.49.45:774][  0]LogConfig: Setting CVar [[r.Shadow.PreShadowResolutionFactor:1.0]]
[2022.04.29-14.49.45:774][  0]LogConfig: Setting CVar [[r.DistanceFieldShadowing:1]]
[2022.04.29-14.49.45:774][  0]LogConfig: Setting CVar [[r.DistanceFieldAO:1]]
[2022.04.29-14.49.45:774][  0]LogConfig: Setting CVar [[r.AOQuality:2]]
[2022.04.29-14.49.45:774][  0]LogConfig: Setting CVar [[r.VolumetricFog:1]]
[2022.04.29-14.49.45:774][  0]LogConfig: Setting CVar [[r.VolumetricFog.GridPixelSize:8]]
[2022.04.29-14.49.45:774][  0]LogConfig: Setting CVar [[r.VolumetricFog.GridSizeZ:128]]
[2022.04.29-14.49.45:774][  0]LogConfig: Setting CVar [[r.VolumetricFog.HistoryMissSupersampleCount:4]]
[2022.04.29-14.49.45:774][  0]LogConfig: Setting CVar [[r.LightMaxDrawDistanceScale:1]]
[2022.04.29-14.49.45:774][  0]LogConfig: Setting CVar [[r.CapsuleShadows:1]]
[2022.04.29-14.49.45:774][  0]LogConfig: Applying CVar settings from Section [PostProcessQuality@3] File [C:/Users/jimmy/Documents/Aguilucho/Saved/Config/Windows/Scalability.ini]
[2022.04.29-14.49.45:774][  0]LogConfig: Setting CVar [[r.MotionBlurQuality:4]]
[2022.04.29-14.49.45:774][  0]LogConfig: Setting CVar [[r.AmbientOcclusionMipLevelFactor:0.4]]
[2022.04.29-14.49.45:774][  0]LogConfig: Setting CVar [[r.AmbientOcclusionMaxQuality:100]]
[2022.04.29-14.49.45:774][  0]LogConfig: Setting CVar [[r.AmbientOcclusionLevels:-1]]
[2022.04.29-14.49.45:774][  0]LogConfig: Setting CVar [[r.AmbientOcclusionRadiusScale:1.0]]
[2022.04.29-14.49.45:774][  0]LogConfig: Setting CVar [[r.DepthOfFieldQuality:2]]
[2022.04.29-14.49.45:774][  0]LogConfig: Setting CVar [[r.RenderTargetPoolMin:400]]
[2022.04.29-14.49.45:774][  0]LogConfig: Setting CVar [[r.LensFlareQuality:2]]
[2022.04.29-14.49.45:774][  0]LogConfig: Setting CVar [[r.SceneColorFringeQuality:1]]
[2022.04.29-14.49.45:774][  0]LogConfig: Setting CVar [[r.EyeAdaptationQuality:2]]
[2022.04.29-14.49.45:774][  0]LogConfig: Setting CVar [[r.BloomQuality:5]]
[2022.04.29-14.49.45:774][  0]LogConfig: Setting CVar [[r.FastBlurThreshold:100]]
[2022.04.29-14.49.45:774][  0]LogConfig: Setting CVar [[r.Upscale.Quality:3]]
[2022.04.29-14.49.45:774][  0]LogConfig: Setting CVar [[r.Tonemapper.GrainQuantization:1]]
[2022.04.29-14.49.45:774][  0]LogConfig: Setting CVar [[r.LightShaftQuality:1]]
[2022.04.29-14.49.45:774][  0]LogConfig: Setting CVar [[r.Filter.SizeScale:1]]
[2022.04.29-14.49.45:774][  0]LogConfig: Setting CVar [[r.Tonemapper.Quality:5]]
[2022.04.29-14.49.45:774][  0]LogConfig: Setting CVar [[r.DOF.Gather.AccumulatorQuality:1        ; higher gathering accumulator quality]]
[2022.04.29-14.49.45:774][  0]LogConfig: Setting CVar [[r.DOF.Gather.PostfilterMethod:1          ; Median3x3 postfilering method]]
[2022.04.29-14.49.45:774][  0]LogConfig: Setting CVar [[r.DOF.Gather.EnableBokehSettings:0       ; no bokeh simulation when gathering]]
[2022.04.29-14.49.45:774][  0]LogConfig: Setting CVar [[r.DOF.Gather.RingCount:4                 ; medium number of samples when gathering]]
[2022.04.29-14.49.45:774][  0]LogConfig: Setting CVar [[r.DOF.Scatter.ForegroundCompositing:1    ; additive foreground scattering]]
[2022.04.29-14.49.45:775][  0]LogConfig: Setting CVar [[r.DOF.Scatter.BackgroundCompositing:2    ; additive background scattering]]
[2022.04.29-14.49.45:775][  0]LogConfig: Setting CVar [[r.DOF.Scatter.EnableBokehSettings:1      ; bokeh simulation when scattering]]
[2022.04.29-14.49.45:775][  0]LogConfig: Setting CVar [[r.DOF.Scatter.MaxSpriteRatio:0.1         ; only a maximum of 10% of scattered bokeh]]
[2022.04.29-14.49.45:775][  0]LogConfig: Setting CVar [[r.DOF.Recombine.Quality:1                ; cheap slight out of focus]]
[2022.04.29-14.49.45:775][  0]LogConfig: Setting CVar [[r.DOF.Recombine.EnableBokehSettings:0    ; no bokeh simulation on slight out of focus]]
[2022.04.29-14.49.45:775][  0]LogConfig: Setting CVar [[r.DOF.TemporalAAQuality:1                ; more stable temporal accumulation]]
[2022.04.29-14.49.45:775][  0]LogConfig: Setting CVar [[r.DOF.Kernel.MaxForegroundRadius:0.025]]
[2022.04.29-14.49.45:775][  0]LogConfig: Setting CVar [[r.DOF.Kernel.MaxBackgroundRadius:0.025]]
[2022.04.29-14.49.45:775][  0]LogConfig: Applying CVar settings from Section [TextureQuality@3] File [C:/Users/jimmy/Documents/Aguilucho/Saved/Config/Windows/Scalability.ini]
[2022.04.29-14.49.45:775][  0]LogConfig: Setting CVar [[r.Streaming.MipBias:0]]
[2022.04.29-14.49.45:775][  0]LogConfig: Setting CVar [[r.Streaming.AmortizeCPUToGPUCopy:0]]
[2022.04.29-14.49.45:775][  0]LogConfig: Setting CVar [[r.Streaming.MaxNumTexturesToStreamPerFrame:0]]
[2022.04.29-14.49.45:775][  0]LogConfig: Setting CVar [[r.Streaming.Boost:1]]
[2022.04.29-14.49.45:775][  0]LogConfig: Setting CVar [[r.MaxAnisotropy:8]]
[2022.04.29-14.49.45:775][  0]LogConfig: Setting CVar [[r.VT.MaxAnisotropy:8]]
[2022.04.29-14.49.45:775][  0]LogConfig: Setting CVar [[r.Streaming.LimitPoolSizeToVRAM:0]]
[2022.04.29-14.49.45:775][  0]LogConfig: Setting CVar [[r.Streaming.PoolSize:1000]]
[2022.04.29-14.49.45:775][  0]LogConfig: Setting CVar [[r.Streaming.MaxEffectiveScreenSize:0]]
[2022.04.29-14.49.45:775][  0]LogConfig: Applying CVar settings from Section [EffectsQuality@3] File [C:/Users/jimmy/Documents/Aguilucho/Saved/Config/Windows/Scalability.ini]
[2022.04.29-14.49.45:775][  0]LogConfig: Setting CVar [[r.TranslucencyLightingVolumeDim:64]]
[2022.04.29-14.49.45:775][  0]LogConfig: Setting CVar [[r.RefractionQuality:2]]
[2022.04.29-14.49.45:775][  0]LogConfig: Setting CVar [[r.SSR.Quality:3]]
[2022.04.29-14.49.45:775][  0]LogConfig: Setting CVar [[r.SSR.HalfResSceneColor:0]]
[2022.04.29-14.49.45:775][  0]LogConfig: Setting CVar [[r.SceneColorFormat:4]]
[2022.04.29-14.49.45:775][  0]LogConfig: Setting CVar [[r.DetailMode:2]]
[2022.04.29-14.49.45:775][  0]LogConfig: Setting CVar [[r.TranslucencyVolumeBlur:1]]
[2022.04.29-14.49.45:775][  0]LogConfig: Setting CVar [[r.MaterialQualityLevel:1 ; High quality]]
[2022.04.29-14.49.45:775][  0]LogConfig: Setting CVar [[r.AnisotropicMaterials:1]]
[2022.04.29-14.49.45:775][  0]LogConfig: Setting CVar [[r.SSS.Scale:1]]
[2022.04.29-14.49.45:775][  0]LogConfig: Setting CVar [[r.SSS.SampleSet:2]]
[2022.04.29-14.49.45:775][  0]LogConfig: Setting CVar [[r.SSS.Quality:1]]
[2022.04.29-14.49.45:775][  0]LogConfig: Setting CVar [[r.SSS.HalfRes:0]]
[2022.04.29-14.49.45:775][  0]LogConfig: Setting CVar [[r.SSGI.Quality:3]]
[2022.04.29-14.49.45:775][  0]LogConfig: Setting CVar [[r.EmitterSpawnRateScale:1.0]]
[2022.04.29-14.49.45:775][  0]LogConfig: Setting CVar [[r.ParticleLightQuality:2]]
[2022.04.29-14.49.45:775][  0]LogConfig: Setting CVar [[r.SkyAtmosphere.AerialPerspectiveLUT.FastApplyOnOpaque:1 ; Always have FastSkyLUT 1 in this case to avoid wrong sky]]
[2022.04.29-14.49.45:775][  0]LogConfig: Setting CVar [[r.SkyAtmosphere.AerialPerspectiveLUT.SampleCountMaxPerSlice:4]]
[2022.04.29-14.49.45:775][  0]LogConfig: Setting CVar [[r.SkyAtmosphere.AerialPerspectiveLUT.DepthResolution:16.0]]
[2022.04.29-14.49.45:775][  0]LogConfig: Setting CVar [[r.SkyAtmosphere.FastSkyLUT:1]]
[2022.04.29-14.49.45:775][  0]LogConfig: Setting CVar [[r.SkyAtmosphere.FastSkyLUT.SampleCountMin:4.0]]
[2022.04.29-14.49.45:775][  0]LogConfig: Setting CVar [[r.SkyAtmosphere.FastSkyLUT.SampleCountMax:128.0]]
[2022.04.29-14.49.45:775][  0]LogConfig: Setting CVar [[r.SkyAtmosphere.SampleCountMin:4.0]]
[2022.04.29-14.49.45:775][  0]LogConfig: Setting CVar [[r.SkyAtmosphere.SampleCountMax:128.0]]
[2022.04.29-14.49.45:775][  0]LogConfig: Setting CVar [[r.SkyAtmosphere.TransmittanceLUT.UseSmallFormat:0]]
[2022.04.29-14.49.45:775][  0]LogConfig: Setting CVar [[r.SkyAtmosphere.TransmittanceLUT.SampleCount:10.0]]
[2022.04.29-14.49.45:775][  0]LogConfig: Setting CVar [[r.SkyAtmosphere.MultiScatteringLUT.SampleCount:15.0]]
[2022.04.29-14.49.45:775][  0]LogConfig: Setting CVar [[r.SkyLight.RealTimeReflectionCapture:1]]
[2022.04.29-14.49.45:775][  0]LogConfig: Applying CVar settings from Section [FoliageQuality@3] File [C:/Users/jimmy/Documents/Aguilucho/Saved/Config/Windows/Scalability.ini]
[2022.04.29-14.49.45:775][  0]LogConfig: Setting CVar [[foliage.DensityScale:1.0]]
[2022.04.29-14.49.45:775][  0]LogConfig: Setting CVar [[grass.DensityScale:1.0]]
[2022.04.29-14.49.45:775][  0]LogConfig: Applying CVar settings from Section [ShadingQuality@3] File [C:/Users/jimmy/Documents/Aguilucho/Saved/Config/Windows/Scalability.ini]
[2022.04.29-14.49.45:775][  0]LogConfig: Setting CVar [[r.HairStrands.SkyLighting.IntegrationType:2]]
[2022.04.29-14.49.45:775][  0]LogConfig: Setting CVar [[r.HairStrands.SkyAO.SampleCount:4]]
[2022.04.29-14.49.45:775][  0]LogConfig: Setting CVar [[r.HairStrands.Visibility.MSAA.SamplePerPixel:4]]
[2022.04.29-14.49.45:775][  0]LogConfig: Applying CVar settings from Section [Startup] File [../../../Engine/Config/ConsoleVariables.ini]
[2022.04.29-14.49.45:776][  0]LogConfig: Setting CVar [[net.UseAdaptiveNetUpdateFrequency:0]]
[2022.04.29-14.49.45:776][  0]LogConfig: Setting CVar [[p.chaos.AllowCreatePhysxBodies:1]]
[2022.04.29-14.49.45:776][  0]LogConfig: Setting CVar [[fx.SkipVectorVMBackendOptimizations:1]]
[2022.04.29-14.49.45:776][  0]LogConfig: Applying CVar settings from Section [ConsoleVariables] File [C:/Users/jimmy/Documents/Aguilucho/Saved/Config/Windows/Engine.ini]
[2022.04.29-14.49.45:776][  0]LogConfig: Applying CVar settings from Section [ConsoleVariables] File [C:/Users/jimmy/Documents/Aguilucho/Saved/Config/Windows/Editor.ini]
[2022.04.29-14.49.45:776][  0]LogInit: Computer: DESKTOP-67VGS3C
[2022.04.29-14.49.45:776][  0]LogInit: User: jimmy
[2022.04.29-14.49.45:776][  0]LogInit: CPU Page size=4096, Cores=4
[2022.04.29-14.49.45:776][  0]LogInit: High frequency timer resolution =10.000000 MHz
[2022.04.29-14.49.45:776][  0]LogMemory: Memory total: Physical=15.9GB (16GB approx)
[2022.04.29-14.49.45:776][  0]LogMemory: Platform Memory Stats for Windows
[2022.04.29-14.49.45:776][  0]LogMemory: Process Physical Memory: 141.24 MB used, 141.24 MB peak
[2022.04.29-14.49.45:776][  0]LogMemory: Process Virtual Memory: 127.29 MB used, 127.29 MB peak
[2022.04.29-14.49.45:776][  0]LogMemory: Physical Memory: 7748.55 MB used,  8577.70 MB free, 16326.25 MB total
[2022.04.29-14.49.45:776][  0]LogMemory: Virtual Memory: 134211232.00 MB used,  6494.30 MB free, 134217728.00 MB total
[2022.04.29-14.49.45:784][  0]LogWindows: WindowsPlatformFeatures enabled
[2022.04.29-14.49.45:828][  0]LogInit: Physics initialised using underlying interface: PhysX
[2022.04.29-14.49.45:828][  0]LogInit: Using OS detected language (es-ES).
[2022.04.29-14.49.45:829][  0]LogInit: Using OS detected locale (es-ES).
[2022.04.29-14.49.45:831][  0]LogTextLocalizationManager: No specific localization for 'es-ES' exists, so the 'es' localization will be used.
[2022.04.29-14.49.45:882][  0]LogWindowsTextInputMethodSystem: Display: IME system deactivated.
[2022.04.29-14.49.45:899][  0]LogSlate: New Slate User Created.  User Index 0, Is Virtual User: 0
[2022.04.29-14.49.45:900][  0]LogSlate: Slate User Registered.  User Index 0, Is Virtual User: 0
[2022.04.29-14.49.45:912][  0]LogD3D11RHI: Loaded GFSDK_Aftermath_Lib.x64.dll
[2022.04.29-14.49.45:930][  0]LogHMD: Failed to initialize OpenVR with code 110
[2022.04.29-14.49.45:930][  0]LogD3D11RHI: D3D11 min allowed feature level: 11_0
[2022.04.29-14.49.45:930][  0]LogD3D11RHI: D3D11 max allowed feature level: 11_0
[2022.04.29-14.49.45:930][  0]LogD3D11RHI: D3D11 adapters:
[2022.04.29-14.49.46:025][  0]LogD3D11RHI:    0. 'NVIDIA GeForce GTX 1650' (Feature Level 11_0)
[2022.04.29-14.49.46:025][  0]LogD3D11RHI:       3962/0/8163 MB DedicatedVideo/DedicatedSystem/SharedSystem, Outputs:1, VendorId:0x10de
[2022.04.29-14.49.46:027][  0]LogD3D11RHI:    1. 'Microsoft Basic Render Driver' (Feature Level 11_0)
[2022.04.29-14.49.46:027][  0]LogD3D11RHI:       0/0/8163 MB DedicatedVideo/DedicatedSystem/SharedSystem, Outputs:0, VendorId:0x1414
[2022.04.29-14.49.46:027][  0]LogD3D11RHI: Chosen D3D11 Adapter:
[2022.04.29-14.49.46:027][  0]LogD3D11RHI:     Description : NVIDIA GeForce GTX 1650
[2022.04.29-14.49.46:027][  0]LogD3D11RHI:     VendorId    : 10de
[2022.04.29-14.49.46:027][  0]LogD3D11RHI:     DeviceId    : 2188
[2022.04.29-14.49.46:027][  0]LogD3D11RHI:     SubSysId    : 8d971462
[2022.04.29-14.49.46:027][  0]LogD3D11RHI:     Revision    : 00a1
[2022.04.29-14.49.46:027][  0]LogD3D11RHI:     DedicatedVideoMemory : 4154458112 bytes
[2022.04.29-14.49.46:027][  0]LogD3D11RHI:     DedicatedSystemMemory : 0 bytes
[2022.04.29-14.49.46:027][  0]LogD3D11RHI:     SharedSystemMemory : 8559659008 bytes
[2022.04.29-14.49.46:027][  0]LogD3D11RHI:     AdapterLuid : 0 44367
[2022.04.29-14.49.46:033][  0]LogD3D11RHI: Creating new Direct3DDevice
[2022.04.29-14.49.46:033][  0]LogD3D11RHI:     GPU DeviceId: 0x2188 (for the marketing name, search the web for "GPU Device Id")
[2022.04.29-14.49.46:033][  0]LogWindows: EnumDisplayDevices:
[2022.04.29-14.49.46:033][  0]LogWindows:    0. 'NVIDIA GeForce GTX 1650' (P:1 D:1)
[2022.04.29-14.49.46:034][  0]LogWindows:    1. 'NVIDIA GeForce GTX 1650' (P:0 D:0)
[2022.04.29-14.49.46:034][  0]LogWindows:    2. 'NVIDIA GeForce GTX 1650' (P:0 D:0)
[2022.04.29-14.49.46:034][  0]LogWindows:    3. 'NVIDIA GeForce GTX 1650' (P:0 D:0)
[2022.04.29-14.49.46:034][  0]LogWindows: DebugString: FoundDriverCount:4 
[2022.04.29-14.49.46:034][  0]LogD3D11RHI:     Adapter Name: NVIDIA GeForce GTX 1650
[2022.04.29-14.49.46:034][  0]LogD3D11RHI:   Driver Version: 512.15 (internal:30.0.15.1215, unified:512.15)
[2022.04.29-14.49.46:034][  0]LogD3D11RHI:      Driver Date: 3-17-2022
[2022.04.29-14.49.46:034][  0]LogRHI: Texture pool is 2773 MB (70% of 3962 MB)
[2022.04.29-14.49.46:034][  0]LogD3D11RHI: Creating D3DDevice using adapter:
[2022.04.29-14.49.46:034][  0]LogD3D11RHI:     Description : NVIDIA GeForce GTX 1650
[2022.04.29-14.49.46:034][  0]LogD3D11RHI:     VendorId    : 10de
[2022.04.29-14.49.46:034][  0]LogD3D11RHI:     DeviceId    : 2188
[2022.04.29-14.49.46:034][  0]LogD3D11RHI:     SubSysId    : 8d971462
[2022.04.29-14.49.46:034][  0]LogD3D11RHI:     Revision    : 00a1
[2022.04.29-14.49.46:034][  0]LogD3D11RHI:     DedicatedVideoMemory : 4154458112 bytes
[2022.04.29-14.49.46:034][  0]LogD3D11RHI:     DedicatedSystemMemory : 0 bytes
[2022.04.29-14.49.46:034][  0]LogD3D11RHI:     SharedSystemMemory : 8559659008 bytes
[2022.04.29-14.49.46:034][  0]LogD3D11RHI:     AdapterLuid : 0 44367
[2022.04.29-14.49.46:094][  0]LogD3D11RHI: RHI has support for 64 bit atomics
[2022.04.29-14.49.46:094][  0]LogD3D11RHI: Async texture creation enabled
[2022.04.29-14.49.46:094][  0]LogD3D11RHI: Array index from any shader is supported
[2022.04.29-14.49.46:115][  0]LogD3D11RHI: GPU Timing Frequency: 1000.000000 (Debug: 2 1)
[2022.04.29-14.49.46:154][  0]LogRHI: GeForceNow SDK initialized: 1
[2022.04.29-14.49.46:458][  0]LogTargetPlatformManager: Display: Loaded TargetPlatform 'WindowsNoEditor'
[2022.04.29-14.49.46:462][  0]LogTargetPlatformManager: Display: Loaded TargetPlatform 'Windows'
[2022.04.29-14.49.46:466][  0]LogTargetPlatformManager: Display: Loaded TargetPlatform 'WindowsClient'
[2022.04.29-14.49.46:470][  0]LogTargetPlatformManager: Display: Loaded TargetPlatform 'WindowsServer'
[2022.04.29-14.49.46:470][  0]LogTargetPlatformManager: Display: Building Assets For Windows
[2022.04.29-14.49.46:476][  0]LogAudioDebug: Display: Lib vorbis DLL was dynamically loaded.
[2022.04.29-14.49.46:500][  0]LogTextureFormatOodle: Display: Oodle Texture 2.9.0 init RDO Off
[2022.04.29-14.49.46:526][  0]LogRendererCore: Ray tracing is disabled. Reason: r.RayTracing=0.
[2022.04.29-14.49.46:526][  0]LogShaderCompilers: Guid format shader working directory is 12 characters bigger than the processId version (C:/Users/jimmy/Documents/Aguilucho/Intermediate/Shaders/WorkingDirectory/4080/).
[2022.04.29-14.49.46:526][  0]LogShaderCompilers: Cleaned the shader compiler working directory 'C:/Users/jimmy/AppData/Local/Temp/UnrealShaderWorkingDir/87DA6CC44B3E8AEE52AD2992C58732AD/'.
[2022.04.29-14.49.46:526][  0]LogXGEController: Cannot use XGE Controller as Incredibuild is not installed on this machine.
[2022.04.29-14.49.46:527][  0]LogShaderCompilers: Cannot use XGE Shader Compiler as Incredibuild is not installed on this machine.
[2022.04.29-14.49.46:527][  0]LogShaderCompilers: Display: Using Local Shader Compiler.
[2022.04.29-14.49.47:274][  0]LogDerivedDataCache: Display: Max Cache Size: 512 MB
[2022.04.29-14.49.47:335][  0]LogDerivedDataCache: Loaded boot cache 0.06s 94MB C:/Users/jimmy/AppData/Local/UnrealEngine/4.27/DerivedDataCache/Boot.ddc.
[2022.04.29-14.49.47:335][  0]LogDerivedDataCache: Display: Loaded Boot cache: C:/Users/jimmy/AppData/Local/UnrealEngine/4.27/DerivedDataCache/Boot.ddc
[2022.04.29-14.49.47:335][  0]LogDerivedDataCache: FDerivedDataBackendGraph:  Pak pak cache file C:/Users/jimmy/Documents/Aguilucho/DerivedDataCache/DDC.ddp not found, will not use a pak cache.
[2022.04.29-14.49.47:336][  0]LogDerivedDataCache: Unable to find inner node Pak for hierarchical cache Hierarchy.
[2022.04.29-14.49.47:336][  0]LogDerivedDataCache: FDerivedDataBackendGraph:  CompressedPak pak cache file C:/Users/jimmy/Documents/Aguilucho/DerivedDataCache/Compressed.ddp not found, will not use a pak cache.
[2022.04.29-14.49.47:336][  0]LogDerivedDataCache: Unable to find inner node CompressedPak for hierarchical cache Hierarchy.
[2022.04.29-14.49.47:353][  0]LogDerivedDataCache: Display: Pak cache opened for reading ../../../Engine/DerivedDataCache/Compressed.ddp.
[2022.04.29-14.49.47:353][  0]LogDerivedDataCache: FDerivedDataBackendGraph:  EnterprisePak pak cache file ../../../Enterprise/DerivedDataCache/Compressed.ddp not found, will not use a pak cache.
[2022.04.29-14.49.47:353][  0]LogDerivedDataCache: Unable to find inner node EnterprisePak for hierarchical cache Hierarchy.
[2022.04.29-14.49.47:358][  0]LogDerivedDataCache: Speed tests for C:/Users/jimmy/AppData/Local/UnrealEngine/Common/DerivedDataCache took 0.00 seconds
[2022.04.29-14.49.47:358][  0]LogDerivedDataCache: Display: Performance to C:/Users/jimmy/AppData/Local/UnrealEngine/Common/DerivedDataCache: Latency=0.02ms. RandomReadSpeed=1716.56MBs, RandomWriteSpeed=236.72MBs. Assigned SpeedClass 'Local'
[2022.04.29-14.49.47:359][  0]LogDerivedDataCache: Using Local data cache path C:/Users/jimmy/AppData/Local/UnrealEngine/Common/DerivedDataCache: Writable
[2022.04.29-14.49.47:361][  0]LogDerivedDataCache: Shared data cache path not found in *engine.ini, will not use an Shared cache.
[2022.04.29-14.49.47:361][  0]LogDerivedDataCache: Unable to find inner node Shared for hierarchical cache Hierarchy.
[2022.04.29-14.49.47:397][  0]LogSlate: Using FreeType 2.10.0
[2022.04.29-14.49.47:397][  0]LogSlate: SlateFontServices - WITH_FREETYPE: 1, WITH_HARFBUZZ: 1
[2022.04.29-14.49.47:510][  0]LogInit: Using OS detected language (es-ES).
[2022.04.29-14.49.47:510][  0]LogInit: Using OS detected locale (es-ES).
[2022.04.29-14.49.47:510][  0]LogTextLocalizationManager: No localization for 'es-ES' exists, so 'en' will be used for the language.
[2022.04.29-14.49.47:510][  0]LogTextLocalizationManager: No localization for 'es-ES' exists, so 'en' will be used for the locale.
[2022.04.29-14.49.47:510][  0]LogSlate: FontCache flush requested. Reason: Culture for localization was changed
[2022.04.29-14.49.47:510][  0]LogSlate: FontCache flush requested. Reason: Culture for localization was changed
[2022.04.29-14.49.47:524][  0]LogAssetRegistry: FAssetRegistry took 0.0016 seconds to start up
[2022.04.29-14.49.47:688][  0]LogTextLocalizationManager: Compacting localization data took   0.01ms
[2022.04.29-14.49.47:688][  0]LogPackageLocalizationCache: Processed 28 localized package path(s) for 1 prioritized culture(s) in 0.001303 seconds
[2022.04.29-14.49.47:751][  0]LogInit: Selected Device Profile: [Windows]
[2022.04.29-14.49.47:751][  0]LogInit: Active device profile: [0000017034CD1100][000001702DC2A700 49] Windows
[2022.04.29-14.49.47:751][  0]LogInit: Profiles: [0000017034CD1100][000001702DC2A700 49] Windows, [0000017034CBA600][000001702D57C880 49] WindowsNoEditor, [0000017034CD2200][000001702D580A00 49] WindowsServer, [0000017034CB9800][000001702D584B80 49] WindowsClient, [0000017034CD1700][0000017028866D00 49] IOS, [0000017034CBA800][000001702886AE80 49] iPadAir, [0000017034CD3C00][000001702886F000 49] iPadAir2, [000001703606D400][00000170288772C0 49] IPadPro, [000001703606D500][0000017028873300 49] iPadAir3, [0000017034CBB900][000001702887B480 49] iPadAir4, [000001703606E300][000001702887F600 49] iPadMini2, [0000017034CBB000][000001702D579740 49] iPadMini3, [000001703606EF00][0000017028883880 49] iPadMini4, [0000017034CB9D00][00000170288879C0 49] iPadMini5, [0000017034C95000][00000170288920C0 49] iPhone6, [0000017034C95100][000001702888A100 49] iPodTouch6, [0000017034CD3900][000001702889A3C0 49] iPhone7, [0000017034CD2900][0000017028896400 49] iPodTouch7, [000001703606D000][000001702DDD4580 49] iPhone5S, [0000017034CD2F00][000001702DDD8700 49] iPhone6Plus, [000001703606F600][000001702DDDC880 49] iPhone6S, [0000017034CD0C00][000001702DDE0A00 49] iPhone6SPlus, [000001703606C800][000001702DDE4B80 49] iPhone7Plus, [0000017034CD1A00][000001702DDE8D00 49] iPhoneSE, [0000017034C94100][000001702DDECE80 49] iPhone8, [000001703606EE00][000001702DDF1000 49] iPhone8Plus, [0000017034C94C00][000001702DDF5180 49] iPhoneX, [000001703606F300][000001702DDF9300 49] iPhoneXS, [0000017034C97800][000001702DDFD480 49] iPhoneXSMax, [000001703606CB00][000001702DE01600 49] iPhoneXR, [0000017034C96900][000001702DE05780 49] iPhone11, [000001703606ED00][000001702888F8C0 49] iPhone11Pro, [0000017034C97A00][000001702DE09A00 49] iPhone11ProMax, [0000017034CD0B00][000001702DE0DB40 49] iPhoneSE2, [0000017034C95500][000001702DE10100 49] iPhone12Mini, [0000017034CD2400][000001702DE18280 49] iPhone12, [0000017034C94E00][000001702DE1C400 49] iPhone12Pro, [0000017034CD2700][000001702DC40580 49] iPhone12ProMax, [0000017034C95900][000001702DC44700 49] iPadPro105, [0000017034CD1200][000001702DC48880 49] iPadPro129, [0000017034C97B00][000001702DC4CA00 49] iPadPro97, [0000017034CD2000][000001702DC50B80 49] iPadPro2_129, [0000017034C95D00][000001702DC54D00 49] iPad5, [0000017034CD1500][000001702DC58E80 49] iPad6, [0000017034C97200][000001702DC5D000 49] iPad7, [0000017034CD0100][000001702DC61180 49] iPad8, [0000017034C96600][000001702DC65300 49] iPadPro11, [0000017034CD1B00][000001702DC69480 49] iPadPro2_11, [0000017034C94800][000001702DC6D600 49] iPadPro3_129, [0000017034CD3200][000001702DC71780 49] iPadPro4_129, [0000017034C97D00][000001702DC75900 49] AppleTV, [0000017034CD3D00][000001702DC79A80 49] AppleTV4K, [0000017034C96400][000001702DE15BC0 49] TVOS, [0000017034CD0400][000001702DC7C180 49] Mac, [0000017034C94A00][000001702DC802C0 49] MacClient, [0000017034CD0600][000001702DC88440 49] MacNoEditor, [0000017034C96700][000001702DC8C5C0 49] MacServer, [0000017034CD1F00][000001702DC90740 49] Linux, [0000017034C97700][000001702DC948C0 49] LinuxAArch64, [0000017034CD2300][000001702DC98A40 49] LinuxNoEditor, [0000017034C95600][000001702DC9CBC0 49] LinuxAArch64NoEditor, [0000017034CD1800][000001702DCA0D40 49] LinuxClient, [0000017034C97500][000001702DCA4EC0 49] LinuxAArch64Client, [0000017034CD3300][000001702DCA9040 49] LinuxServer, [0000017034C97E00][000001702DCAD1C0 49] LinuxAArch64Server, [0000017034CD0F00][000001702DCB1340 49] Android, [0000017034C94700][000001702DCB54C0 49] Android_Low, [0000017034CD0200][000001702DCB9640 49] Android_Mid, [0000017034C96100][000001702DCBD7C0 49] Android_High, [0000017034CD3700][000001702DCC1940 49] Android_Default, [0000017034C95A00][000001702DCC5AC0 49] Android_Adreno4xx, [0000017034CD2100][000001702DCC80C0 49] Android_Adreno5xx_Low, [0000017034C94600][000001702DC84200 49] Android_Adreno5xx, [0000017034CD1D00][000001702DCCC340 49] Android_Adreno6xx, [0000017034C96B00][000001702DCD0480 49] Android_Adreno6xx_Vulkan, [0000017034CD0700][000001702DCD45C0 49] Android_Mali_T6xx, [0000017034C96200][000001702DCDC740 49] Android_Mali_T7xx, [0000017034CD3400][000001702DCE08C0 49] Android_Mali_T8xx, [0000017034C95700][000001702DCE4A40 49] Android_Mali_G71, [0000017034CD2800][000001702DCE8BC0 49] Android_Mali_G72, [0000017034CB8600][000001702DCECD40 49] Android_Mali_G72_Vulkan, [000001703606CD00][000001702DCF0EC0 49] Android_Mali_G76, [0000017034CB9300][000001702DCF5040 49] Android_Mali_G76_Vulkan, [000001703606FD00][000001702DCF91C0 49] Android_Mali_G77, [0000017034CB8C00][000001702DCFD340 49] Android_Mali_G77_Vulkan, [000001703606CE00][000001702DD014C0 49] Android_Mali_G78, [0000017034CB8400][000001702DD05640 49] Android_Mali_G78_Vulkan, [000001703606EA00][000001702DD097C0 49] Android_Mali_G710, [0000017034CB8F00][000001702DD0D940 49] Android_Mali_G710_Vulkan, [000001703606E100][000001702DD11AC0 49] Android_Vulkan_SM5, [0000017034CBAB00][000001702DD140C0 49] Android_PowerVR_G6xxx, [000001703606D700][000001702DD18240 49] Android_PowerVR_GT7xxx, [0000017034CB8800][000001702DCD8380 49] Android_PowerVR_GE8xxx, [000001703606F700][000001702DD1C4C0 49] Android_PowerVR_GM9xxx, [0000017034CB9500][000001702DD20600 49] Android_PowerVR_GM9xxx_Vulkan, [000001703606F400][000001702DD24740 49] Android_TegraK1, [0000017034CBA700][000001702DD2C8C0 49] Android_Unknown_Vulkan, [000001703606C400][000001702DD30A40 49] Lumin, [0000017034CB9700][000001702DD34BC0 49] Lumin_Desktop, [000001703606F900][000001702DD38D40 49] HoloLens, 
[2022.04.29-14.49.47:866][  0]LogMeshReduction: Using QuadricMeshReduction for automatic static mesh reduction
[2022.04.29-14.49.47:866][  0]LogMeshReduction: Using SimplygonMeshReduction for automatic skeletal mesh reduction
[2022.04.29-14.49.47:866][  0]LogMeshReduction: Using ProxyLODMeshReduction for automatic mesh merging
[2022.04.29-14.49.47:866][  0]LogMeshReduction: No distributed automatic mesh merging module available
[2022.04.29-14.49.47:866][  0]LogMeshMerging: No distributed automatic mesh merging module available
[2022.04.29-14.49.47:883][  0]LogNetVersion: MyProject6 1.0.0, NetCL: 17155196, EngineNetVer: 17, GameNetVer: 0 (Checksum: 850526378)
[2022.04.29-14.49.48:104][  0]LogTexture: Default maximum texture size for cubemaps generated from long-lat sources has been changed from 512 to unlimited. In order to preserve old behaiour for '/Engine/MapTemplates/Sky/DaylightAmbientCubemap.DaylightAmbientCubemap', its maximum texture size has been explicitly set to 512.
[2022.04.29-14.49.48:160][  0]LogHMD: PokeAHoleMaterial loaded successfully
[2022.04.29-14.49.48:265][  0]LogMoviePlayer: Initializing movie player
[2022.04.29-14.49.48:309][  0]LogWindowsMoviePlayer: Unable to load movie: C:/Users/jimmy/Documents/Aguilucho/Content/Movies/UE4_Logo.mp4
[2022.04.29-14.49.48:364][  0]LogPython: Using Python 3.7.7
[2022.04.29-14.49.48:833][  0]LogNiagaraDebuggerClient: Niagara Debugger Client Initialized | Session: E55A746146386B2187D0D0A44447B772 | Instance: 6614910E4317FD039B37C4A70CC85AC3 (DESKTOP-67VGS3C-4080).
[2022.04.29-14.49.48:849][  0]LogCollectionManager: Loaded 0 collections in 0.000655 seconds
[2022.04.29-14.49.48:851][  0]LogFileCache: Scanning file cache for directory 'C:/Users/jimmy/Documents/Aguilucho/Saved/Collections/' took 0.00s
[2022.04.29-14.49.48:851][  0]LogFileCache: Scanning file cache for directory 'C:/Users/jimmy/Documents/Aguilucho/Content/Developers/jimmy/Collections/' took 0.00s
[2022.04.29-14.49.48:851][  0]LogFileCache: Scanning file cache for directory 'C:/Users/jimmy/Documents/Aguilucho/Content/Collections/' took 0.00s
[2022.04.29-14.49.48:851][  0]LogCollectionManager: Fixed up redirectors for 0 collections in 0.000002 seconds (updated 0 objects)
[2022.04.29-14.49.48:905][  0]LogUObjectGlobals: Warning: [AssetLog] D:\UE_4.27\Engine\Content\BasicShapes\Cylinder.uasset: Failed to load '/Game/Core_Shaders/Shaders/Suelo_Madera': Can't find file.
[2022.04.29-14.49.48:906][  0]LogUObjectGlobals: Warning: [AssetLog] D:\UE_4.27\Engine\Content\BasicShapes\Cylinder.uasset: Failed to load '/Game/Core_Shaders/Shaders/Suelo_Madera': Can't find file.
[2022.04.29-14.49.48:963][  0]LogTcpMessaging: Initializing TcpMessaging bridge
[2022.04.29-14.49.48:966][  0]LogUdpMessaging: Initializing bridge on interface 0.0.0.0:0 to multicast group 230.0.0.1:6666.
[2022.04.29-14.49.49:061][  0]SourceControl: Source control is disabled
[2022.04.29-14.49.49:061][  0]SourceControl: Source control is disabled
[2022.04.29-14.49.49:064][  0]SourceControl: Source control is disabled
[2022.04.29-14.49.49:068][  0]LogUProjectInfo: Found projects:
[2022.04.29-14.49.49:075][  0]LogVSAccessor: Display: Unable to create Visual Studio setup instance: 80040154
[2022.04.29-14.49.49:076][  0]LogVSAccessor: Display: Unable to create Visual Studio setup instance: 80040154
[2022.04.29-14.49.49:076][  0]LogVSAccessor: Display: Unable to create Visual Studio setup instance: 80040154
[2022.04.29-14.49.49:138][  0]LogOpenImageDenoise: OIDN starting up
[2022.04.29-14.49.49:169][  0]LogAndroidPermission: UAndroidPermissionCallbackProxy::GetInstance
[2022.04.29-14.49.49:188][  0]LogAudioCaptureCore: Display: No Audio Capture implementations found. Audio input will be silent.
[2022.04.29-14.49.49:188][  0]LogAudioCaptureCore: Display: No Audio Capture implementations found. Audio input will be silent.
[2022.04.29-14.49.49:250][  0]LogOcInput: OculusInput pre-init called
[2022.04.29-14.49.49:260][  0]LogUObjectArray: 22150 objects as part of root set at end of initial load.
[2022.04.29-14.49.49:260][  0]LogUObjectAllocator: 5985760 out of 0 bytes used by permanent object pool.
[2022.04.29-14.49.49:260][  0]LogUObjectArray: CloseDisregardForGC: 0/0 objects in disregard for GC pool
[2022.04.29-14.49.49:302][  0]LogClass: Display: ByteProperty FALoadingScreenSettings::PlaybackType is not initialized properly. Module:AsyncLoadingScreen File:Public/LoadingScreenSettings.h
[2022.04.29-14.49.49:302][  0]LogClass: Display: StructProperty FTextAppearance::ShadowOffset is not initialized properly. Module:AsyncLoadingScreen File:Public/LoadingScreenSettings.h
[2022.04.29-14.49.49:302][  0]LogClass: Display: StructProperty FTextAppearance::ShadowColorAndOpacity is not initialized properly. Module:AsyncLoadingScreen File:Public/LoadingScreenSettings.h
[2022.04.29-14.49.49:302][  0]LogClass: Display: ByteProperty FTextAppearance::Justification is not initialized properly. Module:AsyncLoadingScreen File:Public/LoadingScreenSettings.h
[2022.04.29-14.49.49:302][  0]LogClass: Display: FloatProperty FTipSettings::TipWrapAt is not initialized properly. Module:AsyncLoadingScreen File:Public/LoadingScreenSettings.h
[2022.04.29-14.49.49:303][  0]LogClass: Display: 5 Uninitialized script struct members found including 0 object properties
[2022.04.29-14.49.49:304][  0]LogEngine: Initializing Engine...
[2022.04.29-14.49.49:306][  0]LogHMD: Failed to enumerate extensions. Please check that you have a valid OpenXR runtime installed.
[2022.04.29-14.49.49:306][  0]LogHMD: Failed to initialize OpenVR with code 110
[2022.04.29-14.49.49:306][  0]LogMagicLeap: Warning: VR disabled because ZI is not enabled.  To enable, in the editor, Edit -> Project Settings -> Plugins -> Magic Leap Plugin -> Enable Zero Iteration
[2022.04.29-14.49.49:308][  0]LogStats: UGameplayTagsManager::InitializeManager -  0.000 s
[2022.04.29-14.49.49:407][  0]LogInit: Initializing FReadOnlyCVARCache
[2022.04.29-14.49.49:407][  0]LogAudio: Display: Initializing Audio Device Manager...
[2022.04.29-14.49.49:410][  0]LogAudio: Display: Loading Default Audio Settings Objects...
[2022.04.29-14.49.49:411][  0]LogAudio: Display: No default SoundConcurrencyObject specified (or failed to load).
[2022.04.29-14.49.49:411][  0]LogAudio: Display: Audio Device Manager Initialized
[2022.04.29-14.49.49:411][  0]LogAudio: Display: Creating Audio Device:                 Id: 1, Scope: Shared, Realtime: True
[2022.04.29-14.49.49:411][  0]LogAudioMixer: Display: Audio Mixer Platform Settings:
[2022.04.29-14.49.49:411][  0]LogAudioMixer: Display: 	Sample Rate:						  48000
[2022.04.29-14.49.49:411][  0]LogAudioMixer: Display: 	Callback Buffer Frame Size Requested: 1024
[2022.04.29-14.49.49:411][  0]LogAudioMixer: Display: 	Callback Buffer Frame Size To Use:	  1024
[2022.04.29-14.49.49:411][  0]LogAudioMixer: Display: 	Number of buffers to queue:			  2
[2022.04.29-14.49.49:411][  0]LogAudioMixer: Display: 	Max Channels (voices):				  32
[2022.04.29-14.49.49:411][  0]LogAudioMixer: Display: 	Number of Async Source Workers:		  0
[2022.04.29-14.49.49:411][  0]LogAudio: Display: AudioDevice MaxSources: 32
[2022.04.29-14.49.49:412][  0]LogAudio: Display: Audio Spatialization Plugin: None (built-in).
[2022.04.29-14.49.49:412][  0]LogAudio: Display: Audio Reverb Plugin: None (built-in).
[2022.04.29-14.49.49:412][  0]LogAudio: Display: Audio Occlusion Plugin: None (built-in).
[2022.04.29-14.49.49:412][  0]LogAudioMixer: Display: Initializing audio mixer.
[2022.04.29-14.49.49:422][  0]LogAudioMixer: Display: 0: FrontLeft
[2022.04.29-14.49.49:422][  0]LogAudioMixer: Display: 1: FrontRight
[2022.04.29-14.49.49:440][  0]LogAudioMixer: Display: Using Audio Device Altavoces (3- USB Audio Device)
[2022.04.29-14.49.49:447][  0]LogAudioMixer: Display: Initializing Sound Submixes...
[2022.04.29-14.49.49:449][  0]LogAudioMixer: Display: Creating Master Submix 'MasterSubmixDefault'
[2022.04.29-14.49.49:449][  0]LogAudioMixer: Display: Creating Master Submix 'MasterReverbSubmixDefault'
[2022.04.29-14.49.49:449][  0]LogAudioMixer: Display: Creating Master Submix 'MasterEQSubmixDefault'
[2022.04.29-14.49.49:449][  0]LogAudioMixer: FMixerPlatformXAudio2::StartAudioStream() called
[2022.04.29-14.49.49:449][  0]LogAudioMixer: Display: Output buffers initialized: Frames=1024, Channels=2, Samples=2048
[2022.04.29-14.49.49:450][  0]LogAudioMixer: Display: Starting AudioMixerPlatformInterface::RunInternal()
[2022.04.29-14.49.49:450][  0]LogAudioMixer: Display: FMixerPlatformXAudio2::SubmitBuffer() called for the first time
[2022.04.29-14.49.49:450][  0]LogInit: FAudioDevice initialized.
[2022.04.29-14.49.49:459][  0]LogNetVersion: Set ProjectVersion to 1.0.0.0. Version Checksum will be recalculated on next use.
[2022.04.29-14.49.49:461][  0]LogInit: Texture streaming: Enabled
[2022.04.29-14.49.49:691][  0]LogAudio: Display: Audio Device (ID: 1) registered with world 'Untitled'.
[2022.04.29-14.49.49:691][  0]LogSlate: Updating window title bar state: overlay mode, drag disabled, window buttons hidden, title bar hidden
[2022.04.29-14.49.49:692][  0]LogInit: Display: Game Engine Initialized.
[2022.04.29-14.49.49:707][  0]LogNiagaraEditor: GEditor isn't valid! Particle reset commands will not work for Niagara components!
[2022.04.29-14.49.49:819][  0]LogInit: Display: Starting Game.
[2022.04.29-14.49.49:832][  0]LogNet: Browse: /Game/voladorio?Name=Player
[2022.04.29-14.49.49:834][  0]LogLoad: LoadMap: /Game/voladorio?Name=Player
[2022.04.29-14.49.49:834][  0]LogWorld: BeginTearingDown for /Temp/Untitled_0
[2022.04.29-14.49.49:842][  0]LogWorld: UWorld::CleanupWorld for Untitled, bSessionEnded=true, bCleanupResources=true
[2022.04.29-14.49.49:846][  0]LogAudio: Display: Audio Device unregistered from world 'None'.
[2022.04.29-14.49.49:848][  0]LogUObjectHash: Compacting FUObjectHashTables data took   0.70ms
