Log file open, 04/29/22 19:02:50
LogWindows: Failed to load 'aqProf.dll' (GetLastError=126)
LogWindows: File 'aqProf.dll' does not exist
LogWindows: Failed to load 'VtuneApi.dll' (GetLastError=126)
LogWindows: File 'VtuneApi.dll' does not exist
LogWindows: Failed to load 'VtuneApi32e.dll' (GetLastError=126)
LogWindows: File 'VtuneApi32e.dll' does not exist
LogConsoleResponse: Display: Failed to find resolution value strings in scalability ini. Falling back to default.
LogConsoleResponse: Display: Failed to find resolution value strings in scalability ini. Falling back to default.
LogInit: Display: Running engine for game: MyProject6
LogPlatformFile: Not using cached read wrapper
LogTaskGraph: Started task graph with 5 named threads and 23 total threads with 3 sets of task threads.
LogStats: Stats thread started at 0.238371
LogICUInternationalization: ICU TimeZone Detection - Raw Offset: +1:00, Platform Override: ''
LogInit: Display: Loading text-based GConfig....
LogPluginManager: Mounting plugin MeshPainting
LogPluginManager: Mounting plugin XGEController
LogPluginManager: Mounting plugin Paper2D
LogPluginManager: Mounting plugin AISupport
LogPluginManager: Mounting plugin LightPropagationVolume
LogPluginManager: Mounting plugin EnvironmentQueryEditor
LogPluginManager: Mounting plugin LiveLink
LogPluginManager: Mounting plugin CameraShakePreviewer
LogPluginManager: Mounting plugin GameplayCameras
LogPluginManager: Mounting plugin AssetManagerEditor
LogPluginManager: Mounting plugin OodleNetwork
LogPluginManager: Mounting plugin OodleData
LogPluginManager: Mounting plugin CryptoKeys
LogPluginManager: Mounting plugin CurveEditorTools
LogPluginManager: Mounting plugin FacialAnimation
LogPluginManager: Mounting plugin DataValidation
LogPluginManager: Mounting plugin GameplayTagsEditor
LogPluginManager: Mounting plugin GeometryMode
LogPluginManager: Mounting plugin MacGraphicsSwitching
LogPluginManager: Mounting plugin MaterialAnalyzer
LogPluginManager: Mounting plugin MobileLauncherProfileWizard
LogPluginManager: Mounting plugin PluginBrowser
LogPluginManager: Mounting plugin AnimationSharing
LogPluginManager: Mounting plugin SpeedTreeImporter
LogPluginManager: Mounting plugin CLionSourceCodeAccess
LogPluginManager: Mounting plugin CodeLiteSourceCodeAccess
LogPluginManager: Mounting plugin GitSourceControl
LogPluginManager: Mounting plugin NullSourceCodeAccess
LogPluginManager: Mounting plugin PerforceSourceControl
LogPluginManager: Mounting plugin KDevelopSourceCodeAccess
LogPluginManager: Mounting plugin PixWinPlugin
LogPluginManager: Mounting plugin PlasticSourceControl
LogPluginManager: Mounting plugin PluginUtils
LogPluginManager: Mounting plugin PropertyAccessNode
LogPluginManager: Mounting plugin RiderSourceCodeAccess
LogPluginManager: Mounting plugin SubversionSourceControl
LogPluginManager: Mounting plugin TextureFormatOodle
LogPluginManager: Mounting plugin UObjectPlugin
LogPluginManager: Mounting plugin VisualStudioCodeSourceCodeAccess
LogPluginManager: Mounting plugin VisualStudioSourceCodeAccess
LogPluginManager: Mounting plugin XCodeSourceCodeAccess
LogPluginManager: Mounting plugin DatasmithContent
LogPluginManager: Mounting plugin VariantManagerContent
LogPluginManager: Mounting plugin AlembicImporter
LogPluginManager: Mounting plugin AutomationUtils
LogPluginManager: Mounting plugin BackChannel
LogPluginManager: Mounting plugin ChaosCloth
LogPluginManager: Mounting plugin ChaosClothEditor
LogPluginManager: Mounting plugin ChaosEditor
LogPluginManager: Mounting plugin ChaosNiagara
LogPluginManager: Mounting plugin ChaosSolverPlugin
LogPluginManager: Mounting plugin CharacterAI
LogPluginManager: Mounting plugin GeometryCache
LogPluginManager: Mounting plugin GeometryCollectionPlugin
LogPluginManager: Mounting plugin GeometryProcessing
LogPluginManager: Mounting plugin Niagara
LogPluginManager: Mounting plugin MotoSynth
LogPluginManager: Mounting plugin OpenImageDenoise
LogPluginManager: Mounting plugin PlanarCut
LogPluginManager: Mounting plugin PlatformCrypto
LogPluginManager: Mounting plugin PythonScriptPlugin
LogPluginManager: Mounting plugin ProxyLODPlugin
LogPluginManager: Mounting plugin SkeletalReduction
LogPluginManager: Mounting plugin LuminPlatformFeatures
LogPluginManager: Mounting plugin MagicLeap
LogPluginManager: Mounting plugin MagicLeapLightEstimation
LogPluginManager: Mounting plugin MagicLeapMedia
LogPluginManager: Mounting plugin MagicLeapPassableWorld
LogPluginManager: Mounting plugin MLSDK
LogPluginManager: Mounting plugin AsyncLoadingScreen
LogPluginManager: Mounting plugin AndroidMedia
LogPluginManager: Mounting plugin AvfMedia
LogPluginManager: Mounting plugin ImgMedia
LogPluginManager: Mounting plugin MediaCompositing
LogPluginManager: Mounting plugin MediaPlayerEditor
LogPluginManager: Mounting plugin WebMMedia
LogPluginManager: Mounting plugin WmfMedia
LogPluginManager: Mounting plugin TcpMessaging
LogPluginManager: Mounting plugin UdpMessaging
LogPluginManager: Mounting plugin ActorSequence
LogPluginManager: Mounting plugin MatineeToLevelSequence
LogPluginManager: Mounting plugin LevelSequenceEditor
LogPluginManager: Mounting plugin TemplateSequence
LogPluginManager: Mounting plugin OnlineSubsystem
LogPluginManager: Mounting plugin OnlineSubsystemNull
LogPluginManager: Mounting plugin OnlineSubsystemUtils
LogPluginManager: Mounting plugin LauncherChunkInstaller
LogPluginManager: Mounting plugin ActorLayerUtilities
LogPluginManager: Mounting plugin AndroidDeviceProfileSelector
LogPluginManager: Mounting plugin AndroidMoviePlayer
LogPluginManager: Mounting plugin AndroidPermission
LogPluginManager: Mounting plugin AppleImageUtils
LogPluginManager: Mounting plugin AppleMoviePlayer
LogPluginManager: Mounting plugin ArchVisCharacter
LogPluginManager: Mounting plugin AssetTags
LogPluginManager: Mounting plugin AudioCapture
LogPluginManager: Mounting plugin AudioSynesthesia
LogPluginManager: Mounting plugin CableComponent
LogPluginManager: Mounting plugin ChunkDownloader
LogPluginManager: Mounting plugin CustomMeshComponent
LogPluginManager: Mounting plugin EditableMesh
LogPluginManager: Mounting plugin ExampleDeviceProfileSelector
LogPluginManager: Mounting plugin GoogleCloudMessaging
LogPluginManager: Mounting plugin GooglePAD
LogPluginManager: Mounting plugin IOSDeviceProfileSelector
LogPluginManager: Mounting plugin LinuxDeviceProfileSelector
LogPluginManager: Mounting plugin LocationServicesBPLibrary
LogPluginManager: Mounting plugin MobilePatchingUtils
LogPluginManager: Mounting plugin OpenXREyeTracker
LogPluginManager: Mounting plugin OpenXR
LogPluginManager: Mounting plugin OpenXRHandTracking
LogPluginManager: Mounting plugin PhysXVehicles
LogPluginManager: Mounting plugin PostSplashScreen
LogPluginManager: Mounting plugin ProceduralMeshComponent
LogPluginManager: Mounting plugin PropertyAccessEditor
LogPluginManager: Mounting plugin SignificanceManager
LogPluginManager: Mounting plugin RuntimePhysXCooking
LogPluginManager: Mounting plugin SoundFields
LogPluginManager: Mounting plugin Synthesis
LogPluginManager: Mounting plugin WebMMoviePlayer
LogPluginManager: Mounting plugin WindowsMoviePlayer
LogPluginManager: Mounting plugin ScreenshotTools
LogPluginManager: Mounting plugin Takes
LogPluginManager: Mounting plugin ContentBrowserAssetDataSource
LogPluginManager: Mounting plugin ContentBrowserClassDataSource
LogPluginManager: Mounting plugin ContentBrowserFileDataSource
LogPluginManager: Mounting plugin OnlineSubsystemGooglePlay
LogPluginManager: Mounting plugin OnlineSubsystemIOS
LogPluginManager: Mounting plugin OculusVR
LogPluginManager: Mounting plugin SteamVR
PixWinPlugin: PIX capture plugin failed to initialize! Check that the process is launched from PIX.
LogInit: Using libcurl 7.55.1-DEV
LogInit:  - built for x86_64-pc-win32
LogInit:  - supports SSL with OpenSSL/1.1.1
LogInit:  - supports HTTP deflate (compression) using libz 1.2.8
LogInit:  - other features:
LogInit:      CURL_VERSION_SSL
LogInit:      CURL_VERSION_LIBZ
LogInit:      CURL_VERSION_IPV6
LogInit:      CURL_VERSION_ASYNCHDNS
LogInit:      CURL_VERSION_LARGEFILE
LogInit:      CURL_VERSION_IDN
LogInit:  CurlRequestOptions (configurable via config and command line):
LogInit:  - bVerifyPeer = true  - Libcurl will verify peer certificate
LogInit:  - bUseHttpProxy = false  - Libcurl will NOT use HTTP proxy
LogInit:  - bDontReuseConnections = false  - Libcurl will reuse connections
LogInit:  - MaxHostConnections = 16  - Libcurl will limit the number of connections to a host
LogInit:  - LocalHostAddr = Default
LogInit:  - BufferSize = 65536
LogOnline: OSS: Creating online subsystem instance for: NULL
LogInit: WinSock: version 1.1 (2.2), MaxSocks=32767, MaxUdp=65467
LogOnline: OSS: TryLoadSubsystemAndSetDefault: Loaded subsystem for module [NULL]
LogOculusPluginWrapper: OculusPlugin initialized successfully
LogHMD: Failed initializing OVRPlugin 1.59.0
LogInit: Build: ++UE4+Release-4.27-CL-18319896
LogInit: Engine Version: 4.27.2-18319896+++UE4+Release-4.27
LogInit: Compatible Engine Version: 4.27.0-17155196+++UE4+Release-4.27
LogInit: Net CL: 17155196
LogInit: OS: Windows 10 (Release 2009) (), CPU: Intel(R) Core(TM) i7-6700K CPU @ 4.00GHz, GPU: NVIDIA GeForce GTX 1080
LogInit: Compiled (64-bit): Nov 30 2021 07:12:08
LogInit: Compiled with Visual C++: 19.24.28315.00
LogInit: Build Configuration: Development
LogInit: Branch Name: ++UE4+Release-4.27
LogInit: Command Line:  /Game/voladorio -game -PIEVIACONSOLE -Multiprocess GameUserSettingsINI=C:/Users/Llorenç/Desktop/wetransfer_pakaro_2022-04-26_1655/MyProject6/Saved/Config/Windows/PIEGameUserSettings0.ini -MultiprocessSaveConfig -forcepassthrough -messaging -SessionName="Play in Standalone Game" -windowed -WinX=0 -WinY=24 SAVEWINPOS=1 -ResX=1910 -ResY=1006
LogInit: Base Directory: D:/PROGRAMES/Unreal/UE_4.27/Engine/Binaries/Win64/
LogInit: Allocator: TBB
LogInit: Installed Engine Build: 1
LogDevObjectVersion: Number of dev versions registered: 29
LogDevObjectVersion:   Dev-Blueprints (B0D832E4-1F89-4F0D-ACCF-7EB736FD4AA2): 10
LogDevObjectVersion:   Dev-Build (E1C64328-A22C-4D53-A36C-8E866417BD8C): 0
LogDevObjectVersion:   Dev-Core (375EC13C-06E4-48FB-B500-84F0262A717E): 4
LogDevObjectVersion:   Dev-Editor (E4B068ED-F494-42E9-A231-DA0B2E46BB41): 40
LogDevObjectVersion:   Dev-Framework (CFFC743F-43B0-4480-9391-14DF171D2073): 37
LogDevObjectVersion:   Dev-Mobile (B02B49B5-BB20-44E9-A304-32B752E40360): 3
LogDevObjectVersion:   Dev-Networking (A4E4105C-59A1-49B5-A7C5-40C4547EDFEE): 0
LogDevObjectVersion:   Dev-Online (39C831C9-5AE6-47DC-9A44-9C173E1C8E7C): 0
LogDevObjectVersion:   Dev-Physics (78F01B33-EBEA-4F98-B9B4-84EACCB95AA2): 14
LogDevObjectVersion:   Dev-Platform (6631380F-2D4D-43E0-8009-CF276956A95A): 0
LogDevObjectVersion:   Dev-Rendering (12F88B9F-8875-4AFC-A67C-D90C383ABD29): 45
LogDevObjectVersion:   Dev-Sequencer (7B5AE74C-D270-4C10-A958-57980B212A5A): 13
LogDevObjectVersion:   Dev-VR (D7296918-1DD6-4BDD-9DE2-64A83CC13884): 3
LogDevObjectVersion:   Dev-LoadTimes (C2A15278-BFE7-4AFE-6C17-90FF531DF755): 1
LogDevObjectVersion:   Private-Geometry (6EACA3D4-40EC-4CC1-B786-8BED09428FC5): 3
LogDevObjectVersion:   Dev-AnimPhys (29E575DD-E0A3-4627-9D10-D276232CDCEA): 17
LogDevObjectVersion:   Dev-Anim (AF43A65D-7FD3-4947-9873-3E8ED9C1BB05): 15
LogDevObjectVersion:   Dev-ReflectionCapture (6B266CEC-1EC7-4B8F-A30B-E4D90942FC07): 1
LogDevObjectVersion:   Dev-Automation (0DF73D61-A23F-47EA-B727-89E90C41499A): 1
LogDevObjectVersion:   FortniteMain (601D1886-AC64-4F84-AA16-D3DE0DEAC7D6): 47
LogDevObjectVersion:   FortniteRelease (E7086368-6B23-4C58-8439-1B7016265E91): 1
LogDevObjectVersion:   Dev-Enterprise (9DFFBCD6-494F-0158-E221-12823C92A888): 10
LogDevObjectVersion:   Dev-Niagara (F2AED0AC-9AFE-416F-8664-AA7FFA26D6FC): 1
LogDevObjectVersion:   Dev-Destruction (174F1F0B-B4C6-45A5-B13F-2EE8D0FB917D): 10
LogDevObjectVersion:   Dev-Physics-Ext (35F94A83-E258-406C-A318-09F59610247C): 41
LogDevObjectVersion:   Dev-PhysicsMaterial-Chaos (B68FC16E-8B1B-42E2-B453-215C058844FE): 1
LogDevObjectVersion:   Dev-CineCamera (B2E18506-4273-CFC2-A54E-F4BB758BBA07): 1
LogDevObjectVersion:   Dev-VirtualProduction (64F58936-FD1B-42BA-BA96-7289D5D0FA4E): 1
LogDevObjectVersion:   Dev-MediaFramework (6F0ED827-A609-4895-9C91-998D90180EA4): 2
LogInit: Presizing for max 25165824 objects, including 0 objects not considered by GC, pre-allocating 0 bytes for permanent pool.
LogConfig: Applying CVar settings from Section [/Script/Engine.StreamingSettings] File [C:/Users/Llorenç/Desktop/wetransfer_pakaro_2022-04-26_1655/MyProject6/Saved/Config/Windows/Engine.ini]
LogConfig: Setting CVar [[s.MinBulkDataSizeForAsyncLoading:131072]]
LogConfig: Setting CVar [[s.AsyncLoadingThreadEnabled:0]]
LogConfig: Setting CVar [[s.EventDrivenLoaderEnabled:1]]
LogConfig: Setting CVar [[s.WarnIfTimeLimitExceeded:0]]
LogConfig: Setting CVar [[s.TimeLimitExceededMultiplier:1.5]]
LogConfig: Setting CVar [[s.TimeLimitExceededMinTime:0.005]]
LogConfig: Setting CVar [[s.UseBackgroundLevelStreaming:1]]
LogConfig: Setting CVar [[s.PriorityAsyncLoadingExtraTime:15.0]]
LogConfig: Setting CVar [[s.LevelStreamingActorsUpdateTimeLimit:5.0]]
LogConfig: Setting CVar [[s.PriorityLevelStreamingActorsUpdateExtraTime:5.0]]
LogConfig: Setting CVar [[s.LevelStreamingComponentsRegistrationGranularity:10]]
LogConfig: Setting CVar [[s.UnregisterComponentsTimeLimit:1.0]]
LogConfig: Setting CVar [[s.LevelStreamingComponentsUnregistrationGranularity:5]]
LogConfig: Setting CVar [[s.FlushStreamingOnExit:1]]
LogInit: Object subsystem initialized
LogConfig: Setting CVar [[con.DebugEarlyDefault:1]]
LogConfig: Setting CVar [[r.setres:1280x720]]
[2022.04.29-17.02.51:352][  0]LogConfig: Setting CVar [[con.DebugEarlyDefault:1]]
[2022.04.29-17.02.51:352][  0]LogConfig: Setting CVar [[r.setres:1280x720]]
[2022.04.29-17.02.51:352][  0]LogConfig: Applying CVar settings from Section [/Script/Engine.RendererSettings] File [C:/Users/Llorenç/Desktop/wetransfer_pakaro_2022-04-26_1655/MyProject6/Saved/Config/Windows/Engine.ini]
[2022.04.29-17.02.51:352][  0]LogConfig: Setting CVar [[r.GPUCrashDebugging:0]]
[2022.04.29-17.02.51:352][  0]LogConfig: Applying CVar settings from Section [/Script/Engine.RendererOverrideSettings] File [C:/Users/Llorenç/Desktop/wetransfer_pakaro_2022-04-26_1655/MyProject6/Saved/Config/Windows/Engine.ini]
[2022.04.29-17.02.51:352][  0]LogConfig: Applying CVar settings from Section [/Script/Engine.StreamingSettings] File [C:/Users/Llorenç/Desktop/wetransfer_pakaro_2022-04-26_1655/MyProject6/Saved/Config/Windows/Engine.ini]
[2022.04.29-17.02.51:352][  0]LogConfig: Setting CVar [[s.MinBulkDataSizeForAsyncLoading:131072]]
[2022.04.29-17.02.51:352][  0]LogConfig: Setting CVar [[s.AsyncLoadingThreadEnabled:0]]
[2022.04.29-17.02.51:352][  0]LogConfig: Setting CVar [[s.EventDrivenLoaderEnabled:1]]
[2022.04.29-17.02.51:352][  0]LogConfig: Setting CVar [[s.WarnIfTimeLimitExceeded:0]]
[2022.04.29-17.02.51:352][  0]LogConfig: Setting CVar [[s.TimeLimitExceededMultiplier:1.5]]
[2022.04.29-17.02.51:352][  0]LogConfig: Setting CVar [[s.TimeLimitExceededMinTime:0.005]]
[2022.04.29-17.02.51:352][  0]LogConfig: Setting CVar [[s.UseBackgroundLevelStreaming:1]]
[2022.04.29-17.02.51:352][  0]LogConfig: Setting CVar [[s.PriorityAsyncLoadingExtraTime:15.0]]
[2022.04.29-17.02.51:352][  0]LogConfig: Setting CVar [[s.LevelStreamingActorsUpdateTimeLimit:5.0]]
[2022.04.29-17.02.51:352][  0]LogConfig: Setting CVar [[s.PriorityLevelStreamingActorsUpdateExtraTime:5.0]]
[2022.04.29-17.02.51:352][  0]LogConfig: Setting CVar [[s.LevelStreamingComponentsRegistrationGranularity:10]]
[2022.04.29-17.02.51:352][  0]LogConfig: Setting CVar [[s.UnregisterComponentsTimeLimit:1.0]]
[2022.04.29-17.02.51:352][  0]LogConfig: Setting CVar [[s.LevelStreamingComponentsUnregistrationGranularity:5]]
[2022.04.29-17.02.51:352][  0]LogConfig: Setting CVar [[s.FlushStreamingOnExit:1]]
[2022.04.29-17.02.51:352][  0]LogConfig: Applying CVar settings from Section [/Script/Engine.GarbageCollectionSettings] File [C:/Users/Llorenç/Desktop/wetransfer_pakaro_2022-04-26_1655/MyProject6/Saved/Config/Windows/Engine.ini]
[2022.04.29-17.02.51:352][  0]LogConfig: Setting CVar [[gc.MaxObjectsNotConsideredByGC:1]]
[2022.04.29-17.02.51:352][  0]LogConfig: Setting CVar [[gc.SizeOfPermanentObjectPool:0]]
[2022.04.29-17.02.51:352][  0]LogConfig: Setting CVar [[gc.FlushStreamingOnGC:0]]
[2022.04.29-17.02.51:352][  0]LogConfig: Setting CVar [[gc.NumRetriesBeforeForcingGC:10]]
[2022.04.29-17.02.51:352][  0]LogConfig: Setting CVar [[gc.AllowParallelGC:1]]
[2022.04.29-17.02.51:352][  0]LogConfig: Setting CVar [[gc.TimeBetweenPurgingPendingKillObjects:61.1]]
[2022.04.29-17.02.51:352][  0]LogConfig: Setting CVar [[gc.MaxObjectsInEditor:25165824]]
[2022.04.29-17.02.51:352][  0]LogConfig: Setting CVar [[gc.IncrementalBeginDestroyEnabled:1]]
[2022.04.29-17.02.51:352][  0]LogConfig: Setting CVar [[gc.CreateGCClusters:1]]
[2022.04.29-17.02.51:352][  0]LogConfig: Setting CVar [[gc.MinGCClusterSize:5]]
[2022.04.29-17.02.51:352][  0]LogConfig: Setting CVar [[gc.ActorClusteringEnabled:0]]
[2022.04.29-17.02.51:352][  0]LogConfig: Setting CVar [[gc.BlueprintClusteringEnabled:0]]
[2022.04.29-17.02.51:352][  0]LogConfig: Setting CVar [[gc.UseDisregardForGCOnDedicatedServers:0]]
[2022.04.29-17.02.51:352][  0]LogConfig: Setting CVar [[gc.MultithreadedDestructionEnabled:1]]
[2022.04.29-17.02.51:352][  0]LogConfig: Applying CVar settings from Section [/Script/Engine.NetworkSettings] File [C:/Users/Llorenç/Desktop/wetransfer_pakaro_2022-04-26_1655/MyProject6/Saved/Config/Windows/Engine.ini]
[2022.04.29-17.02.51:352][  0]LogConfig: Applying CVar settings from Section [/Script/UnrealEd.CookerSettings] File [C:/Users/Llorenç/Desktop/wetransfer_pakaro_2022-04-26_1655/MyProject6/Saved/Config/Windows/Engine.ini]
[2022.04.29-17.02.51:364][  0]LogConfig: Applying CVar settings from Section [ViewDistanceQuality@3] File [C:/Users/Llorenç/Desktop/wetransfer_pakaro_2022-04-26_1655/MyProject6/Saved/Config/Windows/Scalability.ini]
[2022.04.29-17.02.51:364][  0]LogConfig: Setting CVar [[r.SkeletalMeshLODBias:0]]
[2022.04.29-17.02.51:364][  0]LogConfig: Setting CVar [[r.ViewDistanceScale:1.0]]
[2022.04.29-17.02.51:364][  0]LogConfig: Applying CVar settings from Section [AntiAliasingQuality@3] File [C:/Users/Llorenç/Desktop/wetransfer_pakaro_2022-04-26_1655/MyProject6/Saved/Config/Windows/Scalability.ini]
[2022.04.29-17.02.51:364][  0]LogConfig: Setting CVar [[r.PostProcessAAQuality:4]]
[2022.04.29-17.02.51:364][  0]LogConfig: Applying CVar settings from Section [ShadowQuality@3] File [C:/Users/Llorenç/Desktop/wetransfer_pakaro_2022-04-26_1655/MyProject6/Saved/Config/Windows/Scalability.ini]
[2022.04.29-17.02.51:364][  0]LogConfig: Setting CVar [[r.LightFunctionQuality:1]]
[2022.04.29-17.02.51:364][  0]LogConfig: Setting CVar [[r.ShadowQuality:5]]
[2022.04.29-17.02.51:364][  0]LogConfig: Setting CVar [[r.Shadow.CSM.MaxCascades:10]]
[2022.04.29-17.02.51:364][  0]LogConfig: Setting CVar [[r.Shadow.MaxResolution:2048]]
[2022.04.29-17.02.51:364][  0]LogConfig: Setting CVar [[r.Shadow.MaxCSMResolution:2048]]
[2022.04.29-17.02.51:364][  0]LogConfig: Setting CVar [[r.Shadow.RadiusThreshold:0.01]]
[2022.04.29-17.02.51:364][  0]LogConfig: Setting CVar [[r.Shadow.DistanceScale:1.0]]
[2022.04.29-17.02.51:364][  0]LogConfig: Setting CVar [[r.Shadow.CSM.TransitionScale:1.0]]
[2022.04.29-17.02.51:364][  0]LogConfig: Setting CVar [[r.Shadow.PreShadowResolutionFactor:1.0]]
[2022.04.29-17.02.51:364][  0]LogConfig: Setting CVar [[r.DistanceFieldShadowing:1]]
[2022.04.29-17.02.51:364][  0]LogConfig: Setting CVar [[r.DistanceFieldAO:1]]
[2022.04.29-17.02.51:364][  0]LogConfig: Setting CVar [[r.AOQuality:2]]
[2022.04.29-17.02.51:364][  0]LogConfig: Setting CVar [[r.VolumetricFog:1]]
[2022.04.29-17.02.51:364][  0]LogConfig: Setting CVar [[r.VolumetricFog.GridPixelSize:8]]
[2022.04.29-17.02.51:364][  0]LogConfig: Setting CVar [[r.VolumetricFog.GridSizeZ:128]]
[2022.04.29-17.02.51:364][  0]LogConfig: Setting CVar [[r.VolumetricFog.HistoryMissSupersampleCount:4]]
[2022.04.29-17.02.51:364][  0]LogConfig: Setting CVar [[r.LightMaxDrawDistanceScale:1]]
[2022.04.29-17.02.51:364][  0]LogConfig: Setting CVar [[r.CapsuleShadows:1]]
[2022.04.29-17.02.51:364][  0]LogConfig: Applying CVar settings from Section [PostProcessQuality@3] File [C:/Users/Llorenç/Desktop/wetransfer_pakaro_2022-04-26_1655/MyProject6/Saved/Config/Windows/Scalability.ini]
[2022.04.29-17.02.51:364][  0]LogConfig: Setting CVar [[r.MotionBlurQuality:4]]
[2022.04.29-17.02.51:364][  0]LogConfig: Setting CVar [[r.AmbientOcclusionMipLevelFactor:0.4]]
[2022.04.29-17.02.51:364][  0]LogConfig: Setting CVar [[r.AmbientOcclusionMaxQuality:100]]
[2022.04.29-17.02.51:364][  0]LogConfig: Setting CVar [[r.AmbientOcclusionLevels:-1]]
[2022.04.29-17.02.51:364][  0]LogConfig: Setting CVar [[r.AmbientOcclusionRadiusScale:1.0]]
[2022.04.29-17.02.51:364][  0]LogConfig: Setting CVar [[r.DepthOfFieldQuality:2]]
[2022.04.29-17.02.51:364][  0]LogConfig: Setting CVar [[r.RenderTargetPoolMin:400]]
[2022.04.29-17.02.51:364][  0]LogConfig: Setting CVar [[r.LensFlareQuality:2]]
[2022.04.29-17.02.51:364][  0]LogConfig: Setting CVar [[r.SceneColorFringeQuality:1]]
[2022.04.29-17.02.51:364][  0]LogConfig: Setting CVar [[r.EyeAdaptationQuality:2]]
[2022.04.29-17.02.51:364][  0]LogConfig: Setting CVar [[r.BloomQuality:5]]
[2022.04.29-17.02.51:364][  0]LogConfig: Setting CVar [[r.FastBlurThreshold:100]]
[2022.04.29-17.02.51:364][  0]LogConfig: Setting CVar [[r.Upscale.Quality:3]]
[2022.04.29-17.02.51:364][  0]LogConfig: Setting CVar [[r.Tonemapper.GrainQuantization:1]]
[2022.04.29-17.02.51:364][  0]LogConfig: Setting CVar [[r.LightShaftQuality:1]]
[2022.04.29-17.02.51:364][  0]LogConfig: Setting CVar [[r.Filter.SizeScale:1]]
[2022.04.29-17.02.51:364][  0]LogConfig: Setting CVar [[r.Tonemapper.Quality:5]]
[2022.04.29-17.02.51:364][  0]LogConfig: Setting CVar [[r.DOF.Gather.AccumulatorQuality:1        ; higher gathering accumulator quality]]
[2022.04.29-17.02.51:364][  0]LogConfig: Setting CVar [[r.DOF.Gather.PostfilterMethod:1          ; Median3x3 postfilering method]]
[2022.04.29-17.02.51:364][  0]LogConfig: Setting CVar [[r.DOF.Gather.EnableBokehSettings:0       ; no bokeh simulation when gathering]]
[2022.04.29-17.02.51:364][  0]LogConfig: Setting CVar [[r.DOF.Gather.RingCount:4                 ; medium number of samples when gathering]]
[2022.04.29-17.02.51:364][  0]LogConfig: Setting CVar [[r.DOF.Scatter.ForegroundCompositing:1    ; additive foreground scattering]]
[2022.04.29-17.02.51:364][  0]LogConfig: Setting CVar [[r.DOF.Scatter.BackgroundCompositing:2    ; additive background scattering]]
[2022.04.29-17.02.51:365][  0]LogConfig: Setting CVar [[r.DOF.Scatter.EnableBokehSettings:1      ; bokeh simulation when scattering]]
[2022.04.29-17.02.51:365][  0]LogConfig: Setting CVar [[r.DOF.Scatter.MaxSpriteRatio:0.1         ; only a maximum of 10% of scattered bokeh]]
[2022.04.29-17.02.51:365][  0]LogConfig: Setting CVar [[r.DOF.Recombine.Quality:1                ; cheap slight out of focus]]
[2022.04.29-17.02.51:365][  0]LogConfig: Setting CVar [[r.DOF.Recombine.EnableBokehSettings:0    ; no bokeh simulation on slight out of focus]]
[2022.04.29-17.02.51:365][  0]LogConfig: Setting CVar [[r.DOF.TemporalAAQuality:1                ; more stable temporal accumulation]]
[2022.04.29-17.02.51:365][  0]LogConfig: Setting CVar [[r.DOF.Kernel.MaxForegroundRadius:0.025]]
[2022.04.29-17.02.51:365][  0]LogConfig: Setting CVar [[r.DOF.Kernel.MaxBackgroundRadius:0.025]]
[2022.04.29-17.02.51:365][  0]LogConfig: Applying CVar settings from Section [TextureQuality@3] File [C:/Users/Llorenç/Desktop/wetransfer_pakaro_2022-04-26_1655/MyProject6/Saved/Config/Windows/Scalability.ini]
[2022.04.29-17.02.51:365][  0]LogConfig: Setting CVar [[r.Streaming.MipBias:0]]
[2022.04.29-17.02.51:365][  0]LogConfig: Setting CVar [[r.Streaming.AmortizeCPUToGPUCopy:0]]
[2022.04.29-17.02.51:365][  0]LogConfig: Setting CVar [[r.Streaming.MaxNumTexturesToStreamPerFrame:0]]
[2022.04.29-17.02.51:365][  0]LogConfig: Setting CVar [[r.Streaming.Boost:1]]
[2022.04.29-17.02.51:365][  0]LogConfig: Setting CVar [[r.MaxAnisotropy:8]]
[2022.04.29-17.02.51:365][  0]LogConfig: Setting CVar [[r.VT.MaxAnisotropy:8]]
[2022.04.29-17.02.51:365][  0]LogConfig: Setting CVar [[r.Streaming.LimitPoolSizeToVRAM:0]]
[2022.04.29-17.02.51:365][  0]LogConfig: Setting CVar [[r.Streaming.PoolSize:1000]]
[2022.04.29-17.02.51:365][  0]LogConfig: Setting CVar [[r.Streaming.MaxEffectiveScreenSize:0]]
[2022.04.29-17.02.51:365][  0]LogConfig: Applying CVar settings from Section [EffectsQuality@3] File [C:/Users/Llorenç/Desktop/wetransfer_pakaro_2022-04-26_1655/MyProject6/Saved/Config/Windows/Scalability.ini]
[2022.04.29-17.02.51:365][  0]LogConfig: Setting CVar [[r.TranslucencyLightingVolumeDim:64]]
[2022.04.29-17.02.51:365][  0]LogConfig: Setting CVar [[r.RefractionQuality:2]]
[2022.04.29-17.02.51:365][  0]LogConfig: Setting CVar [[r.SSR.Quality:3]]
[2022.04.29-17.02.51:365][  0]LogConfig: Setting CVar [[r.SSR.HalfResSceneColor:0]]
[2022.04.29-17.02.51:365][  0]LogConfig: Setting CVar [[r.SceneColorFormat:4]]
[2022.04.29-17.02.51:365][  0]LogConfig: Setting CVar [[r.DetailMode:2]]
[2022.04.29-17.02.51:365][  0]LogConfig: Setting CVar [[r.TranslucencyVolumeBlur:1]]
[2022.04.29-17.02.51:365][  0]LogConfig: Setting CVar [[r.MaterialQualityLevel:1 ; High quality]]
[2022.04.29-17.02.51:365][  0]LogConfig: Setting CVar [[r.AnisotropicMaterials:1]]
[2022.04.29-17.02.51:365][  0]LogConfig: Setting CVar [[r.SSS.Scale:1]]
[2022.04.29-17.02.51:365][  0]LogConfig: Setting CVar [[r.SSS.SampleSet:2]]
[2022.04.29-17.02.51:365][  0]LogConfig: Setting CVar [[r.SSS.Quality:1]]
[2022.04.29-17.02.51:365][  0]LogConfig: Setting CVar [[r.SSS.HalfRes:0]]
[2022.04.29-17.02.51:365][  0]LogConfig: Setting CVar [[r.SSGI.Quality:3]]
[2022.04.29-17.02.51:365][  0]LogConfig: Setting CVar [[r.EmitterSpawnRateScale:1.0]]
[2022.04.29-17.02.51:365][  0]LogConfig: Setting CVar [[r.ParticleLightQuality:2]]
[2022.04.29-17.02.51:365][  0]LogConfig: Setting CVar [[r.SkyAtmosphere.AerialPerspectiveLUT.FastApplyOnOpaque:1 ; Always have FastSkyLUT 1 in this case to avoid wrong sky]]
[2022.04.29-17.02.51:365][  0]LogConfig: Setting CVar [[r.SkyAtmosphere.AerialPerspectiveLUT.SampleCountMaxPerSlice:4]]
[2022.04.29-17.02.51:365][  0]LogConfig: Setting CVar [[r.SkyAtmosphere.AerialPerspectiveLUT.DepthResolution:16.0]]
[2022.04.29-17.02.51:365][  0]LogConfig: Setting CVar [[r.SkyAtmosphere.FastSkyLUT:1]]
[2022.04.29-17.02.51:365][  0]LogConfig: Setting CVar [[r.SkyAtmosphere.FastSkyLUT.SampleCountMin:4.0]]
[2022.04.29-17.02.51:365][  0]LogConfig: Setting CVar [[r.SkyAtmosphere.FastSkyLUT.SampleCountMax:128.0]]
[2022.04.29-17.02.51:365][  0]LogConfig: Setting CVar [[r.SkyAtmosphere.SampleCountMin:4.0]]
[2022.04.29-17.02.51:365][  0]LogConfig: Setting CVar [[r.SkyAtmosphere.SampleCountMax:128.0]]
[2022.04.29-17.02.51:365][  0]LogConfig: Setting CVar [[r.SkyAtmosphere.TransmittanceLUT.UseSmallFormat:0]]
[2022.04.29-17.02.51:365][  0]LogConfig: Setting CVar [[r.SkyAtmosphere.TransmittanceLUT.SampleCount:10.0]]
[2022.04.29-17.02.51:365][  0]LogConfig: Setting CVar [[r.SkyAtmosphere.MultiScatteringLUT.SampleCount:15.0]]
[2022.04.29-17.02.51:365][  0]LogConfig: Setting CVar [[r.SkyLight.RealTimeReflectionCapture:1]]
[2022.04.29-17.02.51:365][  0]LogConfig: Applying CVar settings from Section [FoliageQuality@3] File [C:/Users/Llorenç/Desktop/wetransfer_pakaro_2022-04-26_1655/MyProject6/Saved/Config/Windows/Scalability.ini]
[2022.04.29-17.02.51:365][  0]LogConfig: Setting CVar [[foliage.DensityScale:1.0]]
[2022.04.29-17.02.51:365][  0]LogConfig: Setting CVar [[grass.DensityScale:1.0]]
[2022.04.29-17.02.51:365][  0]LogConfig: Applying CVar settings from Section [ShadingQuality@3] File [C:/Users/Llorenç/Desktop/wetransfer_pakaro_2022-04-26_1655/MyProject6/Saved/Config/Windows/Scalability.ini]
[2022.04.29-17.02.51:365][  0]LogConfig: Setting CVar [[r.HairStrands.SkyLighting.IntegrationType:2]]
[2022.04.29-17.02.51:365][  0]LogConfig: Setting CVar [[r.HairStrands.SkyAO.SampleCount:4]]
[2022.04.29-17.02.51:365][  0]LogConfig: Setting CVar [[r.HairStrands.Visibility.MSAA.SamplePerPixel:4]]
[2022.04.29-17.02.51:365][  0]LogInit: Selected Device Profile: [Windows]
[2022.04.29-17.02.51:365][  0]LogInit: Applying CVar settings loaded from the selected device profile: [Windows]
[2022.04.29-17.02.51:365][  0]LogHAL: Display: Platform has ~ 16 GB [17137803264 / 17179869184 / 16], which maps to Larger [LargestMinGB=32, LargerMinGB=12, DefaultMinGB=8, SmallerMinGB=6, SmallestMinGB=0)
[2022.04.29-17.02.51:365][  0]LogInit: Going up to parent DeviceProfile []
[2022.04.29-17.02.51:365][  0]LogConfig: Applying CVar settings from Section [ViewDistanceQuality@3] File [C:/Users/Llorenç/Desktop/wetransfer_pakaro_2022-04-26_1655/MyProject6/Saved/Config/Windows/Scalability.ini]
[2022.04.29-17.02.51:365][  0]LogConfig: Setting CVar [[r.SkeletalMeshLODBias:0]]
[2022.04.29-17.02.51:365][  0]LogConfig: Setting CVar [[r.ViewDistanceScale:1.0]]
[2022.04.29-17.02.51:365][  0]LogConfig: Applying CVar settings from Section [AntiAliasingQuality@3] File [C:/Users/Llorenç/Desktop/wetransfer_pakaro_2022-04-26_1655/MyProject6/Saved/Config/Windows/Scalability.ini]
[2022.04.29-17.02.51:365][  0]LogConfig: Setting CVar [[r.PostProcessAAQuality:4]]
[2022.04.29-17.02.51:366][  0]LogConfig: Applying CVar settings from Section [ShadowQuality@3] File [C:/Users/Llorenç/Desktop/wetransfer_pakaro_2022-04-26_1655/MyProject6/Saved/Config/Windows/Scalability.ini]
[2022.04.29-17.02.51:366][  0]LogConfig: Setting CVar [[r.LightFunctionQuality:1]]
[2022.04.29-17.02.51:366][  0]LogConfig: Setting CVar [[r.ShadowQuality:5]]
[2022.04.29-17.02.51:366][  0]LogConfig: Setting CVar [[r.Shadow.CSM.MaxCascades:10]]
[2022.04.29-17.02.51:366][  0]LogConfig: Setting CVar [[r.Shadow.MaxResolution:2048]]
[2022.04.29-17.02.51:366][  0]LogConfig: Setting CVar [[r.Shadow.MaxCSMResolution:2048]]
[2022.04.29-17.02.51:366][  0]LogConfig: Setting CVar [[r.Shadow.RadiusThreshold:0.01]]
[2022.04.29-17.02.51:366][  0]LogConfig: Setting CVar [[r.Shadow.DistanceScale:1.0]]
[2022.04.29-17.02.51:366][  0]LogConfig: Setting CVar [[r.Shadow.CSM.TransitionScale:1.0]]
[2022.04.29-17.02.51:366][  0]LogConfig: Setting CVar [[r.Shadow.PreShadowResolutionFactor:1.0]]
[2022.04.29-17.02.51:366][  0]LogConfig: Setting CVar [[r.DistanceFieldShadowing:1]]
[2022.04.29-17.02.51:366][  0]LogConfig: Setting CVar [[r.DistanceFieldAO:1]]
[2022.04.29-17.02.51:366][  0]LogConfig: Setting CVar [[r.AOQuality:2]]
[2022.04.29-17.02.51:366][  0]LogConfig: Setting CVar [[r.VolumetricFog:1]]
[2022.04.29-17.02.51:366][  0]LogConfig: Setting CVar [[r.VolumetricFog.GridPixelSize:8]]
[2022.04.29-17.02.51:366][  0]LogConfig: Setting CVar [[r.VolumetricFog.GridSizeZ:128]]
[2022.04.29-17.02.51:366][  0]LogConfig: Setting CVar [[r.VolumetricFog.HistoryMissSupersampleCount:4]]
[2022.04.29-17.02.51:366][  0]LogConfig: Setting CVar [[r.LightMaxDrawDistanceScale:1]]
[2022.04.29-17.02.51:366][  0]LogConfig: Setting CVar [[r.CapsuleShadows:1]]
[2022.04.29-17.02.51:366][  0]LogConfig: Applying CVar settings from Section [PostProcessQuality@3] File [C:/Users/Llorenç/Desktop/wetransfer_pakaro_2022-04-26_1655/MyProject6/Saved/Config/Windows/Scalability.ini]
[2022.04.29-17.02.51:366][  0]LogConfig: Setting CVar [[r.MotionBlurQuality:4]]
[2022.04.29-17.02.51:366][  0]LogConfig: Setting CVar [[r.AmbientOcclusionMipLevelFactor:0.4]]
[2022.04.29-17.02.51:366][  0]LogConfig: Setting CVar [[r.AmbientOcclusionMaxQuality:100]]
[2022.04.29-17.02.51:366][  0]LogConfig: Setting CVar [[r.AmbientOcclusionLevels:-1]]
[2022.04.29-17.02.51:366][  0]LogConfig: Setting CVar [[r.AmbientOcclusionRadiusScale:1.0]]
[2022.04.29-17.02.51:366][  0]LogConfig: Setting CVar [[r.DepthOfFieldQuality:2]]
[2022.04.29-17.02.51:366][  0]LogConfig: Setting CVar [[r.RenderTargetPoolMin:400]]
[2022.04.29-17.02.51:366][  0]LogConfig: Setting CVar [[r.LensFlareQuality:2]]
[2022.04.29-17.02.51:366][  0]LogConfig: Setting CVar [[r.SceneColorFringeQuality:1]]
[2022.04.29-17.02.51:366][  0]LogConfig: Setting CVar [[r.EyeAdaptationQuality:2]]
[2022.04.29-17.02.51:366][  0]LogConfig: Setting CVar [[r.BloomQuality:5]]
[2022.04.29-17.02.51:366][  0]LogConfig: Setting CVar [[r.FastBlurThreshold:100]]
[2022.04.29-17.02.51:366][  0]LogConfig: Setting CVar [[r.Upscale.Quality:3]]
[2022.04.29-17.02.51:366][  0]LogConfig: Setting CVar [[r.Tonemapper.GrainQuantization:1]]
[2022.04.29-17.02.51:366][  0]LogConfig: Setting CVar [[r.LightShaftQuality:1]]
[2022.04.29-17.02.51:366][  0]LogConfig: Setting CVar [[r.Filter.SizeScale:1]]
[2022.04.29-17.02.51:366][  0]LogConfig: Setting CVar [[r.Tonemapper.Quality:5]]
[2022.04.29-17.02.51:366][  0]LogConfig: Setting CVar [[r.DOF.Gather.AccumulatorQuality:1        ; higher gathering accumulator quality]]
[2022.04.29-17.02.51:366][  0]LogConfig: Setting CVar [[r.DOF.Gather.PostfilterMethod:1          ; Median3x3 postfilering method]]
[2022.04.29-17.02.51:366][  0]LogConfig: Setting CVar [[r.DOF.Gather.EnableBokehSettings:0       ; no bokeh simulation when gathering]]
[2022.04.29-17.02.51:366][  0]LogConfig: Setting CVar [[r.DOF.Gather.RingCount:4                 ; medium number of samples when gathering]]
[2022.04.29-17.02.51:366][  0]LogConfig: Setting CVar [[r.DOF.Scatter.ForegroundCompositing:1    ; additive foreground scattering]]
[2022.04.29-17.02.51:366][  0]LogConfig: Setting CVar [[r.DOF.Scatter.BackgroundCompositing:2    ; additive background scattering]]
[2022.04.29-17.02.51:366][  0]LogConfig: Setting CVar [[r.DOF.Scatter.EnableBokehSettings:1      ; bokeh simulation when scattering]]
[2022.04.29-17.02.51:366][  0]LogConfig: Setting CVar [[r.DOF.Scatter.MaxSpriteRatio:0.1         ; only a maximum of 10% of scattered bokeh]]
[2022.04.29-17.02.51:367][  0]LogConfig: Setting CVar [[r.DOF.Recombine.Quality:1                ; cheap slight out of focus]]
[2022.04.29-17.02.51:367][  0]LogConfig: Setting CVar [[r.DOF.Recombine.EnableBokehSettings:0    ; no bokeh simulation on slight out of focus]]
[2022.04.29-17.02.51:367][  0]LogConfig: Setting CVar [[r.DOF.TemporalAAQuality:1                ; more stable temporal accumulation]]
[2022.04.29-17.02.51:367][  0]LogConfig: Setting CVar [[r.DOF.Kernel.MaxForegroundRadius:0.025]]
[2022.04.29-17.02.51:367][  0]LogConfig: Setting CVar [[r.DOF.Kernel.MaxBackgroundRadius:0.025]]
[2022.04.29-17.02.51:367][  0]LogConfig: Applying CVar settings from Section [TextureQuality@3] File [C:/Users/Llorenç/Desktop/wetransfer_pakaro_2022-04-26_1655/MyProject6/Saved/Config/Windows/Scalability.ini]
[2022.04.29-17.02.51:367][  0]LogConfig: Setting CVar [[r.Streaming.MipBias:0]]
[2022.04.29-17.02.51:367][  0]LogConfig: Setting CVar [[r.Streaming.AmortizeCPUToGPUCopy:0]]
[2022.04.29-17.02.51:367][  0]LogConfig: Setting CVar [[r.Streaming.MaxNumTexturesToStreamPerFrame:0]]
[2022.04.29-17.02.51:367][  0]LogConfig: Setting CVar [[r.Streaming.Boost:1]]
[2022.04.29-17.02.51:367][  0]LogConfig: Setting CVar [[r.MaxAnisotropy:8]]
[2022.04.29-17.02.51:367][  0]LogConfig: Setting CVar [[r.VT.MaxAnisotropy:8]]
[2022.04.29-17.02.51:367][  0]LogConfig: Setting CVar [[r.Streaming.LimitPoolSizeToVRAM:0]]
[2022.04.29-17.02.51:367][  0]LogConfig: Setting CVar [[r.Streaming.PoolSize:1000]]
[2022.04.29-17.02.51:367][  0]LogConfig: Setting CVar [[r.Streaming.MaxEffectiveScreenSize:0]]
[2022.04.29-17.02.51:367][  0]LogConfig: Applying CVar settings from Section [EffectsQuality@3] File [C:/Users/Llorenç/Desktop/wetransfer_pakaro_2022-04-26_1655/MyProject6/Saved/Config/Windows/Scalability.ini]
[2022.04.29-17.02.51:367][  0]LogConfig: Setting CVar [[r.TranslucencyLightingVolumeDim:64]]
[2022.04.29-17.02.51:367][  0]LogConfig: Setting CVar [[r.RefractionQuality:2]]
[2022.04.29-17.02.51:367][  0]LogConfig: Setting CVar [[r.SSR.Quality:3]]
[2022.04.29-17.02.51:367][  0]LogConfig: Setting CVar [[r.SSR.HalfResSceneColor:0]]
[2022.04.29-17.02.51:367][  0]LogConfig: Setting CVar [[r.SceneColorFormat:4]]
[2022.04.29-17.02.51:367][  0]LogConfig: Setting CVar [[r.DetailMode:2]]
[2022.04.29-17.02.51:367][  0]LogConfig: Setting CVar [[r.TranslucencyVolumeBlur:1]]
[2022.04.29-17.02.51:367][  0]LogConfig: Setting CVar [[r.MaterialQualityLevel:1 ; High quality]]
[2022.04.29-17.02.51:367][  0]LogConfig: Setting CVar [[r.AnisotropicMaterials:1]]
[2022.04.29-17.02.51:367][  0]LogConfig: Setting CVar [[r.SSS.Scale:1]]
[2022.04.29-17.02.51:367][  0]LogConfig: Setting CVar [[r.SSS.SampleSet:2]]
[2022.04.29-17.02.51:367][  0]LogConfig: Setting CVar [[r.SSS.Quality:1]]
[2022.04.29-17.02.51:367][  0]LogConfig: Setting CVar [[r.SSS.HalfRes:0]]
[2022.04.29-17.02.51:367][  0]LogConfig: Setting CVar [[r.SSGI.Quality:3]]
[2022.04.29-17.02.51:367][  0]LogConfig: Setting CVar [[r.EmitterSpawnRateScale:1.0]]
[2022.04.29-17.02.51:367][  0]LogConfig: Setting CVar [[r.ParticleLightQuality:2]]
[2022.04.29-17.02.51:367][  0]LogConfig: Setting CVar [[r.SkyAtmosphere.AerialPerspectiveLUT.FastApplyOnOpaque:1 ; Always have FastSkyLUT 1 in this case to avoid wrong sky]]
[2022.04.29-17.02.51:367][  0]LogConfig: Setting CVar [[r.SkyAtmosphere.AerialPerspectiveLUT.SampleCountMaxPerSlice:4]]
[2022.04.29-17.02.51:367][  0]LogConfig: Setting CVar [[r.SkyAtmosphere.AerialPerspectiveLUT.DepthResolution:16.0]]
[2022.04.29-17.02.51:367][  0]LogConfig: Setting CVar [[r.SkyAtmosphere.FastSkyLUT:1]]
[2022.04.29-17.02.51:367][  0]LogConfig: Setting CVar [[r.SkyAtmosphere.FastSkyLUT.SampleCountMin:4.0]]
[2022.04.29-17.02.51:367][  0]LogConfig: Setting CVar [[r.SkyAtmosphere.FastSkyLUT.SampleCountMax:128.0]]
[2022.04.29-17.02.51:367][  0]LogConfig: Setting CVar [[r.SkyAtmosphere.SampleCountMin:4.0]]
[2022.04.29-17.02.51:367][  0]LogConfig: Setting CVar [[r.SkyAtmosphere.SampleCountMax:128.0]]
[2022.04.29-17.02.51:367][  0]LogConfig: Setting CVar [[r.SkyAtmosphere.TransmittanceLUT.UseSmallFormat:0]]
[2022.04.29-17.02.51:367][  0]LogConfig: Setting CVar [[r.SkyAtmosphere.TransmittanceLUT.SampleCount:10.0]]
[2022.04.29-17.02.51:367][  0]LogConfig: Setting CVar [[r.SkyAtmosphere.MultiScatteringLUT.SampleCount:15.0]]
[2022.04.29-17.02.51:367][  0]LogConfig: Setting CVar [[r.SkyLight.RealTimeReflectionCapture:1]]
[2022.04.29-17.02.51:367][  0]LogConfig: Applying CVar settings from Section [FoliageQuality@3] File [C:/Users/Llorenç/Desktop/wetransfer_pakaro_2022-04-26_1655/MyProject6/Saved/Config/Windows/Scalability.ini]
[2022.04.29-17.02.51:367][  0]LogConfig: Setting CVar [[foliage.DensityScale:1.0]]
[2022.04.29-17.02.51:367][  0]LogConfig: Setting CVar [[grass.DensityScale:1.0]]
[2022.04.29-17.02.51:367][  0]LogConfig: Applying CVar settings from Section [ShadingQuality@3] File [C:/Users/Llorenç/Desktop/wetransfer_pakaro_2022-04-26_1655/MyProject6/Saved/Config/Windows/Scalability.ini]
[2022.04.29-17.02.51:367][  0]LogConfig: Setting CVar [[r.HairStrands.SkyLighting.IntegrationType:2]]
[2022.04.29-17.02.51:367][  0]LogConfig: Setting CVar [[r.HairStrands.SkyAO.SampleCount:4]]
[2022.04.29-17.02.51:367][  0]LogConfig: Setting CVar [[r.HairStrands.Visibility.MSAA.SamplePerPixel:4]]
[2022.04.29-17.02.51:367][  0]LogConfig: Applying CVar settings from Section [Startup] File [../../../Engine/Config/ConsoleVariables.ini]
[2022.04.29-17.02.51:367][  0]LogConfig: Setting CVar [[net.UseAdaptiveNetUpdateFrequency:0]]
[2022.04.29-17.02.51:368][  0]LogConfig: Setting CVar [[p.chaos.AllowCreatePhysxBodies:1]]
[2022.04.29-17.02.51:368][  0]LogConfig: Setting CVar [[fx.SkipVectorVMBackendOptimizations:1]]
[2022.04.29-17.02.51:368][  0]LogConfig: Applying CVar settings from Section [ConsoleVariables] File [C:/Users/Llorenç/Desktop/wetransfer_pakaro_2022-04-26_1655/MyProject6/Saved/Config/Windows/Engine.ini]
[2022.04.29-17.02.51:368][  0]LogConfig: Applying CVar settings from Section [ConsoleVariables] File [C:/Users/Llorenç/Desktop/wetransfer_pakaro_2022-04-26_1655/MyProject6/Saved/Config/Windows/Editor.ini]
[2022.04.29-17.02.51:368][  0]LogInit: Computer: SACOVA
[2022.04.29-17.02.51:368][  0]LogInit: User: Llorenç
[2022.04.29-17.02.51:368][  0]LogInit: CPU Page size=4096, Cores=4
[2022.04.29-17.02.51:368][  0]LogInit: High frequency timer resolution =10.000000 MHz
[2022.04.29-17.02.51:368][  0]LogMemory: Memory total: Physical=16.0GB (16GB approx)
[2022.04.29-17.02.51:368][  0]LogMemory: Platform Memory Stats for Windows
[2022.04.29-17.02.51:368][  0]LogMemory: Process Physical Memory: 143.57 MB used, 143.58 MB peak
[2022.04.29-17.02.51:368][  0]LogMemory: Process Virtual Memory: 126.36 MB used, 126.36 MB peak
[2022.04.29-17.02.51:368][  0]LogMemory: Physical Memory: 7547.62 MB used,  8796.27 MB free, 16343.88 MB total
[2022.04.29-17.02.51:368][  0]LogMemory: Virtual Memory: 134207120.00 MB used,  10606.40 MB free, 134217728.00 MB total
[2022.04.29-17.02.51:427][  0]LogWindows: WindowsPlatformFeatures enabled
[2022.04.29-17.02.51:476][  0]LogInit: Physics initialised using underlying interface: PhysX
[2022.04.29-17.02.51:476][  0]LogInit: Using OS detected language (es-ES).
[2022.04.29-17.02.51:476][  0]LogInit: Using OS detected locale (es-ES).
[2022.04.29-17.02.51:478][  0]LogTextLocalizationManager: No specific localization for 'es-ES' exists, so the 'es' localization will be used.
[2022.04.29-17.02.51:526][  0]LogWindowsTextInputMethodSystem: Display: IME system deactivated.
[2022.04.29-17.02.51:553][  0]LogSlate: New Slate User Created.  User Index 0, Is Virtual User: 0
[2022.04.29-17.02.51:553][  0]LogSlate: Slate User Registered.  User Index 0, Is Virtual User: 0
[2022.04.29-17.02.51:570][  0]LogD3D11RHI: Loaded GFSDK_Aftermath_Lib.x64.dll
[2022.04.29-17.02.51:573][  0]LogHMD: Failed to initialize OpenVR with code 110
[2022.04.29-17.02.51:573][  0]LogD3D11RHI: D3D11 min allowed feature level: 11_0
[2022.04.29-17.02.51:573][  0]LogD3D11RHI: D3D11 max allowed feature level: 11_0
[2022.04.29-17.02.51:573][  0]LogD3D11RHI: D3D11 adapters:
[2022.04.29-17.02.51:663][  0]LogD3D11RHI:    0. 'NVIDIA GeForce GTX 1080' (Feature Level 11_0)
[2022.04.29-17.02.51:663][  0]LogD3D11RHI:       8079/0/8171 MB DedicatedVideo/DedicatedSystem/SharedSystem, Outputs:2, VendorId:0x10de
[2022.04.29-17.02.51:665][  0]LogD3D11RHI:    1. 'Microsoft Basic Render Driver' (Feature Level 11_0)
[2022.04.29-17.02.51:665][  0]LogD3D11RHI:       0/0/8171 MB DedicatedVideo/DedicatedSystem/SharedSystem, Outputs:0, VendorId:0x1414
[2022.04.29-17.02.51:665][  0]LogD3D11RHI: Chosen D3D11 Adapter:
[2022.04.29-17.02.51:665][  0]LogD3D11RHI:     Description : NVIDIA GeForce GTX 1080
[2022.04.29-17.02.51:665][  0]LogD3D11RHI:     VendorId    : 10de
[2022.04.29-17.02.51:665][  0]LogD3D11RHI:     DeviceId    : 1b80
[2022.04.29-17.02.51:665][  0]LogD3D11RHI:     SubSysId    : 33621462
[2022.04.29-17.02.51:665][  0]LogD3D11RHI:     Revision    : 00a1
[2022.04.29-17.02.51:665][  0]LogD3D11RHI:     DedicatedVideoMemory : 8471445504 bytes
[2022.04.29-17.02.51:665][  0]LogD3D11RHI:     DedicatedSystemMemory : 0 bytes
[2022.04.29-17.02.51:665][  0]LogD3D11RHI:     SharedSystemMemory : 8568901632 bytes
[2022.04.29-17.02.51:665][  0]LogD3D11RHI:     AdapterLuid : 0 46710
[2022.04.29-17.02.51:672][  0]LogD3D11RHI: Creating new Direct3DDevice
[2022.04.29-17.02.51:672][  0]LogD3D11RHI:     GPU DeviceId: 0x1b80 (for the marketing name, search the web for "GPU Device Id")
[2022.04.29-17.02.51:672][  0]LogWindows: EnumDisplayDevices:
[2022.04.29-17.02.51:672][  0]LogWindows:    0. 'NVIDIA GeForce GTX 1080' (P:1 D:1)
[2022.04.29-17.02.51:673][  0]LogWindows:    1. 'NVIDIA GeForce GTX 1080' (P:0 D:1)
[2022.04.29-17.02.51:673][  0]LogWindows:    2. 'NVIDIA GeForce GTX 1080' (P:0 D:0)
[2022.04.29-17.02.51:673][  0]LogWindows:    3. 'NVIDIA GeForce GTX 1080' (P:0 D:0)
[2022.04.29-17.02.51:673][  0]LogWindows: DebugString: FoundDriverCount:4 
[2022.04.29-17.02.51:673][  0]LogD3D11RHI:     Adapter Name: NVIDIA GeForce GTX 1080
[2022.04.29-17.02.51:673][  0]LogD3D11RHI:   Driver Version: 511.79 (internal:30.0.15.1179, unified:511.79)
[2022.04.29-17.02.51:673][  0]LogD3D11RHI:      Driver Date: 2-10-2022
[2022.04.29-17.02.51:673][  0]LogRHI: Texture pool is 5655 MB (70% of 8079 MB)
[2022.04.29-17.02.51:674][  0]LogD3D11RHI: Creating D3DDevice using adapter:
[2022.04.29-17.02.51:674][  0]LogD3D11RHI:     Description : NVIDIA GeForce GTX 1080
[2022.04.29-17.02.51:674][  0]LogD3D11RHI:     VendorId    : 10de
[2022.04.29-17.02.51:674][  0]LogD3D11RHI:     DeviceId    : 1b80
[2022.04.29-17.02.51:674][  0]LogD3D11RHI:     SubSysId    : 33621462
[2022.04.29-17.02.51:674][  0]LogD3D11RHI:     Revision    : 00a1
[2022.04.29-17.02.51:674][  0]LogD3D11RHI:     DedicatedVideoMemory : 8471445504 bytes
[2022.04.29-17.02.51:674][  0]LogD3D11RHI:     DedicatedSystemMemory : 0 bytes
[2022.04.29-17.02.51:674][  0]LogD3D11RHI:     SharedSystemMemory : 8568901632 bytes
[2022.04.29-17.02.51:674][  0]LogD3D11RHI:     AdapterLuid : 0 46710
[2022.04.29-17.02.51:726][  0]LogD3D11RHI: RHI has support for 64 bit atomics
[2022.04.29-17.02.51:726][  0]LogD3D11RHI: Async texture creation enabled
[2022.04.29-17.02.51:726][  0]LogD3D11RHI: Array index from any shader is supported
[2022.04.29-17.02.51:748][  0]LogD3D11RHI: GPU Timing Frequency: 1000.000000 (Debug: 2 1)
[2022.04.29-17.02.51:793][  0]LogRHI: GeForceNow SDK initialized: 1
[2022.04.29-17.02.52:153][  0]LogTargetPlatformManager: Display: Loaded TargetPlatform 'WindowsNoEditor'
[2022.04.29-17.02.52:157][  0]LogTargetPlatformManager: Display: Loaded TargetPlatform 'Windows'
[2022.04.29-17.02.52:161][  0]LogTargetPlatformManager: Display: Loaded TargetPlatform 'WindowsClient'
[2022.04.29-17.02.52:164][  0]LogTargetPlatformManager: Display: Loaded TargetPlatform 'WindowsServer'
[2022.04.29-17.02.52:164][  0]LogTargetPlatformManager: Display: Building Assets For Windows
[2022.04.29-17.02.52:171][  0]LogAudioDebug: Display: Lib vorbis DLL was dynamically loaded.
[2022.04.29-17.02.52:196][  0]LogTextureFormatOodle: Display: Oodle Texture 2.9.0 init RDO Off
[2022.04.29-17.02.52:225][  0]LogRendererCore: Ray tracing is disabled. Reason: r.RayTracing=0.
[2022.04.29-17.02.52:226][  0]LogShaderCompilers: Guid format shader working directory is -22 characters bigger than the processId version (C:/Users/Llorenç/Desktop/wetransfer_pakaro_2022-04-26_1655/MyProject6/Intermediate/Shaders/WorkingDirectory/14208/).
[2022.04.29-17.02.52:226][  0]LogShaderCompilers: Cleaned the shader compiler working directory 'C:/Users/Llorenç/AppData/Local/Temp/UnrealShaderWorkingDir/968B7EAF4D006579B2AF86BB8459A794/'.
[2022.04.29-17.02.52:226][  0]LogXGEController: Cannot use XGE Controller as Incredibuild is not installed on this machine.
[2022.04.29-17.02.52:226][  0]LogShaderCompilers: Cannot use XGE Shader Compiler as Incredibuild is not installed on this machine.
[2022.04.29-17.02.52:226][  0]LogShaderCompilers: Display: Using Local Shader Compiler.
[2022.04.29-17.02.52:922][  0]LogDerivedDataCache: Display: Max Cache Size: 512 MB
[2022.04.29-17.02.52:972][  0]LogDerivedDataCache: Loaded boot cache 0.05s 97MB C:/Users/Llorenç/AppData/Local/UnrealEngine/4.27/DerivedDataCache/Boot.ddc.
[2022.04.29-17.02.52:972][  0]LogDerivedDataCache: Display: Loaded Boot cache: C:/Users/Llorenç/AppData/Local/UnrealEngine/4.27/DerivedDataCache/Boot.ddc
[2022.04.29-17.02.52:972][  0]LogDerivedDataCache: FDerivedDataBackendGraph:  Pak pak cache file C:/Users/Llorenç/Desktop/wetransfer_pakaro_2022-04-26_1655/MyProject6/DerivedDataCache/DDC.ddp not found, will not use a pak cache.
[2022.04.29-17.02.52:972][  0]LogDerivedDataCache: Unable to find inner node Pak for hierarchical cache Hierarchy.
[2022.04.29-17.02.52:973][  0]LogDerivedDataCache: FDerivedDataBackendGraph:  CompressedPak pak cache file C:/Users/Llorenç/Desktop/wetransfer_pakaro_2022-04-26_1655/MyProject6/DerivedDataCache/Compressed.ddp not found, will not use a pak cache.
[2022.04.29-17.02.52:973][  0]LogDerivedDataCache: Unable to find inner node CompressedPak for hierarchical cache Hierarchy.
[2022.04.29-17.02.52:987][  0]LogDerivedDataCache: Display: Pak cache opened for reading ../../../Engine/DerivedDataCache/Compressed.ddp.
[2022.04.29-17.02.52:987][  0]LogDerivedDataCache: FDerivedDataBackendGraph:  EnterprisePak pak cache file ../../../Enterprise/DerivedDataCache/Compressed.ddp not found, will not use a pak cache.
[2022.04.29-17.02.52:987][  0]LogDerivedDataCache: Unable to find inner node EnterprisePak for hierarchical cache Hierarchy.
[2022.04.29-17.02.52:993][  0]LogDerivedDataCache: Speed tests for C:/Users/Llorenç/AppData/Local/UnrealEngine/Common/DerivedDataCache took 0.01 seconds
[2022.04.29-17.02.52:993][  0]LogDerivedDataCache: Display: Performance to C:/Users/Llorenç/AppData/Local/UnrealEngine/Common/DerivedDataCache: Latency=0.03ms. RandomReadSpeed=1327.37MBs, RandomWriteSpeed=189.37MBs. Assigned SpeedClass 'Local'
[2022.04.29-17.02.52:994][  0]LogDerivedDataCache: Using Local data cache path C:/Users/Llorenç/AppData/Local/UnrealEngine/Common/DerivedDataCache: Writable
[2022.04.29-17.02.52:995][  0]LogDerivedDataCache: Shared data cache path not found in *engine.ini, will not use an Shared cache.
[2022.04.29-17.02.52:995][  0]LogDerivedDataCache: Unable to find inner node Shared for hierarchical cache Hierarchy.
[2022.04.29-17.02.53:030][  0]LogSlate: Using FreeType 2.10.0
[2022.04.29-17.02.53:031][  0]LogSlate: SlateFontServices - WITH_FREETYPE: 1, WITH_HARFBUZZ: 1
[2022.04.29-17.02.53:102][  0]LogInit: Using OS detected language (es-ES).
[2022.04.29-17.02.53:102][  0]LogInit: Using OS detected locale (es-ES).
[2022.04.29-17.02.53:102][  0]LogTextLocalizationManager: No localization for 'es-ES' exists, so 'en' will be used for the language.
[2022.04.29-17.02.53:102][  0]LogTextLocalizationManager: No localization for 'es-ES' exists, so 'en' will be used for the locale.
[2022.04.29-17.02.53:102][  0]LogSlate: FontCache flush requested. Reason: Culture for localization was changed
[2022.04.29-17.02.53:102][  0]LogSlate: FontCache flush requested. Reason: Culture for localization was changed
[2022.04.29-17.02.53:104][  0]LogAssetRegistry: FAssetRegistry took 0.0015 seconds to start up
[2022.04.29-17.02.53:253][  0]LogTextLocalizationManager: Compacting localization data took   0.00ms
[2022.04.29-17.02.53:253][  0]LogPackageLocalizationCache: Processed 28 localized package path(s) for 1 prioritized culture(s) in 0.001238 seconds
[2022.04.29-17.02.53:308][  0]LogInit: Selected Device Profile: [Windows]
[2022.04.29-17.02.53:309][  0]LogInit: Active device profile: [00000253F2A0FE00][00000253EBC18280 49] Windows
[2022.04.29-17.02.53:309][  0]LogInit: Profiles: [00000253F2A0FE00][00000253EBC18280 49] Windows, [00000253F29C4300][00000253EBD26400 49] WindowsNoEditor, [00000253F2A0C300][00000253EBD2A580 49] WindowsServer, [00000253F29C5E00][00000253EBD2E700 49] WindowsClient, [00000253F2A0DD00][00000253EBFFC880 49] IOS, [00000253F29C4D00][00000253EC000A00 49] iPadAir, [00000253F2A0CC00][00000253EC004B80 49] iPadAir2, [00000253F297C600][00000253EC00CE40 49] IPadPro, [00000253F297C700][00000253EC008E80 49] iPadAir3, [00000253F2A0C200][00000253EC011000 49] iPadAir4, [00000253F297FC00][00000253EC015180 49] iPadMini2, [00000253F2A0D100][00000253EC019300 49] iPadMini3, [00000253F297D500][00000253EC01D480 49] iPadMini4, [00000253F2A0E700][00000253EC021600 49] iPadMini5, [00000253F297BE00][00000253EC0298C0 49] iPhone6, [00000253F297BF00][00000253EC025900 49] iPodTouch6, [00000253F29C7400][00000253EC02DB40 49] iPhone7, [00000253F29C6E00][00000253EBC1DB80 49] iPodTouch7, [00000253F2978800][00000253D77D0140 49] iPhone5S, [00000253F29C6500][00000253D77D82C0 49] iPhone6Plus, [00000253F297B100][00000253D77DC440 49] iPhone6S, [00000253F29C5200][00000253D77E05C0 49] iPhone6SPlus, [00000253F2979000][00000253D77E4740 49] iPhone7Plus, [00000253F29C4700][00000253D77E88C0 49] iPhoneSE, [00000253F297A900][00000253D77ECA40 49] iPhone8, [00000253F29C5C00][00000253D77F0BC0 49] iPhone8Plus, [00000253F2979800][00000253D77F4D40 49] iPhoneX, [00000253F29C4E00][00000253D77F8EC0 49] iPhoneXS, [00000253F297A100][00000253D77FD040 49] iPhoneXSMax, [00000253F29C4200][00000253D78011C0 49] iPhoneXR, [00000253F2978600][00000253D7805340 49] iPhone11, [00000253F29C6100][00000253D78094C0 49] iPhone11Pro, [00000253F297BB00][00000253D780D640 49] iPhone11ProMax, [00000253F29C7D00][00000253D78117C0 49] iPhoneSE2, [00000253F2978400][00000253D7815940 49] iPhone12Mini, [00000253F29C4100][00000253D7819AC0 49] iPhone12, [00000253F297B200][00000253D77D5C00 49] iPhone12Pro, [00000253F29C4800][00000253E6C1A1C0 49] iPhone12ProMax, [00000253F297BD00][00000253E6C1E300 49] iPadPro105, [00000253F29C5800][00000253E6C26480 49] iPadPro129, [00000253F297A600][00000253E6C2A600 49] iPadPro97, [00000253F29C5700][00000253E6C2E780 49] iPadPro2_129, [00000253F297A300][00000253E6C32900 49] iPad5, [00000253F29C5D00][00000253E6C36A80 49] iPad6, [00000253F297BA00][00000253E6C3AC00 49] iPad7, [00000253F29C6A00][00000253E6C3ED80 49] iPad8, [00000253F297B800][00000253E6C42F00 49] iPadPro11, [00000253F29C5A00][00000253E6C47080 49] iPadPro2_11, [00000253F297BC00][00000253E6C4B200 49] iPadPro3_129, [00000253F29C4500][00000253E6C4F380 49] iPadPro4_129, [00000253F2978A00][00000253E6C53500 49] AppleTV, [00000253F29C5B00][00000253E6C57680 49] AppleTV4K, [00000253F2979A00][00000253E6C5B800 49] TVOS, [00000253F29C4600][00000253E6C5F980 49] Mac, [00000253F2979C00][00000253E6C63B00 49] MacClient, [00000253F29C7000][00000253E6C66100 49] MacNoEditor, [00000253F297B000][00000253E6C22240 49] MacServer, [00000253F29C4B00][00000253E6C6A380 49] Linux, [00000253F2979300][00000253E6C6E4C0 49] LinuxAArch64, [00000253F29C7700][00000253E6C76640 49] LinuxNoEditor, [00000253F297B300][00000253EB8DC7C0 49] LinuxAArch64NoEditor, [00000253F29C6200][00000253EB8E0940 49] LinuxClient, [00000253F297A000][00000253EB8E4AC0 49] LinuxAArch64Client, [00000253F29C7500][00000253EB8E8C40 49] LinuxServer, [00000253F297AC00][00000253EB8ECDC0 49] LinuxAArch64Server, [00000253F29C4900][00000253EB8F0F40 49] Android, [00000253F297AE00][00000253EB8F50C0 49] Android_Low, [00000253F29C5900][00000253EB8F9240 49] Android_Mid, [00000253F2A0C400][00000253EB8FD3C0 49] Android_High, [00000253F2A49500][00000253EB901540 49] Android_Default, [00000253F2A0F600][00000253EB9056C0 49] Android_Adreno4xx, [00000253F2A4A500][00000253EB909840 49] Android_Adreno5xx_Low, [00000253F2A0D600][00000253EB90D9C0 49] Android_Adreno5xx, [00000253F2A4A700][00000253EB911B40 49] Android_Adreno6xx, [00000253F2A0C800][00000253EB914140 49] Android_Adreno6xx_Vulkan, [00000253F2A49E00][00000253EB9182C0 49] Android_Mali_T6xx, [00000253F2A0E600][00000253E6C72400 49] Android_Mali_T7xx, [00000253F2A48600][00000253EB91C540 49] Android_Mali_T8xx, [00000253F2A0D300][00000253EB920680 49] Android_Mali_G71, [00000253F2A4A100][00000253EB9247C0 49] Android_Mali_G72, [00000253F2A0EA00][00000253EB92C940 49] Android_Mali_G72_Vulkan, [00000253F2A49C00][00000253EB930AC0 49] Android_Mali_G76, [00000253F2A0E100][00000253EB934C40 49] Android_Mali_G76_Vulkan, [00000253F2A48D00][00000253EB938DC0 49] Android_Mali_G77, [00000253F2A0EB00][00000253EB93CF40 49] Android_Mali_G77_Vulkan, [00000253F2A49B00][00000253EB9410C0 49] Android_Mali_G78, [00000253F2A0C600][00000253EB945240 49] Android_Mali_G78_Vulkan, [00000253F2A4A300][00000253EB9493C0 49] Android_Mali_G710, [00000253F2A0CE00][00000253EB94D540 49] Android_Mali_G710_Vulkan, [00000253F2A49100][00000253EB9516C0 49] Android_Vulkan_SM5, [00000253F2A0F700][00000253EB955840 49] Android_PowerVR_G6xxx, [00000253F2A48A00][00000253EB9599C0 49] Android_PowerVR_GT7xxx, [00000253F29C6D00][00000253EB95DB40 49] Android_PowerVR_GE8xxx, [00000253F2A4AC00][00000253EB960140 49] Android_PowerVR_GM9xxx, [00000253F29C7E00][00000253EB9642C0 49] Android_PowerVR_GM9xxx_Vulkan, [00000253F2A4A200][00000253EB968440 49] Android_TegraK1, [00000253F29C6700][00000253EB928580 49] Android_Unknown_Vulkan, [00000253F2A48300][00000253EB96C6C0 49] Lumin, [00000253F29C7900][00000253EB970800 49] Lumin_Desktop, [00000253F2A4A400][00000253EB974940 49] HoloLens, 
[2022.04.29-17.02.53:346][  0]LogMeshReduction: Using QuadricMeshReduction for automatic static mesh reduction
[2022.04.29-17.02.53:346][  0]LogMeshReduction: Using SimplygonMeshReduction for automatic skeletal mesh reduction
[2022.04.29-17.02.53:346][  0]LogMeshReduction: Using ProxyLODMeshReduction for automatic mesh merging
[2022.04.29-17.02.53:346][  0]LogMeshReduction: No distributed automatic mesh merging module available
[2022.04.29-17.02.53:346][  0]LogMeshMerging: No distributed automatic mesh merging module available
[2022.04.29-17.02.53:440][  0]LogNetVersion: MyProject6 1.0.0, NetCL: 17155196, EngineNetVer: 17, GameNetVer: 0 (Checksum: 850526378)
[2022.04.29-17.02.53:658][  0]LogTexture: Default maximum texture size for cubemaps generated from long-lat sources has been changed from 512 to unlimited. In order to preserve old behaiour for '/Engine/MapTemplates/Sky/DaylightAmbientCubemap.DaylightAmbientCubemap', its maximum texture size has been explicitly set to 512.
[2022.04.29-17.02.53:705][  0]LogHMD: PokeAHoleMaterial loaded successfully
[2022.04.29-17.02.53:802][  0]LogMoviePlayer: Initializing movie player
[2022.04.29-17.02.53:852][  0]LogWindowsMoviePlayer: Unable to load movie: C:/Users/Llorenç/Desktop/wetransfer_pakaro_2022-04-26_1655/MyProject6/Content/Movies/UE4_Logo.mp4
[2022.04.29-17.02.53:912][  0]LogNiagaraDebuggerClient: Niagara Debugger Client Initialized | Session: C718C6C34F2EF1553AB6FCA91EC7FA7F | Instance: 30B1CEDE4C6D0CE4AD674BBCB520862B (SACOVA-14208).
[2022.04.29-17.02.53:927][  0]LogCollectionManager: Loaded 0 collections in 0.000666 seconds
[2022.04.29-17.02.53:929][  0]LogFileCache: Scanning file cache for directory 'C:/Users/Llorenç/Desktop/wetransfer_pakaro_2022-04-26_1655/MyProject6/Saved/Collections/' took 0.00s
[2022.04.29-17.02.53:929][  0]LogFileCache: Scanning file cache for directory 'C:/Users/Llorenç/Desktop/wetransfer_pakaro_2022-04-26_1655/MyProject6/Content/Developers/Llorenç/Collections/' took 0.00s
[2022.04.29-17.02.53:929][  0]LogCollectionManager: Fixed up redirectors for 0 collections in 0.000002 seconds (updated 0 objects)
[2022.04.29-17.02.53:944][  0]LogFileCache: Scanning file cache for directory 'C:/Users/Llorenç/Desktop/wetransfer_pakaro_2022-04-26_1655/MyProject6/Content/Collections/' took 0.00s
[2022.04.29-17.02.53:944][  0]LogPython: Using Python 3.7.7
[2022.04.29-17.02.54:424][  0]LogTcpMessaging: Initializing TcpMessaging bridge
[2022.04.29-17.02.54:427][  0]LogUdpMessaging: Initializing bridge on interface 0.0.0.0:0 to multicast group 230.0.0.1:6666.
[2022.04.29-17.02.54:510][  0]SourceControl: Source control is disabled
[2022.04.29-17.02.54:510][  0]SourceControl: Source control is disabled
[2022.04.29-17.02.54:512][  0]SourceControl: Source control is disabled
[2022.04.29-17.02.54:517][  0]LogUProjectInfo: Found projects:
[2022.04.29-17.02.54:586][  0]LogOpenImageDenoise: OIDN starting up
[2022.04.29-17.02.54:615][  0]LogAndroidPermission: UAndroidPermissionCallbackProxy::GetInstance
[2022.04.29-17.02.54:634][  0]LogAudioCaptureCore: Display: No Audio Capture implementations found. Audio input will be silent.
[2022.04.29-17.02.54:634][  0]LogAudioCaptureCore: Display: No Audio Capture implementations found. Audio input will be silent.
[2022.04.29-17.02.54:692][  0]LogOcInput: OculusInput pre-init called
[2022.04.29-17.02.54:700][  0]LogUObjectArray: 22165 objects as part of root set at end of initial load.
[2022.04.29-17.02.54:700][  0]LogUObjectAllocator: 5991808 out of 0 bytes used by permanent object pool.
[2022.04.29-17.02.54:700][  0]LogUObjectArray: CloseDisregardForGC: 0/0 objects in disregard for GC pool
[2022.04.29-17.02.54:737][  0]LogClass: Display: ByteProperty FALoadingScreenSettings::PlaybackType is not initialized properly. Module:AsyncLoadingScreen File:Public/LoadingScreenSettings.h
[2022.04.29-17.02.54:737][  0]LogClass: Display: StructProperty FTextAppearance::ShadowOffset is not initialized properly. Module:AsyncLoadingScreen File:Public/LoadingScreenSettings.h
[2022.04.29-17.02.54:737][  0]LogClass: Display: StructProperty FTextAppearance::ShadowColorAndOpacity is not initialized properly. Module:AsyncLoadingScreen File:Public/LoadingScreenSettings.h
[2022.04.29-17.02.54:737][  0]LogClass: Display: ByteProperty FTextAppearance::Justification is not initialized properly. Module:AsyncLoadingScreen File:Public/LoadingScreenSettings.h
[2022.04.29-17.02.54:737][  0]LogClass: Display: FloatProperty FTipSettings::TipWrapAt is not initialized properly. Module:AsyncLoadingScreen File:Public/LoadingScreenSettings.h
[2022.04.29-17.02.54:738][  0]LogClass: Display: 5 Uninitialized script struct members found including 0 object properties
[2022.04.29-17.02.54:739][  0]LogEngine: Initializing Engine...
[2022.04.29-17.02.54:741][  0]LogHMD: Failed to enumerate extensions. Please check that you have a valid OpenXR runtime installed.
[2022.04.29-17.02.54:741][  0]LogHMD: Failed to initialize OpenVR with code 110
[2022.04.29-17.02.54:741][  0]LogMagicLeap: Warning: VR disabled because ZI is not enabled.  To enable, in the editor, Edit -> Project Settings -> Plugins -> Magic Leap Plugin -> Enable Zero Iteration
[2022.04.29-17.02.54:742][  0]LogStats: UGameplayTagsManager::InitializeManager -  0.000 s
[2022.04.29-17.02.54:821][  0]LogInit: Initializing FReadOnlyCVARCache
[2022.04.29-17.02.54:821][  0]LogAudio: Display: Initializing Audio Device Manager...
[2022.04.29-17.02.54:824][  0]LogAudio: Display: Loading Default Audio Settings Objects...
[2022.04.29-17.02.54:825][  0]LogAudio: Display: No default SoundConcurrencyObject specified (or failed to load).
[2022.04.29-17.02.54:825][  0]LogAudio: Display: Audio Device Manager Initialized
[2022.04.29-17.02.54:825][  0]LogAudio: Display: Creating Audio Device:                 Id: 1, Scope: Shared, Realtime: True
[2022.04.29-17.02.54:825][  0]LogAudioMixer: Display: Audio Mixer Platform Settings:
[2022.04.29-17.02.54:825][  0]LogAudioMixer: Display: 	Sample Rate:						  48000
[2022.04.29-17.02.54:825][  0]LogAudioMixer: Display: 	Callback Buffer Frame Size Requested: 1024
[2022.04.29-17.02.54:825][  0]LogAudioMixer: Display: 	Callback Buffer Frame Size To Use:	  1024
[2022.04.29-17.02.54:825][  0]LogAudioMixer: Display: 	Number of buffers to queue:			  2
[2022.04.29-17.02.54:825][  0]LogAudioMixer: Display: 	Max Channels (voices):				  32
[2022.04.29-17.02.54:825][  0]LogAudioMixer: Display: 	Number of Async Source Workers:		  0
[2022.04.29-17.02.54:825][  0]LogAudio: Display: AudioDevice MaxSources: 32
[2022.04.29-17.02.54:826][  0]LogAudio: Display: Audio Spatialization Plugin: None (built-in).
[2022.04.29-17.02.54:826][  0]LogAudio: Display: Audio Reverb Plugin: None (built-in).
[2022.04.29-17.02.54:826][  0]LogAudio: Display: Audio Occlusion Plugin: None (built-in).
[2022.04.29-17.02.54:826][  0]LogAudioMixer: Display: Initializing audio mixer.
[2022.04.29-17.02.54:837][  0]LogAudioMixer: Display: 0: FrontLeft
[2022.04.29-17.02.54:837][  0]LogAudioMixer: Display: 1: FrontRight
[2022.04.29-17.02.54:881][  0]LogAudioMixer: Display: Using Audio Device Altavoces (Realtek High Definition Audio)
[2022.04.29-17.02.54:886][  0]LogAudioMixer: Display: Initializing Sound Submixes...
[2022.04.29-17.02.54:887][  0]LogAudioMixer: Display: Creating Master Submix 'MasterSubmixDefault'
[2022.04.29-17.02.54:887][  0]LogAudioMixer: Display: Creating Master Submix 'MasterReverbSubmixDefault'
[2022.04.29-17.02.54:888][  0]LogAudioMixer: Display: Creating Master Submix 'MasterEQSubmixDefault'
[2022.04.29-17.02.54:888][  0]LogAudioMixer: FMixerPlatformXAudio2::StartAudioStream() called
[2022.04.29-17.02.54:888][  0]LogAudioMixer: Display: Output buffers initialized: Frames=1024, Channels=2, Samples=2048
[2022.04.29-17.02.54:888][  0]LogAudioMixer: Display: Starting AudioMixerPlatformInterface::RunInternal()
[2022.04.29-17.02.54:888][  0]LogAudioMixer: Display: FMixerPlatformXAudio2::SubmitBuffer() called for the first time
[2022.04.29-17.02.54:888][  0]LogInit: FAudioDevice initialized.
[2022.04.29-17.02.54:890][  0]LogNetVersion: Set ProjectVersion to 1.0.0.0. Version Checksum will be recalculated on next use.
[2022.04.29-17.02.54:893][  0]LogInit: Texture streaming: Enabled
[2022.04.29-17.02.54:952][  0]LogAudio: Display: Audio Device (ID: 1) registered with world 'Untitled'.
[2022.04.29-17.02.54:952][  0]LogSlate: Updating window title bar state: overlay mode, drag disabled, window buttons hidden, title bar hidden
[2022.04.29-17.02.54:953][  0]LogInit: Display: Game Engine Initialized.
[2022.04.29-17.02.54:953][  0]LogNiagaraEditor: GEditor isn't valid! Particle reset commands will not work for Niagara components!
[2022.04.29-17.02.55:060][  0]LogInit: Display: Starting Game.
[2022.04.29-17.02.55:060][  0]LogNet: Browse: /Game/voladorio?Name=Player
[2022.04.29-17.02.55:060][  0]LogLoad: LoadMap: /Game/voladorio?Name=Player
[2022.04.29-17.02.55:060][  0]LogWorld: BeginTearingDown for /Temp/Untitled_0
[2022.04.29-17.02.55:061][  0]LogWorld: UWorld::CleanupWorld for Untitled, bSessionEnded=true, bCleanupResources=true
[2022.04.29-17.02.55:064][  0]LogAudio: Display: Audio Device unregistered from world 'None'.
[2022.04.29-17.02.55:066][  0]LogUObjectHash: Compacting FUObjectHashTables data took   0.61ms
[2022.04.29-17.02.55:313][  0]LogAudio: Display: Audio Device (ID: 1) registered with world 'voladorio'.
[2022.04.29-17.02.55:318][  0]LogAIModule: Creating AISystem for world voladorio
[2022.04.29-17.02.55:319][  0]LogLoad: Game class is 'Top_C'
[2022.04.29-17.02.55:346][  0]LogWorld: Bringing World /Game/voladorio.voladorio up for play (max tick rate 0) at 2022.04.29-19.02.55
[2022.04.29-17.02.55:347][  0]LogWorld: Bringing up level for play took: 0.027154
[2022.04.29-17.02.55:350][  0]LogLoad: Took 0.290339 seconds to LoadMap(/Game/voladorio)
[2022.04.29-17.02.55:378][  0]LogSlate: InvalidateAllWidgets triggered.  All widgets were invalidated
[2022.04.29-17.02.58:858][  0]LogInit: Display: Engine is initialized. Leaving FEngineLoop::Init()
[2022.04.29-17.02.58:858][  0]LogLoad: (Engine Initialization) Total time: 8.87 seconds
[2022.04.29-17.02.58:858][  0]LogLoad: (Engine Initialization) Total Blueprint compile time: 0.00 seconds
[2022.04.29-17.02.58:859][  0]LogContentStreaming: Texture pool size now 1000 MB
[2022.04.29-17.02.58:926][  1]LogSlate: Took 0.000168 seconds to synchronously load lazily loaded font '../../../Engine/Content/Slate/Fonts/Roboto-Regular.ttf' (155K)
[2022.04.29-17.02.58:949][  2]LogRenderer: Reallocating scene render targets to support 1912x1008 Format 10 NumSamples 1 (Frame:1).
[2022.04.29-17.03.09:853][427]LogSlate: Window 'MyProject6 (64-bit Development PCD3D_SM5) ' being destroyed
[2022.04.29-17.03.09:853][427]LogWindowsTextInputMethodSystem: Display: IME system deactivated.
[2022.04.29-17.03.09:858][427]LogSlate: Updating window title bar state: overlay mode, drag disabled, window buttons hidden, title bar hidden
[2022.04.29-17.03.09:858][427]LogEngine: All Windows Closed
[2022.04.29-17.03.09:858][427]LogWindows: FPlatformMisc::RequestExit(0)
[2022.04.29-17.03.09:858][427]LogWindows: FPlatformMisc::RequestExitWithStatus(0, 0)
[2022.04.29-17.03.09:858][427]LogCore: Engine exit requested (reason: Win RequestExit)
[2022.04.29-17.03.09:859][428]LogCore: Engine exit requested (reason: EngineExit() was called; note: exit was already requested)
[2022.04.29-17.03.09:859][428]LogInit: Display: PreExit Game.
[2022.04.29-17.03.09:873][428]LogWorld: BeginTearingDown for /Game/voladorio
[2022.04.29-17.03.09:873][428]LogWorld: UWorld::CleanupWorld for voladorio, bSessionEnded=true, bCleanupResources=true
[2022.04.29-17.03.09:874][428]LogSlate: InvalidateAllWidgets triggered.  All widgets were invalidated
[2022.04.29-17.03.10:751][428]LogAudio: Display: Beginning Audio Device Manager Shutdown (Module: AudioMixerXAudio2)...
[2022.04.29-17.03.10:751][428]LogAudio: Display: Destroying 1 Remaining Audio Device(s)...
[2022.04.29-17.03.10:751][428]LogAudio: Display: Audio Device unregistered from world 'voladorio'.
[2022.04.29-17.03.10:780][428]LogAudioMixer: FMixerPlatformXAudio2::StopAudioStream() called
[2022.04.29-17.03.10:781][428]LogAudioMixer: FMixerPlatformXAudio2::StopAudioStream() called
[2022.04.29-17.03.10:784][428]LogAudio: Display: Audio Device Manager Shutdown
[2022.04.29-17.03.10:786][428]LogExit: Preparing to exit.
[2022.04.29-17.03.11:442][428]LogSlate: Updating window title bar state: overlay mode, drag disabled, window buttons hidden, title bar hidden
[2022.04.29-17.03.11:445][428]LogUObjectHash: Compacting FUObjectHashTables data took   0.75ms
[2022.04.29-17.03.11:491][428]LogMoviePlayer: Shutting down movie player
[2022.04.29-17.03.11:604][428]LogDemo: Cleaned up 0 splitscreen connections with owner deletion
[2022.04.29-17.03.11:608][428]LogExit: Game engine shut down
[2022.04.29-17.03.11:643][428]LogExit: Object subsystem successfully closed.
[2022.04.29-17.03.11:650][428]LogShaderCompilers: Display: === FShaderJobCache stats ===
[2022.04.29-17.03.11:650][428]LogShaderCompilers: Display: Total job queries 0, among them cache hits 0 (0.00%)
[2022.04.29-17.03.11:650][428]LogShaderCompilers: Display: Tracking 0 distinct input hashes that result in 0 distinct outputs (0.00%)
[2022.04.29-17.03.11:650][428]LogShaderCompilers: Display: RAM used: 0.00 MB (0.00 GB) of 819.20 MB (0.80 GB) budget. Usage: 0.00%
[2022.04.29-17.03.11:650][428]LogShaderCompilers: Display: ================================================
[2022.04.29-17.03.11:658][428]LogShaderCompilers: Display: Shaders left to compile 0
[2022.04.29-17.03.11:665][428]LogModuleManager: Shutting down and abandoning module SequenceRecorderSections (562)
[2022.04.29-17.03.11:665][428]LogModuleManager: Shutting down and abandoning module SequenceRecorder (560)
[2022.04.29-17.03.11:665][428]LogModuleManager: Shutting down and abandoning module AutomationController (558)
[2022.04.29-17.03.11:665][428]LogModuleManager: Shutting down and abandoning module AutomationWorker (556)
[2022.04.29-17.03.11:665][428]LogModuleManager: Shutting down and abandoning module Voice (554)
[2022.04.29-17.03.11:665][428]LogModuleManager: Shutting down and abandoning module AIModule (552)
[2022.04.29-17.03.11:665][428]LogModuleManager: Shutting down and abandoning module GameplayDebugger (551)
[2022.04.29-17.03.11:665][428]LogModuleManager: Shutting down and abandoning module AITestSuite (549)
[2022.04.29-17.03.11:665][428]LogModuleManager: Shutting down and abandoning module NavigationSystem (547)
[2022.04.29-17.03.11:665][428]LogModuleManager: Shutting down and abandoning module AnimGraph (544)
[2022.04.29-17.03.11:665][428]LogModuleManager: Shutting down and abandoning module SteamVREditor (542)
[2022.04.29-17.03.11:665][428]LogModuleManager: Shutting down and abandoning module ToolMenus (541)
[2022.04.29-17.03.11:665][428]LogModuleManager: Shutting down and abandoning module OculusMR (538)
[2022.04.29-17.03.11:666][428]LogModuleManager: Shutting down and abandoning module TakeRecorderSources (536)
[2022.04.29-17.03.11:666][428]LogModuleManager: Shutting down and abandoning module TakeRecorder (535)
[2022.04.29-17.03.11:666][428]LogModuleManager: Shutting down and abandoning module TakeTrackRecorders (532)
[2022.04.29-17.03.11:666][428]LogModuleManager: Shutting down and abandoning module TakesCore (530)
[2022.04.29-17.03.11:666][428]LogModuleManager: Shutting down and abandoning module OpenXRInput (528)
[2022.04.29-17.03.11:666][428]LogModuleManager: Shutting down and abandoning module WmfMediaFactory (526)
[2022.04.29-17.03.11:666][428]LogModuleManager: Shutting down and abandoning module WebMMediaFactory (524)
[2022.04.29-17.03.11:666][428]LogModuleManager: Shutting down and abandoning module WebMMedia (522)
[2022.04.29-17.03.11:666][428]LogModuleManager: Shutting down and abandoning module OpenExrWrapper (520)
[2022.04.29-17.03.11:666][428]LogModuleManager: Shutting down and abandoning module ImgMediaFactory (518)
[2022.04.29-17.03.11:666][428]LogModuleManager: Shutting down and abandoning module AvfMediaFactory (516)
[2022.04.29-17.03.11:666][428]LogModuleManager: Shutting down and abandoning module MagicLeapMediaCodecFactory (514)
[2022.04.29-17.03.11:666][428]LogModuleManager: Shutting down and abandoning module MagicLeapMediaFactory (512)
[2022.04.29-17.03.11:666][428]LogModuleManager: Shutting down and abandoning module PlanarCut (510)
[2022.04.29-17.03.11:666][428]LogModuleManager: Shutting down and abandoning module CharacterAI (508)
[2022.04.29-17.03.11:666][428]LogModuleManager: Shutting down and abandoning module SessionServices (506)
[2022.04.29-17.03.11:666][428]LogModuleManager: Shutting down and abandoning module MovieSceneCapture (504)
[2022.04.29-17.03.11:666][428]LogModuleManager: Shutting down and abandoning module LiveCoding (502)
[2022.04.29-17.03.11:666][428]LogModuleManager: Shutting down and abandoning module LevelSequence (500)
[2022.04.29-17.03.11:666][428]LogModuleManager: Shutting down and abandoning module MovieSceneTracks (498)
[2022.04.29-17.03.11:666][428]LogModuleManager: Shutting down and abandoning module MovieScene (496)
[2022.04.29-17.03.11:666][428]LogModuleManager: Shutting down and abandoning module StreamingPauseRendering (494)
[2022.04.29-17.03.11:666][428]LogModuleManager: Shutting down and abandoning module PortalServices (492)
[2022.04.29-17.03.11:666][428]LogModuleManager: Shutting down and abandoning module PortalRpc (490)
[2022.04.29-17.03.11:666][428]LogModuleManager: Shutting down and abandoning module MessagingRpc (488)
[2022.04.29-17.03.11:666][428]LogModuleManager: Shutting down and abandoning module AudioMixerXAudio2 (486)
[2022.04.29-17.03.11:666][428]LogModuleManager: Shutting down and abandoning module AudioMixerCore (485)
[2022.04.29-17.03.11:666][428]LogModuleManager: Shutting down and abandoning module ImageWriteQueue (482)
[2022.04.29-17.03.11:666][428]LogModuleManager: Shutting down and abandoning module ProfilerService (480)
[2022.04.29-17.03.11:743][428]LogModuleManager: Shutting down and abandoning module TaskGraph (478)
[2022.04.29-17.03.11:743][428]LogModuleManager: Shutting down and abandoning module OculusInput (476)
[2022.04.29-17.03.11:743][428]LogModuleManager: Shutting down and abandoning module TakeMovieScene (474)
[2022.04.29-17.03.11:743][428]LogModuleManager: Shutting down and abandoning module Synthesis (472)
[2022.04.29-17.03.11:743][428]LogModuleManager: Shutting down and abandoning module ProceduralMeshComponent (470)
[2022.04.29-17.03.11:743][428]LogModuleManager: Shutting down and abandoning module MobilePatchingUtils (468)
[2022.04.29-17.03.11:743][428]LogModuleManager: Shutting down and abandoning module GooglePAD (466)
[2022.04.29-17.03.11:743][428]LogModuleManager: Shutting down and abandoning module EditableMesh (464)
[2022.04.29-17.03.11:743][428]LogModuleManager: Shutting down and abandoning module CustomMeshComponent (462)
[2022.04.29-17.03.11:743][428]LogModuleManager: Shutting down and abandoning module CableComponent (460)
[2022.04.29-17.03.11:743][428]LogModuleManager: Shutting down and abandoning module AudioCapture (458)
[2022.04.29-17.03.11:743][428]LogModuleManager: Shutting down and abandoning module AudioCaptureRtAudio (457)
[2022.04.29-17.03.11:743][428]LogModuleManager: Shutting down and abandoning module AssetTags (454)
[2022.04.29-17.03.11:743][428]LogModuleManager: Shutting down and abandoning module ArchVisCharacter (452)
[2022.04.29-17.03.11:743][428]LogModuleManager: Shutting down and abandoning module AppleImageUtilsBlueprintSupport (450)
[2022.04.29-17.03.11:743][428]LogModuleManager: Shutting down and abandoning module AppleImageUtils (448)
[2022.04.29-17.03.11:743][428]LogModuleManager: Shutting down and abandoning module AndroidPermission (446)
[2022.04.29-17.03.11:743][428]LogModuleManager: Shutting down and abandoning module ActorLayerUtilities (444)
[2022.04.29-17.03.11:743][428]LogModuleManager: Shutting down and abandoning module TemplateSequence (442)
[2022.04.29-17.03.11:743][428]LogModuleManager: Shutting down and abandoning module MediaCompositing (440)
[2022.04.29-17.03.11:743][428]LogModuleManager: Shutting down and abandoning module ImgMedia (438)
[2022.04.29-17.03.11:743][428]LogModuleManager: Shutting down and abandoning module MagicLeapSharedWorld (436)
[2022.04.29-17.03.11:743][428]LogModuleManager: Shutting down and abandoning module MagicLeapLightEstimation (434)
[2022.04.29-17.03.11:743][428]LogModuleManager: Shutting down and abandoning module MagicLeapHelperVulkan (432)
[2022.04.29-17.03.11:743][428]LogModuleManager: Shutting down and abandoning module MagicLeapHelperOpenGL (430)
[2022.04.29-17.03.11:743][428]LogModuleManager: Shutting down and abandoning module MagicLeapAudio (428)
[2022.04.29-17.03.11:743][428]LogModuleManager: Shutting down and abandoning module OpenImageDenoise (426)
[2022.04.29-17.03.11:743][428]LogOpenImageDenoise: OIDN shutting down
[2022.04.29-17.03.11:743][428]LogModuleManager: Shutting down and abandoning module MotoSynth (424)
[2022.04.29-17.03.11:743][428]LogModuleManager: Shutting down and abandoning module MeshConversion (422)
[2022.04.29-17.03.11:743][428]LogModuleManager: Shutting down and abandoning module DynamicMesh (420)
[2022.04.29-17.03.11:743][428]LogModuleManager: Shutting down and abandoning module GeometryAlgorithms (418)
[2022.04.29-17.03.11:743][428]LogModuleManager: Shutting down and abandoning module GeometricObjects (416)
[2022.04.29-17.03.11:744][428]LogModuleManager: Shutting down and abandoning module GeometryCollectionTracks (414)
[2022.04.29-17.03.11:744][428]LogModuleManager: Shutting down and abandoning module GeometryCollectionSequencer (413)
[2022.04.29-17.03.11:744][428]LogModuleManager: Shutting down and abandoning module GeometryCacheTracks (410)
[2022.04.29-17.03.11:744][428]LogModuleManager: Shutting down and abandoning module GeometryCacheSequencer (409)
[2022.04.29-17.03.11:744][428]LogModuleManager: Shutting down and abandoning module GeometryCache (406)
[2022.04.29-17.03.11:744][428]LogModuleManager: Shutting down and abandoning module GeometryCacheEd (405)
[2022.04.29-17.03.11:744][428]LogModuleManager: Shutting down and abandoning module ChaosNiagara (402)
[2022.04.29-17.03.11:744][428]LogModuleManager: Shutting down and abandoning module FieldSystemEngine (401)
[2022.04.29-17.03.11:744][428]LogModuleManager: Shutting down and abandoning module BackChannel (398)
[2022.04.29-17.03.11:744][428]LogModuleManager: Shutting down and abandoning module AutomationUtils (396)
[2022.04.29-17.03.11:744][428]LogModuleManager: Shutting down and abandoning module VisualStudioSourceCodeAccess (394)
[2022.04.29-17.03.11:744][428]LogModuleManager: Shutting down and abandoning module HotReload (393)
[2022.04.29-17.03.11:744][428]LogModuleManager: Shutting down and abandoning module VisualStudioCodeSourceCodeAccess (390)
[2022.04.29-17.03.11:744][428]LogModuleManager: Shutting down and abandoning module UObjectPlugin (388)
[2022.04.29-17.03.11:744][428]LogModuleManager: Shutting down and abandoning module SubversionSourceControl (386)
[2022.04.29-17.03.11:744][428]LogModuleManager: Shutting down and abandoning module PerforceSourceControl (384)
[2022.04.29-17.03.11:744][428]LogModuleManager: Shutting down and abandoning module SourceControl (383)
[2022.04.29-17.03.11:744][428]LogModuleManager: Shutting down and abandoning module CLionSourceCodeAccess (380)
[2022.04.29-17.03.11:744][428]LogModuleManager: Shutting down and abandoning module OodleNetworkHandlerComponent (378)
[2022.04.29-17.03.11:744][428]LogModuleManager: Shutting down and abandoning module LiveLinkSequencer (376)
[2022.04.29-17.03.11:744][428]LogModuleManager: Shutting down and abandoning module LiveLinkMovieScene (374)
[2022.04.29-17.03.11:744][428]LogModuleManager: Shutting down and abandoning module LiveLinkGraphNode (372)
[2022.04.29-17.03.11:744][428]LogModuleManager: Shutting down and abandoning module LiveLinkComponents (370)
[2022.04.29-17.03.11:744][428]LogModuleManager: Shutting down and abandoning module LiveLink (368)
[2022.04.29-17.03.12:478][428]LogModuleManager: Shutting down and abandoning module SoundFields (366)
[2022.04.29-17.03.12:478][428]LogModuleManager: Shutting down and abandoning module RuntimePhysXCooking (364)
[2022.04.29-17.03.12:478][428]LogModuleManager: Shutting down and abandoning module SignificanceManager (362)
[2022.04.29-17.03.12:478][428]LogModuleManager: Shutting down and abandoning module PropertyAccessEditor (360)
[2022.04.29-17.03.12:478][428]LogModuleManager: Shutting down and abandoning module PhysXVehiclesEditor (358)
[2022.04.29-17.03.12:478][428]LogModuleManager: Shutting down and abandoning module LocationServicesBPLibrary (354)
[2022.04.29-17.03.12:478][428]LogModuleManager: Shutting down and abandoning module AudioSynesthesia (352)
[2022.04.29-17.03.12:478][428]LogModuleManager: Shutting down and abandoning module AudioSynesthesiaCore (350)
[2022.04.29-17.03.12:478][428]LogModuleManager: Shutting down and abandoning module ActorSequence (348)
[2022.04.29-17.03.12:478][428]LogModuleManager: Shutting down and abandoning module UdpMessaging (346)
[2022.04.29-17.03.12:580][428]LogModuleManager: Shutting down and abandoning module TcpMessaging (344)
[2022.04.29-17.03.12:681][428]LogModuleManager: Shutting down and abandoning module ImgMediaEngine (342)
[2022.04.29-17.03.12:681][428]LogModuleManager: Shutting down and abandoning module MagicLeapARPin (340)
[2022.04.29-17.03.12:681][428]LogModuleManager: Shutting down and abandoning module MagicLeapHandMeshing (338)
[2022.04.29-17.03.12:681][428]LogModuleManager: Shutting down and abandoning module MagicLeapSecureStorage (336)
[2022.04.29-17.03.12:681][428]LogModuleManager: Shutting down and abandoning module MagicLeapPrivileges (334)
[2022.04.29-17.03.12:681][428]LogModuleManager: Shutting down and abandoning module MagicLeapPlanes (332)
[2022.04.29-17.03.12:681][428]LogMagicLeapPlanes: Planes tracker already destroyed.
[2022.04.29-17.03.12:681][428]LogModuleManager: Shutting down and abandoning module MagicLeapImageTracker (330)
[2022.04.29-17.03.12:681][428]LogModuleManager: Shutting down and abandoning module MagicLeapIdentity (328)
[2022.04.29-17.03.12:681][428]LogModuleManager: Shutting down and abandoning module MagicLeapHandTracking (326)
[2022.04.29-17.03.12:681][428]LogModuleManager: Shutting down and abandoning module MagicLeapEyeTracker (324)
[2022.04.29-17.03.12:681][428]LogModuleManager: Shutting down and abandoning module MagicLeapController (322)
[2022.04.29-17.03.12:681][428]LogModuleManager: Shutting down and abandoning module MagicLeapARPinImpl (320)
[2022.04.29-17.03.12:681][428]LogModuleManager: Shutting down and abandoning module MagicLeapAR (318)
[2022.04.29-17.03.12:681][428]LogModuleManager: Shutting down and abandoning module PythonScriptPlugin (316)
[2022.04.29-17.03.12:681][428]LogModuleManager: Shutting down and abandoning module NiagaraAnimNotifies (314)
[2022.04.29-17.03.12:681][428]LogModuleManager: Shutting down and abandoning module Niagara (312)
[2022.04.29-17.03.12:681][428]LogModuleManager: Shutting down and abandoning module SignalProcessing (311)
[2022.04.29-17.03.12:681][428]LogModuleManager: Shutting down and abandoning module NiagaraEditor (309)
[2022.04.29-17.03.12:681][428]LogModuleManager: Shutting down and abandoning module ContentBrowser (308)
[2022.04.29-17.03.12:681][428]LogModuleManager: Shutting down and abandoning module CollectionManager (307)
[2022.04.29-17.03.12:681][428]LogModuleManager: Shutting down and abandoning module DirectoryWatcher (306)
[2022.04.29-17.03.12:681][428]LogModuleManager: Shutting down and abandoning module ContentBrowserData (303)
[2022.04.29-17.03.12:681][428]LogModuleManager: Shutting down and abandoning module NiagaraCore (298)
[2022.04.29-17.03.12:681][428]LogModuleManager: Shutting down and abandoning module PropertyAccessNode (296)
[2022.04.29-17.03.12:681][428]LogModuleManager: Shutting down and abandoning module AnimationSharing (294)
[2022.04.29-17.03.12:681][428]LogModuleManager: Shutting down and abandoning module GameplayTagsEditor (292)
[2022.04.29-17.03.12:681][428]LogModuleManager: Shutting down and abandoning module FacialAnimation (290)
[2022.04.29-17.03.12:681][428]LogModuleManager: Shutting down and abandoning module AssetManagerEditor (288)
[2022.04.29-17.03.12:681][428]LogModuleManager: Shutting down and abandoning module TreeMap (287)
[2022.04.29-17.03.12:681][428]LogModuleManager: Shutting down and abandoning module GameplayCameras (284)
[2022.04.29-17.03.12:681][428]LogModuleManager: Shutting down and abandoning module EnvironmentQueryEditor (282)
[2022.04.29-17.03.12:681][428]LogModuleManager: Shutting down and abandoning module LightPropagationVolumeRuntime (280)
[2022.04.29-17.03.12:681][428]LogModuleManager: Shutting down and abandoning module Paper2D (278)
[2022.04.29-17.03.12:681][428]LogModuleManager: Shutting down and abandoning module WindowsMoviePlayer (276)
[2022.04.29-17.03.12:682][428]LogModuleManager: Shutting down and abandoning module WebMMoviePlayer (274)
[2022.04.29-17.03.12:682][428]LogModuleManager: Shutting down and abandoning module AsyncLoadingScreen (272)
[2022.04.29-17.03.12:682][428]LogModuleManager: Shutting down and abandoning module NetworkReplayStreaming (270)
[2022.04.29-17.03.12:682][428]LogModuleManager: Shutting down and abandoning module PacketHandler (268)
[2022.04.29-17.03.12:682][428]LogModuleManager: Shutting down and abandoning module ClothingSystemEditor (266)
[2022.04.29-17.03.12:682][428]LogModuleManager: Shutting down and abandoning module ClothingSystemRuntimeNv (264)
[2022.04.29-17.03.12:682][428]LogModuleManager: Shutting down and abandoning module MediaAssets (262)
[2022.04.29-17.03.12:682][428]LogModuleManager: Shutting down and abandoning module Overlay (260)
[2022.04.29-17.03.12:682][428]LogModuleManager: Shutting down and abandoning module OverlayEditor (259)
[2022.04.29-17.03.12:682][428]LogModuleManager: Shutting down and abandoning module VREditor (256)
[2022.04.29-17.03.12:682][428]LogModuleManager: Shutting down and abandoning module StringTableEditor (254)
[2022.04.29-17.03.12:682][428]LogModuleManager: Shutting down and abandoning module GameplayTasksEditor (252)
[2022.04.29-17.03.12:682][428]LogModuleManager: Shutting down and abandoning module BehaviorTreeEditor (250)
[2022.04.29-17.03.12:682][428]LogModuleManager: Shutting down and abandoning module FunctionalTesting (248)
[2022.04.29-17.03.12:682][428]LogModuleManager: Shutting down and abandoning module CollisionAnalyzer (246)
[2022.04.29-17.03.12:682][428]LogModuleManager: Shutting down and abandoning module WorkspaceMenuStructure (245)
[2022.04.29-17.03.12:682][428]LogModuleManager: Shutting down and abandoning module UMG (242)
[2022.04.29-17.03.12:682][428]LogModuleManager: Shutting down and abandoning module UMGEditor (241)
[2022.04.29-17.03.12:682][428]LogModuleManager: Shutting down and abandoning module Sequencer (240)
[2022.04.29-17.03.12:682][428]LogModuleManager: Shutting down and abandoning module MessageLog (237)
[2022.04.29-17.03.12:682][428]LogModuleManager: Shutting down and abandoning module SlateReflector (232)
[2022.04.29-17.03.12:682][428]LogModuleManager: Shutting down and abandoning module Slate (230)
[2022.04.29-17.03.12:682][428]LogModuleManager: Shutting down and abandoning module SlateCore (228)
[2022.04.29-17.03.12:683][428]LogModuleManager: Shutting down and abandoning module LandscapeEditorUtilities (226)
[2022.04.29-17.03.12:683][428]LogModuleManager: Shutting down and abandoning module UnrealEd (224)
[2022.04.29-17.03.12:683][428]LogModuleManager: Shutting down and abandoning module MRMesh (222)
[2022.04.29-17.03.12:683][428]LogModuleManager: Shutting down and abandoning module Messaging (220)
[2022.04.29-17.03.12:683][428]LogModuleManager: Shutting down and abandoning module SourceCodeAccess (218)
[2022.04.29-17.03.12:683][428]LogModuleManager: Shutting down and abandoning module HeadMountedDisplay (216)
[2022.04.29-17.03.12:683][428]LogModuleManager: Shutting down and abandoning module XAudio2 (214)
[2022.04.29-17.03.12:683][428]LogModuleManager: Shutting down and abandoning module Networking (212)
[2022.04.29-17.03.12:683][428]LogModuleManager: Shutting down and abandoning module Core (210)
[2022.04.29-17.03.12:683][428]LogModuleManager: Shutting down and abandoning module MaterialEditor (208)
[2022.04.29-17.03.12:683][428]LogModuleManager: Shutting down and abandoning module MovieSceneTools (206)
[2022.04.29-17.03.12:683][428]LogModuleManager: Shutting down and abandoning module EditorStyle (205)
[2022.04.29-17.03.12:684][428]LogModuleManager: Shutting down and abandoning module KismetCompiler (202)
[2022.04.29-17.03.12:684][428]LogModuleManager: Shutting down and abandoning module MeshBuilder (200)
[2022.04.29-17.03.12:684][428]LogModuleManager: Shutting down and abandoning module MeshUtilities (198)
[2022.04.29-17.03.12:684][428]LogModuleManager: Shutting down and abandoning module MeshMergeUtilities (197)
[2022.04.29-17.03.12:684][428]LogModuleManager: Shutting down and abandoning module MeshReductionInterface (196)
[2022.04.29-17.03.12:684][428]LogModuleManager: Shutting down and abandoning module MeshBoneReduction (195)
[2022.04.29-17.03.12:684][428]LogModuleManager: Shutting down and abandoning module SkeletalMeshReduction (193)
[2022.04.29-17.03.12:684][428]LogModuleManager: Shutting down and abandoning module ProxyLODMeshReduction (191)
[2022.04.29-17.03.12:684][428]LogModuleManager: Shutting down and abandoning module QuadricMeshReduction (189)
[2022.04.29-17.03.12:684][428]LogModuleManager: Shutting down and abandoning module MaterialBaking (185)
[2022.04.29-17.03.12:684][428]LogModuleManager: Shutting down and abandoning module NullInstallBundleManager (180)
[2022.04.29-17.03.12:684][428]LogModuleManager: Shutting down and abandoning module PIEPreviewDeviceProfileSelector (178)
[2022.04.29-17.03.12:684][428]LogModuleManager: Shutting down and abandoning module DerivedDataCache (176)
[2022.04.29-17.03.12:684][428]LogModuleManager: Shutting down and abandoning module TargetPlatform (174)
[2022.04.29-17.03.12:684][428]LogModuleManager: Shutting down and abandoning module VulkanShaderFormat (173)
[2022.04.29-17.03.12:684][428]LogModuleManager: Shutting down and abandoning module ShaderFormatVectorVM (171)
[2022.04.29-17.03.12:684][428]LogModuleManager: Shutting down and abandoning module ShaderFormatOpenGL (169)
[2022.04.29-17.03.12:684][428]LogModuleManager: Shutting down and abandoning module ShaderFormatD3D (167)
[2022.04.29-17.03.12:684][428]LogModuleManager: Shutting down and abandoning module MetalShaderFormat (165)
[2022.04.29-17.03.12:684][428]LogModuleManager: Shutting down and abandoning module TextureFormatOodle (163)
[2022.04.29-17.03.12:684][428]LogModuleManager: Shutting down and abandoning module TextureFormatUncompressed (161)
[2022.04.29-17.03.12:684][428]LogModuleManager: Shutting down and abandoning module TextureFormatPVR (159)
[2022.04.29-17.03.12:684][428]LogModuleManager: Shutting down and abandoning module TextureFormatETC2 (157)
[2022.04.29-17.03.12:684][428]LogModuleManager: Shutting down and abandoning module TextureFormatDXT (155)
[2022.04.29-17.03.12:684][428]LogModuleManager: Shutting down and abandoning module TextureFormatIntelISPCTexComp (153)
[2022.04.29-17.03.12:684][428]LogModuleManager: Shutting down and abandoning module TextureFormatASTC (151)
[2022.04.29-17.03.12:684][428]LogModuleManager: Shutting down and abandoning module ImageWrapper (150)
[2022.04.29-17.03.12:684][428]LogModuleManager: Shutting down and abandoning module AudioFormatOpus (147)
[2022.04.29-17.03.12:684][428]LogModuleManager: Shutting down and abandoning module AudioFormatOgg (145)
[2022.04.29-17.03.12:684][428]LogModuleManager: Shutting down and abandoning module AudioFormatADPCM (143)
[2022.04.29-17.03.12:684][428]LogModuleManager: Shutting down and abandoning module WindowsServerTargetPlatform (141)
[2022.04.29-17.03.12:684][428]LogModuleManager: Shutting down and abandoning module WindowsClientTargetPlatform (139)
[2022.04.29-17.03.12:684][428]LogModuleManager: Shutting down and abandoning module WindowsTargetPlatform (137)
[2022.04.29-17.03.12:684][428]LogModuleManager: Shutting down and abandoning module WindowsNoEditorTargetPlatform (135)
[2022.04.29-17.03.12:684][428]LogModuleManager: Shutting down and abandoning module D3D11RHI (132)
[2022.04.29-17.03.12:684][428]LogModuleManager: Shutting down and abandoning module InputCore (130)
[2022.04.29-17.03.12:684][428]LogModuleManager: Shutting down and abandoning module Settings (128)
[2022.04.29-17.03.12:684][428]LogModuleManager: Shutting down and abandoning module PhysXCooking (126)
[2022.04.29-17.03.12:684][428]LogModuleManager: Shutting down and abandoning module Chaos (124)
[2022.04.29-17.03.12:684][428]LogModuleManager: Shutting down and abandoning module WindowsPlatformFeatures (122)
[2022.04.29-17.03.12:684][428]LogModuleManager: Shutting down and abandoning module GameplayMediaEncoder (121)
[2022.04.29-17.03.12:684][428]LogModuleManager: Shutting down and abandoning module AVEncoder (120)
[2022.04.29-17.03.12:684][428]LogModuleManager: Shutting down and abandoning module SteamVRInputDevice (116)
[2022.04.29-17.03.12:684][428]LogModuleManager: Shutting down and abandoning module SteamVRInput (114)
[2022.04.29-17.03.12:685][428]LogModuleManager: Shutting down and abandoning module SteamVR (112)
[2022.04.29-17.03.12:685][428]LogHMD: Freeing OpenVRDLLHandle.
[2022.04.29-17.03.12:685][428]LogModuleManager: Shutting down and abandoning module OculusHMD (110)
[2022.04.29-17.03.12:685][428]LogModuleManager: Shutting down and abandoning module OpenXRHandTracking (108)
[2022.04.29-17.03.12:685][428]LogSlate: Slate User Destroyed.  User Index 0, Is Virtual User: 0
[2022.04.29-17.03.12:685][428]LogModuleManager: Shutting down and abandoning module OpenXRAR (106)
[2022.04.29-17.03.12:685][428]LogModuleManager: Shutting down and abandoning module AugmentedReality (105)
[2022.04.29-17.03.12:685][428]LogModuleManager: Shutting down and abandoning module OpenXRHMD (102)
[2022.04.29-17.03.12:685][428]LogModuleManager: Shutting down and abandoning module OpenXREyeTracker (100)
[2022.04.29-17.03.12:685][428]LogModuleManager: Shutting down and abandoning module ExampleDeviceProfileSelector (98)
[2022.04.29-17.03.12:685][428]LogModuleManager: Shutting down and abandoning module ChunkDownloader (96)
[2022.04.29-17.03.12:685][428]LogModuleManager: Shutting down and abandoning module LauncherChunkInstaller (94)
[2022.04.29-17.03.12:685][428]LogModuleManager: Shutting down and abandoning module OnlineBlueprintSupport (92)
[2022.04.29-17.03.12:685][428]LogModuleManager: Shutting down and abandoning module OnlineSubsystem (88)
[2022.04.29-17.03.12:685][428]LogModuleManager: Shutting down and abandoning module XMPP (83)
[2022.04.29-17.03.12:685][428]LogModuleManager: Shutting down and abandoning module WebSockets (82)
[2022.04.29-17.03.12:702][428]LogModuleManager: Shutting down and abandoning module HTTP (79)
[2022.04.29-17.03.12:702][428]LogHttp: Display: cleaning up 0 outstanding Http requests.
[2022.04.29-17.03.12:717][428]LogModuleManager: Shutting down and abandoning module SSL (78)
[2022.04.29-17.03.12:718][428]LogModuleManager: Shutting down and abandoning module WmfMedia (74)
[2022.04.29-17.03.12:719][428]LogModuleManager: Shutting down and abandoning module Media (73)
[2022.04.29-17.03.12:719][428]LogModuleManager: Shutting down and abandoning module MediaInfo (72)
[2022.04.29-17.03.12:720][428]LogModuleManager: Shutting down and abandoning module ExrReaderGpu (68)
[2022.04.29-17.03.12:720][428]LogModuleManager: Shutting down and abandoning module MLSDK (66)
[2022.04.29-17.03.12:720][428]LogModuleManager: Shutting down and abandoning module MagicLeap (64)
[2022.04.29-17.03.12:720][428]LogModuleManager: Shutting down and abandoning module NiagaraVertexFactories (62)
[2022.04.29-17.03.12:720][428]LogModuleManager: Shutting down and abandoning module NiagaraShader (60)
[2022.04.29-17.03.12:720][428]LogModuleManager: Shutting down and abandoning module ChaosCloth (58)
[2022.04.29-17.03.12:720][428]LogModuleManager: Shutting down and abandoning module VariantManagerContent (56)
[2022.04.29-17.03.12:720][428]LogModuleManager: Shutting down and abandoning module DatasmithContent (54)
[2022.04.29-17.03.12:720][428]LogModuleManager: Shutting down and abandoning module PixWinPlugin (52)
[2022.04.29-17.03.12:720][428]LogModuleManager: Shutting down and abandoning module AISupportModule (50)
[2022.04.29-17.03.12:720][428]LogModuleManager: Shutting down and abandoning module DesktopPlatform (48)
[2022.04.29-17.03.12:720][428]LogModuleManager: Shutting down and abandoning module PythonScriptPluginPreload (46)
[2022.04.29-17.03.12:720][428]LogModuleManager: Shutting down and abandoning module PlatformCryptoOpenSSL (44)
[2022.04.29-17.03.12:720][428]LogModuleManager: Shutting down and abandoning module PlatformCryptoTypes (42)
[2022.04.29-17.03.12:720][428]LogModuleManager: Shutting down and abandoning module PlatformCrypto (40)
[2022.04.29-17.03.12:720][428]LogModuleManager: Shutting down and abandoning module OodleDataCompressionFormat (38)
[2022.04.29-17.03.12:720][428]LogModuleManager: Shutting down and abandoning module XGEController (36)
[2022.04.29-17.03.12:720][428]LogModuleManager: Shutting down and abandoning module AnimationModifiers (34)
[2022.04.29-17.03.12:720][428]LogModuleManager: Shutting down and abandoning module AudioEditor (32)
[2022.04.29-17.03.12:720][428]LogModuleManager: Shutting down and abandoning module PropertyEditor (31)
[2022.04.29-17.03.12:720][428]LogModuleManager: Shutting down and abandoning module TextureCompressor (28)
[2022.04.29-17.03.12:720][428]LogModuleManager: Shutting down and abandoning module RenderCore (26)
[2022.04.29-17.03.12:720][428]LogModuleManager: Shutting down and abandoning module Landscape (24)
[2022.04.29-17.03.12:720][428]LogModuleManager: Shutting down and abandoning module SlateRHIRenderer (22)
[2022.04.29-17.03.12:720][428]LogModuleManager: Shutting down and abandoning module AnimGraphRuntime (20)
[2022.04.29-17.03.12:720][428]LogModuleManager: Shutting down and abandoning module Renderer (18)
[2022.04.29-17.03.12:721][428]LogModuleManager: Shutting down and abandoning module Engine (16)
[2022.04.29-17.03.12:721][428]LogModuleManager: Shutting down and abandoning module CoreUObject (14)
[2022.04.29-17.03.12:721][428]LogModuleManager: Shutting down and abandoning module NetworkFile (12)
[2022.04.29-17.03.12:721][428]LogModuleManager: Shutting down and abandoning module CookedIterativeFile (10)
[2022.04.29-17.03.12:721][428]LogModuleManager: Shutting down and abandoning module StreamingFile (8)
[2022.04.29-17.03.12:721][428]LogModuleManager: Shutting down and abandoning module SandboxFile (6)
[2022.04.29-17.03.12:721][428]LogModuleManager: Shutting down and abandoning module PakFile (4)
[2022.04.29-17.03.12:721][428]LogModuleManager: Shutting down and abandoning module RSA (3)
[2022.04.29-17.03.12:831][428]LogContentStreaming: Display: There are 1 unreleased StreamingManagers
[2022.04.29-17.03.12:837][428]LogD3D11RHI: Shutdown
[2022.04.29-17.03.12:837][428]LogD3D11RHI: CleanupD3DDevice
[2022.04.29-17.03.12:839][428]LogExit: Exiting.
[2022.04.29-17.03.12:843][428]Log file closed, 04/29/22 19:03:12
